[2025-04-19T15:35:16.809+0000] {local_task_job_runner.py:123} INFO - ::group::Pre task execution logs
[2025-04-19T15:35:16.896+0000] {taskinstance.py:2614} INFO - Dependencies all met for dep_context=non-requeueable deps ti=<TaskInstance: dbt_etl_pipeline_staging.dbt_staging scheduled__2025-04-18T15:35:15.518726+00:00 [queued]>
[2025-04-19T15:35:16.912+0000] {taskinstance.py:2614} INFO - Dependencies all met for dep_context=requeueable deps ti=<TaskInstance: dbt_etl_pipeline_staging.dbt_staging scheduled__2025-04-18T15:35:15.518726+00:00 [queued]>
[2025-04-19T15:35:16.915+0000] {taskinstance.py:2867} INFO - Starting attempt 1 of 1
[2025-04-19T15:35:16.935+0000] {taskinstance.py:2890} INFO - Executing <Task(BashOperator): dbt_staging> on 2025-04-18 15:35:15.518726+00:00
[2025-04-19T15:35:16.943+0000] {logging_mixin.py:190} WARNING - /home/airflow/.local/lib/python3.12/site-packages/airflow/task/task_runner/standard_task_runner.py:70 DeprecationWarning: This process (pid=3444) is multi-threaded, use of fork() may lead to deadlocks in the child.
[2025-04-19T15:35:16.944+0000] {standard_task_runner.py:72} INFO - Started process 3445 to run task
[2025-04-19T15:35:16.943+0000] {standard_task_runner.py:104} INFO - Running: ['airflow', 'tasks', 'run', 'dbt_etl_pipeline_staging', 'dbt_staging', 'scheduled__2025-04-18T15:35:15.518726+00:00', '--job-id', '222', '--raw', '--subdir', 'DAGS_FOLDER/dbt_staging.py', '--cfg-path', '/tmp/tmpez3iehtp']
[2025-04-19T15:35:16.945+0000] {standard_task_runner.py:105} INFO - Job 222: Subtask dbt_staging
[2025-04-19T15:35:17.116+0000] {task_command.py:467} INFO - Running <TaskInstance: dbt_etl_pipeline_staging.dbt_staging scheduled__2025-04-18T15:35:15.518726+00:00 [running]> on host 27536697ee14
[2025-04-19T15:35:17.348+0000] {taskinstance.py:3134} INFO - Exporting env vars: AIRFLOW_CTX_DAG_OWNER='azizjon' AIRFLOW_CTX_DAG_ID='dbt_etl_pipeline_staging' AIRFLOW_CTX_TASK_ID='dbt_staging' AIRFLOW_CTX_EXECUTION_DATE='2025-04-18T15:35:15.518726+00:00' AIRFLOW_CTX_TRY_NUMBER='1' AIRFLOW_CTX_DAG_RUN_ID='scheduled__2025-04-18T15:35:15.518726+00:00'
[2025-04-19T15:35:17.349+0000] {taskinstance.py:732} INFO - ::endgroup::
[2025-04-19T15:35:17.361+0000] {subprocess.py:78} INFO - Tmp dir root location: /tmp
[2025-04-19T15:35:17.363+0000] {subprocess.py:88} INFO - Running command: ['/usr/bin/bash', '-c', '\n        export PATH=/home/airflow/.local/bin:$PATH\n        cd /opt/airflow/commerce_dbt\n        dbt run --select staging --profiles-dir .\n        ']
[2025-04-19T15:35:17.371+0000] {subprocess.py:99} INFO - Output:
[2025-04-19T15:35:19.566+0000] {subprocess.py:106} INFO - [0m15:35:19  Running with dbt=1.7.0
[2025-04-19T15:35:19.844+0000] {subprocess.py:106} INFO - [0m15:35:19  Registered adapter: postgres=1.7.0
[2025-04-19T15:35:20.299+0000] {subprocess.py:106} INFO - [0m15:35:20  [[33mWARNING[0m]: Configuration paths exist in your dbt_project.yml file which do not apply to any resources.
[2025-04-19T15:35:20.300+0000] {subprocess.py:106} INFO - There are 1 unused configuration paths:
[2025-04-19T15:35:20.300+0000] {subprocess.py:106} INFO - - seeds.initial_dataset
[2025-04-19T15:35:20.350+0000] {subprocess.py:106} INFO - [0m15:35:20  Found 13 models, 1 snapshot, 6 seeds, 43 tests, 6 sources, 0 exposures, 0 metrics, 401 macros, 0 groups, 0 semantic models
[2025-04-19T15:35:20.354+0000] {subprocess.py:106} INFO - [0m15:35:20
[2025-04-19T15:35:20.664+0000] {subprocess.py:106} INFO - [0m15:35:20  Concurrency: 4 threads (target='dev')
[2025-04-19T15:35:20.665+0000] {subprocess.py:106} INFO - [0m15:35:20
[2025-04-19T15:35:20.675+0000] {subprocess.py:106} INFO - [0m15:35:20  1 of 6 START sql table model commerce_staging.stg_customers .................... [RUN]
[2025-04-19T15:35:20.676+0000] {subprocess.py:106} INFO - [0m15:35:20  2 of 6 START sql table model commerce_staging.stg_order_items .................. [RUN]
[2025-04-19T15:35:20.677+0000] {subprocess.py:106} INFO - [0m15:35:20  3 of 6 START sql table model commerce_staging.stg_orders ....................... [RUN]
[2025-04-19T15:35:20.677+0000] {subprocess.py:106} INFO - [0m15:35:20  4 of 6 START sql table model commerce_staging.stg_product_categories ........... [RUN]
[2025-04-19T15:35:20.991+0000] {subprocess.py:106} INFO - [0m15:35:20  1 of 6 OK created sql table model commerce_staging.stg_customers ............... [[32mSELECT 1000[0m in 0.31s]
[2025-04-19T15:35:20.993+0000] {subprocess.py:106} INFO - [0m15:35:20  2 of 6 OK created sql table model commerce_staging.stg_order_items ............. [[32mSELECT 10001[0m in 0.31s]
[2025-04-19T15:35:20.998+0000] {subprocess.py:106} INFO - [0m15:35:20  3 of 6 OK created sql table model commerce_staging.stg_orders .................. [[32mSELECT 7001[0m in 0.31s]
[2025-04-19T15:35:21.009+0000] {subprocess.py:106} INFO - [0m15:35:21  5 of 6 START sql table model commerce_staging.stg_products ..................... [RUN]
[2025-04-19T15:35:21.010+0000] {subprocess.py:106} INFO - [0m15:35:21  6 of 6 START sql table model commerce_staging.stg_stores ....................... [RUN]
[2025-04-19T15:35:21.054+0000] {subprocess.py:106} INFO - [0m15:35:21  4 of 6 OK created sql table model commerce_staging.stg_product_categories ...... [[32mSELECT 4[0m in 0.37s]
[2025-04-19T15:35:21.178+0000] {subprocess.py:106} INFO - [0m15:35:21  6 of 6 OK created sql table model commerce_staging.stg_stores .................. [[32mSELECT 5[0m in 0.16s]
[2025-04-19T15:35:21.180+0000] {subprocess.py:106} INFO - [0m15:35:21  5 of 6 OK created sql table model commerce_staging.stg_products ................ [[32mSELECT 17[0m in 0.17s]
[2025-04-19T15:35:21.245+0000] {subprocess.py:106} INFO - [0m15:35:21
[2025-04-19T15:35:21.246+0000] {subprocess.py:106} INFO - [0m15:35:21  Finished running 6 table models in 0 hours 0 minutes and 0.89 seconds (0.89s).
[2025-04-19T15:35:21.277+0000] {subprocess.py:106} INFO - [0m15:35:21
[2025-04-19T15:35:21.277+0000] {subprocess.py:106} INFO - [0m15:35:21  [32mCompleted successfully[0m
[2025-04-19T15:35:21.278+0000] {subprocess.py:106} INFO - [0m15:35:21
[2025-04-19T15:35:21.279+0000] {subprocess.py:106} INFO - [0m15:35:21  Done. PASS=6 WARN=0 ERROR=0 SKIP=0 TOTAL=6
[2025-04-19T15:35:22.310+0000] {subprocess.py:110} INFO - Command exited with return code 0
[2025-04-19T15:35:22.423+0000] {taskinstance.py:341} INFO - ::group::Post task execution logs
[2025-04-19T15:35:22.424+0000] {taskinstance.py:353} INFO - Marking task as SUCCESS. dag_id=dbt_etl_pipeline_staging, task_id=dbt_staging, run_id=scheduled__2025-04-18T15:35:15.518726+00:00, execution_date=20250418T153515, start_date=20250419T153516, end_date=20250419T153522
[2025-04-19T15:35:22.562+0000] {local_task_job_runner.py:266} INFO - Task exited with return code 0
[2025-04-19T15:35:22.618+0000] {taskinstance.py:3901} INFO - 0 downstream tasks scheduled from follow-on schedule check
[2025-04-19T15:35:22.621+0000] {local_task_job_runner.py:245} INFO - ::endgroup::
