[2025-04-19T12:07:05.047+0000] {local_task_job_runner.py:123} INFO - ::group::Pre task execution logs
[2025-04-19T12:07:05.138+0000] {taskinstance.py:2614} INFO - Dependencies all met for dep_context=non-requeueable deps ti=<TaskInstance: dbt_etl_pipeline_seed.dbt_seed manual__2025-04-19T12:07:03.787181+00:00 [queued]>
[2025-04-19T12:07:05.156+0000] {taskinstance.py:2614} INFO - Dependencies all met for dep_context=requeueable deps ti=<TaskInstance: dbt_etl_pipeline_seed.dbt_seed manual__2025-04-19T12:07:03.787181+00:00 [queued]>
[2025-04-19T12:07:05.157+0000] {taskinstance.py:2867} INFO - Starting attempt 1 of 1
[2025-04-19T12:07:05.178+0000] {taskinstance.py:2890} INFO - Executing <Task(BashOperator): dbt_seed> on 2025-04-19 12:07:03.787181+00:00
[2025-04-19T12:07:05.186+0000] {standard_task_runner.py:104} INFO - Running: ['airflow', 'tasks', 'run', 'dbt_etl_pipeline_seed', 'dbt_seed', 'manual__2025-04-19T12:07:03.787181+00:00', '--job-id', '162', '--raw', '--subdir', 'DAGS_FOLDER/trigger_dbt.py', '--cfg-path', '/tmp/tmpvnuagfsw']
[2025-04-19T12:07:05.188+0000] {logging_mixin.py:190} WARNING - /home/airflow/.local/lib/python3.12/site-packages/airflow/task/task_runner/standard_task_runner.py:70 DeprecationWarning: This process (pid=927) is multi-threaded, use of fork() may lead to deadlocks in the child.
[2025-04-19T12:07:05.189+0000] {standard_task_runner.py:105} INFO - Job 162: Subtask dbt_seed
[2025-04-19T12:07:05.189+0000] {standard_task_runner.py:72} INFO - Started process 928 to run task
[2025-04-19T12:07:05.402+0000] {task_command.py:467} INFO - Running <TaskInstance: dbt_etl_pipeline_seed.dbt_seed manual__2025-04-19T12:07:03.787181+00:00 [running]> on host 8310323359f9
[2025-04-19T12:07:05.658+0000] {taskinstance.py:3134} INFO - Exporting env vars: AIRFLOW_CTX_DAG_OWNER='azizjon' AIRFLOW_CTX_DAG_ID='dbt_etl_pipeline_seed' AIRFLOW_CTX_TASK_ID='dbt_seed' AIRFLOW_CTX_EXECUTION_DATE='2025-04-19T12:07:03.787181+00:00' AIRFLOW_CTX_TRY_NUMBER='1' AIRFLOW_CTX_DAG_RUN_ID='manual__2025-04-19T12:07:03.787181+00:00'
[2025-04-19T12:07:05.659+0000] {taskinstance.py:732} INFO - ::endgroup::
[2025-04-19T12:07:05.675+0000] {subprocess.py:78} INFO - Tmp dir root location: /tmp
[2025-04-19T12:07:05.676+0000] {subprocess.py:88} INFO - Running command: ['/usr/bin/bash', '-c', '\n        export PATH=/home/airflow/.local/bin:$PATH\n        cd /opt/airflow/commerce_dbt\n        dbt seed --profiles-dir .\n        ']
[2025-04-19T12:07:05.686+0000] {subprocess.py:99} INFO - Output:
[2025-04-19T12:07:08.623+0000] {subprocess.py:106} INFO - [0m12:07:08  Running with dbt=1.7.0
[2025-04-19T12:07:09.262+0000] {subprocess.py:106} INFO - [0m12:07:09  Registered adapter: postgres=1.7.0
[2025-04-19T12:07:10.200+0000] {subprocess.py:106} INFO - [0m12:07:10  [[33mWARNING[0m]: Configuration paths exist in your dbt_project.yml file which do not apply to any resources.
[2025-04-19T12:07:10.201+0000] {subprocess.py:106} INFO - There are 1 unused configuration paths:
[2025-04-19T12:07:10.202+0000] {subprocess.py:106} INFO - - seeds.initial_dataset
[2025-04-19T12:07:10.281+0000] {subprocess.py:106} INFO - [0m12:07:10  Found 13 models, 1 snapshot, 6 seeds, 43 tests, 6 sources, 0 exposures, 0 metrics, 401 macros, 0 groups, 0 semantic models
[2025-04-19T12:07:10.290+0000] {subprocess.py:106} INFO - [0m12:07:10
[2025-04-19T12:07:10.683+0000] {subprocess.py:106} INFO - [0m12:07:10  Concurrency: 4 threads (target='dev')
[2025-04-19T12:07:10.684+0000] {subprocess.py:106} INFO - [0m12:07:10
[2025-04-19T12:07:10.697+0000] {subprocess.py:106} INFO - [0m12:07:10  1 of 6 START seed file commerce_raw.customers .................................. [RUN]
[2025-04-19T12:07:10.698+0000] {subprocess.py:106} INFO - [0m12:07:10  2 of 6 START seed file commerce_raw.order_items ................................ [RUN]
[2025-04-19T12:07:10.699+0000] {subprocess.py:106} INFO - [0m12:07:10  3 of 6 START seed file commerce_raw.orders ..................................... [RUN]
[2025-04-19T12:07:10.700+0000] {subprocess.py:106} INFO - [0m12:07:10  4 of 6 START seed file commerce_raw.product_categories ......................... [RUN]
[2025-04-19T12:07:11.969+0000] {subprocess.py:106} INFO - [0m12:07:11  4 of 6 OK loaded seed file commerce_raw.product_categories ..................... [[32mINSERT 4[0m in 1.22s]
[2025-04-19T12:07:12.041+0000] {subprocess.py:106} INFO - [0m12:07:12  5 of 6 START seed file commerce_raw.products ................................... [RUN]
[2025-04-19T12:07:12.816+0000] {subprocess.py:106} INFO - [0m12:07:12  5 of 6 OK loaded seed file commerce_raw.products ............................... [[32mINSERT 17[0m in 0.74s]
[2025-04-19T12:07:12.873+0000] {subprocess.py:106} INFO - [0m12:07:12  6 of 6 START seed file commerce_raw.stores ..................................... [RUN]
[2025-04-19T12:07:13.508+0000] {subprocess.py:106} INFO - [0m12:07:13  6 of 6 OK loaded seed file commerce_raw.stores ................................. [[32mINSERT 5[0m in 0.58s]
[2025-04-19T12:07:14.431+0000] {subprocess.py:106} INFO - [0m12:07:14  1 of 6 OK loaded seed file commerce_raw.customers .............................. [[32mINSERT 1000[0m in 3.72s]
[2025-04-19T12:07:24.927+0000] {subprocess.py:106} INFO - [0m12:07:24  3 of 6 OK loaded seed file commerce_raw.orders ................................. [[32mINSERT 7000[0m in 14.22s]
[2025-04-19T12:07:27.719+0000] {subprocess.py:106} INFO - [0m12:07:27  2 of 6 OK loaded seed file commerce_raw.order_items ............................ [[32mINSERT 10000[0m in 17.02s]
[2025-04-19T12:07:27.806+0000] {subprocess.py:106} INFO - [0m12:07:27
[2025-04-19T12:07:27.807+0000] {subprocess.py:106} INFO - [0m12:07:27  Finished running 6 seeds in 0 hours 0 minutes and 17.52 seconds (17.52s).
[2025-04-19T12:07:27.857+0000] {subprocess.py:106} INFO - [0m12:07:27
[2025-04-19T12:07:27.858+0000] {subprocess.py:106} INFO - [0m12:07:27  [32mCompleted successfully[0m
[2025-04-19T12:07:27.858+0000] {subprocess.py:106} INFO - [0m12:07:27
[2025-04-19T12:07:27.859+0000] {subprocess.py:106} INFO - [0m12:07:27  Done. PASS=6 WARN=0 ERROR=0 SKIP=0 TOTAL=6
[2025-04-19T12:07:29.342+0000] {subprocess.py:110} INFO - Command exited with return code 0
[2025-04-19T12:07:29.454+0000] {taskinstance.py:341} INFO - ::group::Post task execution logs
[2025-04-19T12:07:29.455+0000] {taskinstance.py:353} INFO - Marking task as SUCCESS. dag_id=dbt_etl_pipeline_seed, task_id=dbt_seed, run_id=manual__2025-04-19T12:07:03.787181+00:00, execution_date=20250419T120703, start_date=20250419T120705, end_date=20250419T120729
[2025-04-19T12:07:29.647+0000] {local_task_job_runner.py:266} INFO - Task exited with return code 0
[2025-04-19T12:07:29.860+0000] {taskinstance.py:3901} INFO - 0 downstream tasks scheduled from follow-on schedule check
[2025-04-19T12:07:29.868+0000] {local_task_job_runner.py:245} INFO - ::endgroup::
