[2025-04-19T15:16:26.507+0000] {local_task_job_runner.py:123} INFO - ::group::Pre task execution logs
[2025-04-19T15:16:26.579+0000] {taskinstance.py:2614} INFO - Dependencies all met for dep_context=non-requeueable deps ti=<TaskInstance: dbt_etl_pipeline_seed.dbt_seed scheduled__2025-04-19T15:16:21.857109+00:00 [queued]>
[2025-04-19T15:16:26.593+0000] {taskinstance.py:2614} INFO - Dependencies all met for dep_context=requeueable deps ti=<TaskInstance: dbt_etl_pipeline_seed.dbt_seed scheduled__2025-04-19T15:16:21.857109+00:00 [queued]>
[2025-04-19T15:16:26.595+0000] {taskinstance.py:2867} INFO - Starting attempt 1 of 1
[2025-04-19T15:16:26.613+0000] {taskinstance.py:2890} INFO - Executing <Task(BashOperator): dbt_seed> on 2025-04-19 15:16:21.857109+00:00
[2025-04-19T15:16:26.621+0000] {logging_mixin.py:190} WARNING - /home/airflow/.local/lib/python3.12/site-packages/airflow/task/task_runner/standard_task_runner.py:70 DeprecationWarning: This process (pid=1691) is multi-threaded, use of fork() may lead to deadlocks in the child.
[2025-04-19T15:16:26.622+0000] {standard_task_runner.py:72} INFO - Started process 1698 to run task
[2025-04-19T15:16:26.622+0000] {standard_task_runner.py:104} INFO - Running: ['airflow', 'tasks', 'run', 'dbt_etl_pipeline_seed', 'dbt_seed', 'scheduled__2025-04-19T15:16:21.857109+00:00', '--job-id', '204', '--raw', '--subdir', 'DAGS_FOLDER/dbt_seed.py', '--cfg-path', '/tmp/tmpujk_ba2k']
[2025-04-19T15:16:26.624+0000] {standard_task_runner.py:105} INFO - Job 204: Subtask dbt_seed
[2025-04-19T15:16:26.812+0000] {task_command.py:467} INFO - Running <TaskInstance: dbt_etl_pipeline_seed.dbt_seed scheduled__2025-04-19T15:16:21.857109+00:00 [running]> on host 27536697ee14
[2025-04-19T15:16:27.052+0000] {taskinstance.py:3134} INFO - Exporting env vars: AIRFLOW_CTX_DAG_OWNER='azizjon' AIRFLOW_CTX_DAG_ID='dbt_etl_pipeline_seed' AIRFLOW_CTX_TASK_ID='dbt_seed' AIRFLOW_CTX_EXECUTION_DATE='2025-04-19T15:16:21.857109+00:00' AIRFLOW_CTX_TRY_NUMBER='1' AIRFLOW_CTX_DAG_RUN_ID='scheduled__2025-04-19T15:16:21.857109+00:00'
[2025-04-19T15:16:27.054+0000] {taskinstance.py:732} INFO - ::endgroup::
[2025-04-19T15:16:27.067+0000] {subprocess.py:78} INFO - Tmp dir root location: /tmp
[2025-04-19T15:16:27.068+0000] {subprocess.py:88} INFO - Running command: ['/usr/bin/bash', '-c', '\n        export PATH=/home/airflow/.local/bin:$PATH\n        cd /opt/airflow/commerce_dbt\n        dbt seed --profiles-dir .\n        ']
[2025-04-19T15:16:27.076+0000] {subprocess.py:99} INFO - Output:
[2025-04-19T15:16:29.408+0000] {subprocess.py:106} INFO - [0m15:16:29  Running with dbt=1.7.0
[2025-04-19T15:16:29.680+0000] {subprocess.py:106} INFO - [0m15:16:29  Registered adapter: postgres=1.7.0
[2025-04-19T15:16:30.107+0000] {subprocess.py:106} INFO - [0m15:16:30  [[33mWARNING[0m]: Configuration paths exist in your dbt_project.yml file which do not apply to any resources.
[2025-04-19T15:16:30.107+0000] {subprocess.py:106} INFO - There are 1 unused configuration paths:
[2025-04-19T15:16:30.108+0000] {subprocess.py:106} INFO - - seeds.initial_dataset
[2025-04-19T15:16:30.153+0000] {subprocess.py:106} INFO - [0m15:16:30  Found 13 models, 1 snapshot, 6 seeds, 43 tests, 6 sources, 0 exposures, 0 metrics, 401 macros, 0 groups, 0 semantic models
[2025-04-19T15:16:30.159+0000] {subprocess.py:106} INFO - [0m15:16:30
[2025-04-19T15:16:30.537+0000] {subprocess.py:106} INFO - [0m15:16:30  Concurrency: 4 threads (target='dev')
[2025-04-19T15:16:30.537+0000] {subprocess.py:106} INFO - [0m15:16:30
[2025-04-19T15:16:30.549+0000] {subprocess.py:106} INFO - [0m15:16:30  1 of 6 START seed file commerce_raw.customers .................................. [RUN]
[2025-04-19T15:16:30.550+0000] {subprocess.py:106} INFO - [0m15:16:30  2 of 6 START seed file commerce_raw.order_items ................................ [RUN]
[2025-04-19T15:16:30.551+0000] {subprocess.py:106} INFO - [0m15:16:30  3 of 6 START seed file commerce_raw.orders ..................................... [RUN]
[2025-04-19T15:16:30.552+0000] {subprocess.py:106} INFO - [0m15:16:30  4 of 6 START seed file commerce_raw.product_categories ......................... [RUN]
[2025-04-19T15:16:31.547+0000] {subprocess.py:106} INFO - [0m15:16:31  4 of 6 OK loaded seed file commerce_raw.product_categories ..................... [[32mINSERT 4[0m in 0.98s]
[2025-04-19T15:16:31.614+0000] {subprocess.py:106} INFO - [0m15:16:31  5 of 6 START seed file commerce_raw.products ................................... [RUN]
[2025-04-19T15:16:32.324+0000] {subprocess.py:106} INFO - [0m15:16:32  5 of 6 OK loaded seed file commerce_raw.products ............................... [[32mINSERT 17[0m in 0.70s]
[2025-04-19T15:16:32.384+0000] {subprocess.py:106} INFO - [0m15:16:32  6 of 6 START seed file commerce_raw.stores ..................................... [RUN]
[2025-04-19T15:16:33.246+0000] {subprocess.py:106} INFO - [0m15:16:33  6 of 6 OK loaded seed file commerce_raw.stores ................................. [[32mINSERT 5[0m in 0.80s]
[2025-04-19T15:16:33.421+0000] {subprocess.py:106} INFO - [0m15:16:33  1 of 6 OK loaded seed file commerce_raw.customers .............................. [[32mINSERT 1000[0m in 2.86s]
[2025-04-19T15:16:42.515+0000] {subprocess.py:106} INFO - [0m15:16:42  3 of 6 OK loaded seed file commerce_raw.orders ................................. [[32mINSERT 7000[0m in 11.95s]
[2025-04-19T15:16:44.427+0000] {subprocess.py:106} INFO - [0m15:16:44  2 of 6 OK loaded seed file commerce_raw.order_items ............................ [[32mINSERT 10000[0m in 13.87s]
[2025-04-19T15:16:44.490+0000] {subprocess.py:106} INFO - [0m15:16:44
[2025-04-19T15:16:44.491+0000] {subprocess.py:106} INFO - [0m15:16:44  Finished running 6 seeds in 0 hours 0 minutes and 14.33 seconds (14.33s).
[2025-04-19T15:16:44.577+0000] {subprocess.py:106} INFO - [0m15:16:44
[2025-04-19T15:16:44.577+0000] {subprocess.py:106} INFO - [0m15:16:44  [32mCompleted successfully[0m
[2025-04-19T15:16:44.578+0000] {subprocess.py:106} INFO - [0m15:16:44
[2025-04-19T15:16:44.578+0000] {subprocess.py:106} INFO - [0m15:16:44  Done. PASS=6 WARN=0 ERROR=0 SKIP=0 TOTAL=6
[2025-04-19T15:16:45.916+0000] {subprocess.py:110} INFO - Command exited with return code 0
[2025-04-19T15:16:46.031+0000] {taskinstance.py:341} INFO - ::group::Post task execution logs
[2025-04-19T15:16:46.032+0000] {taskinstance.py:353} INFO - Marking task as SUCCESS. dag_id=dbt_etl_pipeline_seed, task_id=dbt_seed, run_id=scheduled__2025-04-19T15:16:21.857109+00:00, execution_date=20250419T151621, start_date=20250419T151626, end_date=20250419T151646
[2025-04-19T15:16:46.178+0000] {local_task_job_runner.py:266} INFO - Task exited with return code 0
[2025-04-19T15:16:46.344+0000] {taskinstance.py:3901} INFO - 0 downstream tasks scheduled from follow-on schedule check
[2025-04-19T15:16:46.347+0000] {local_task_job_runner.py:245} INFO - ::endgroup::
