[2025-04-19T15:15:54.227+0000] {local_task_job_runner.py:123} INFO - ::group::Pre task execution logs
[2025-04-19T15:15:54.289+0000] {taskinstance.py:2614} INFO - Dependencies all met for dep_context=non-requeueable deps ti=<TaskInstance: dbt_etl_pipeline_staging.dbt_staging scheduled__2025-04-19T15:15:43.848359+00:00 [queued]>
[2025-04-19T15:15:54.302+0000] {taskinstance.py:2614} INFO - Dependencies all met for dep_context=requeueable deps ti=<TaskInstance: dbt_etl_pipeline_staging.dbt_staging scheduled__2025-04-19T15:15:43.848359+00:00 [queued]>
[2025-04-19T15:15:54.302+0000] {taskinstance.py:2867} INFO - Starting attempt 1 of 1
[2025-04-19T15:15:54.317+0000] {taskinstance.py:2890} INFO - Executing <Task(BashOperator): dbt_staging> on 2025-04-19 15:15:43.848359+00:00
[2025-04-19T15:15:54.325+0000] {logging_mixin.py:190} WARNING - /home/airflow/.local/lib/python3.12/site-packages/airflow/task/task_runner/standard_task_runner.py:70 DeprecationWarning: This process (pid=1632) is multi-threaded, use of fork() may lead to deadlocks in the child.
[2025-04-19T15:15:54.326+0000] {standard_task_runner.py:72} INFO - Started process 1633 to run task
[2025-04-19T15:15:54.325+0000] {standard_task_runner.py:104} INFO - Running: ['airflow', 'tasks', 'run', 'dbt_etl_pipeline_staging', 'dbt_staging', 'scheduled__2025-04-19T15:15:43.848359+00:00', '--job-id', '203', '--raw', '--subdir', 'DAGS_FOLDER/dbt_staging.py', '--cfg-path', '/tmp/tmp8oe93h3j']
[2025-04-19T15:15:54.327+0000] {standard_task_runner.py:105} INFO - Job 203: Subtask dbt_staging
[2025-04-19T15:15:54.508+0000] {task_command.py:467} INFO - Running <TaskInstance: dbt_etl_pipeline_staging.dbt_staging scheduled__2025-04-19T15:15:43.848359+00:00 [running]> on host 27536697ee14
[2025-04-19T15:15:54.728+0000] {taskinstance.py:3134} INFO - Exporting env vars: AIRFLOW_CTX_DAG_OWNER='azizjon' AIRFLOW_CTX_DAG_ID='dbt_etl_pipeline_staging' AIRFLOW_CTX_TASK_ID='dbt_staging' AIRFLOW_CTX_EXECUTION_DATE='2025-04-19T15:15:43.848359+00:00' AIRFLOW_CTX_TRY_NUMBER='1' AIRFLOW_CTX_DAG_RUN_ID='scheduled__2025-04-19T15:15:43.848359+00:00'
[2025-04-19T15:15:54.729+0000] {taskinstance.py:732} INFO - ::endgroup::
[2025-04-19T15:15:54.742+0000] {subprocess.py:78} INFO - Tmp dir root location: /tmp
[2025-04-19T15:15:54.744+0000] {subprocess.py:88} INFO - Running command: ['/usr/bin/bash', '-c', '\n        export PATH=/home/airflow/.local/bin:$PATH\n        cd /opt/airflow/commerce_dbt\n        dbt run --select staging --profiles-dir .\n        ']
[2025-04-19T15:15:54.755+0000] {subprocess.py:99} INFO - Output:
[2025-04-19T15:15:57.437+0000] {subprocess.py:106} INFO - [0m15:15:57  Running with dbt=1.7.0
[2025-04-19T15:15:57.687+0000] {subprocess.py:106} INFO - [0m15:15:57  Registered adapter: postgres=1.7.0
[2025-04-19T15:15:58.194+0000] {subprocess.py:106} INFO - [0m15:15:58  [[33mWARNING[0m]: Configuration paths exist in your dbt_project.yml file which do not apply to any resources.
[2025-04-19T15:15:58.195+0000] {subprocess.py:106} INFO - There are 1 unused configuration paths:
[2025-04-19T15:15:58.196+0000] {subprocess.py:106} INFO - - seeds.initial_dataset
[2025-04-19T15:15:58.243+0000] {subprocess.py:106} INFO - [0m15:15:58  Found 13 models, 1 snapshot, 6 seeds, 43 tests, 6 sources, 0 exposures, 0 metrics, 401 macros, 0 groups, 0 semantic models
[2025-04-19T15:15:58.246+0000] {subprocess.py:106} INFO - [0m15:15:58
[2025-04-19T15:15:58.598+0000] {subprocess.py:106} INFO - [0m15:15:58  Concurrency: 4 threads (target='dev')
[2025-04-19T15:15:58.599+0000] {subprocess.py:106} INFO - [0m15:15:58
[2025-04-19T15:15:58.610+0000] {subprocess.py:106} INFO - [0m15:15:58  1 of 6 START sql table model commerce_staging.stg_customers .................... [RUN]
[2025-04-19T15:15:58.611+0000] {subprocess.py:106} INFO - [0m15:15:58  2 of 6 START sql table model commerce_staging.stg_order_items .................. [RUN]
[2025-04-19T15:15:58.612+0000] {subprocess.py:106} INFO - [0m15:15:58  3 of 6 START sql table model commerce_staging.stg_orders ....................... [RUN]
[2025-04-19T15:15:58.615+0000] {subprocess.py:106} INFO - [0m15:15:58  4 of 6 START sql table model commerce_staging.stg_product_categories ........... [RUN]
[2025-04-19T15:15:58.939+0000] {subprocess.py:106} INFO - [0m15:15:58  3 of 6 OK created sql table model commerce_staging.stg_orders .................. [[32mSELECT 7000[0m in 0.32s]
[2025-04-19T15:15:58.945+0000] {subprocess.py:106} INFO - [0m15:15:58  4 of 6 OK created sql table model commerce_staging.stg_product_categories ...... [[32mSELECT 4[0m in 0.32s]
[2025-04-19T15:15:58.947+0000] {subprocess.py:106} INFO - [0m15:15:58  2 of 6 OK created sql table model commerce_staging.stg_order_items ............. [[32mSELECT 10000[0m in 0.32s]
[2025-04-19T15:15:58.948+0000] {subprocess.py:106} INFO - [0m15:15:58  1 of 6 OK created sql table model commerce_staging.stg_customers ............... [[32mSELECT 1000[0m in 0.33s]
[2025-04-19T15:15:58.953+0000] {subprocess.py:106} INFO - [0m15:15:58  5 of 6 START sql table model commerce_staging.stg_products ..................... [RUN]
[2025-04-19T15:15:58.955+0000] {subprocess.py:106} INFO - [0m15:15:58  6 of 6 START sql table model commerce_staging.stg_stores ....................... [RUN]
[2025-04-19T15:15:59.104+0000] {subprocess.py:106} INFO - [0m15:15:59  5 of 6 OK created sql table model commerce_staging.stg_products ................ [[32mSELECT 17[0m in 0.15s]
[2025-04-19T15:15:59.106+0000] {subprocess.py:106} INFO - [0m15:15:59  6 of 6 OK created sql table model commerce_staging.stg_stores .................. [[32mSELECT 5[0m in 0.15s]
[2025-04-19T15:15:59.170+0000] {subprocess.py:106} INFO - [0m15:15:59
[2025-04-19T15:15:59.171+0000] {subprocess.py:106} INFO - [0m15:15:59  Finished running 6 table models in 0 hours 0 minutes and 0.92 seconds (0.92s).
[2025-04-19T15:15:59.197+0000] {subprocess.py:106} INFO - [0m15:15:59
[2025-04-19T15:15:59.198+0000] {subprocess.py:106} INFO - [0m15:15:59  [32mCompleted successfully[0m
[2025-04-19T15:15:59.198+0000] {subprocess.py:106} INFO - [0m15:15:59
[2025-04-19T15:15:59.199+0000] {subprocess.py:106} INFO - [0m15:15:59  Done. PASS=6 WARN=0 ERROR=0 SKIP=0 TOTAL=6
[2025-04-19T15:16:00.545+0000] {subprocess.py:110} INFO - Command exited with return code 0
[2025-04-19T15:16:00.689+0000] {taskinstance.py:341} INFO - ::group::Post task execution logs
[2025-04-19T15:16:00.690+0000] {taskinstance.py:353} INFO - Marking task as SUCCESS. dag_id=dbt_etl_pipeline_staging, task_id=dbt_staging, run_id=scheduled__2025-04-19T15:15:43.848359+00:00, execution_date=20250419T151543, start_date=20250419T151554, end_date=20250419T151600
[2025-04-19T15:16:00.846+0000] {local_task_job_runner.py:266} INFO - Task exited with return code 0
[2025-04-19T15:16:00.916+0000] {taskinstance.py:3901} INFO - 0 downstream tasks scheduled from follow-on schedule check
[2025-04-19T15:16:00.920+0000] {local_task_job_runner.py:245} INFO - ::endgroup::
