[2025-04-19T15:18:33.483+0000] {local_task_job_runner.py:123} INFO - ::group::Pre task execution logs
[2025-04-19T15:18:33.579+0000] {taskinstance.py:2614} INFO - Dependencies all met for dep_context=non-requeueable deps ti=<TaskInstance: dbt_etl_pipeline_mart.dbt_marts_business scheduled__2025-04-19T15:18:04.891707+00:00 [queued]>
[2025-04-19T15:18:33.598+0000] {taskinstance.py:2614} INFO - Dependencies all met for dep_context=requeueable deps ti=<TaskInstance: dbt_etl_pipeline_mart.dbt_marts_business scheduled__2025-04-19T15:18:04.891707+00:00 [queued]>
[2025-04-19T15:18:33.600+0000] {taskinstance.py:2867} INFO - Starting attempt 1 of 1
[2025-04-19T15:18:33.629+0000] {taskinstance.py:2890} INFO - Executing <Task(BashOperator): dbt_marts_business> on 2025-04-19 15:18:04.891707+00:00
[2025-04-19T15:18:33.647+0000] {logging_mixin.py:190} WARNING - /home/airflow/.local/lib/python3.12/site-packages/airflow/task/task_runner/standard_task_runner.py:70 DeprecationWarning: This process (pid=1979) is multi-threaded, use of fork() may lead to deadlocks in the child.
[2025-04-19T15:18:33.645+0000] {standard_task_runner.py:104} INFO - Running: ['airflow', 'tasks', 'run', 'dbt_etl_pipeline_mart', 'dbt_marts_business', 'scheduled__2025-04-19T15:18:04.891707+00:00', '--job-id', '210', '--raw', '--subdir', 'DAGS_FOLDER/dbt_marts.py', '--cfg-path', '/tmp/tmp0h3yzcio']
[2025-04-19T15:18:33.650+0000] {standard_task_runner.py:72} INFO - Started process 1983 to run task
[2025-04-19T15:18:33.650+0000] {standard_task_runner.py:105} INFO - Job 210: Subtask dbt_marts_business
[2025-04-19T15:18:34.093+0000] {task_command.py:467} INFO - Running <TaskInstance: dbt_etl_pipeline_mart.dbt_marts_business scheduled__2025-04-19T15:18:04.891707+00:00 [running]> on host 27536697ee14
[2025-04-19T15:18:34.390+0000] {taskinstance.py:3134} INFO - Exporting env vars: AIRFLOW_CTX_DAG_OWNER='azizjon' AIRFLOW_CTX_DAG_ID='dbt_etl_pipeline_mart' AIRFLOW_CTX_TASK_ID='dbt_marts_business' AIRFLOW_CTX_EXECUTION_DATE='2025-04-19T15:18:04.891707+00:00' AIRFLOW_CTX_TRY_NUMBER='1' AIRFLOW_CTX_DAG_RUN_ID='scheduled__2025-04-19T15:18:04.891707+00:00'
[2025-04-19T15:18:34.391+0000] {taskinstance.py:732} INFO - ::endgroup::
[2025-04-19T15:18:34.406+0000] {subprocess.py:78} INFO - Tmp dir root location: /tmp
[2025-04-19T15:18:34.407+0000] {subprocess.py:88} INFO - Running command: ['/usr/bin/bash', '-c', '\n        export PATH=/home/airflow/.local/bin:$PATH\n        cd /opt/airflow/commerce_dbt\n        dbt run --select marts.business --profiles-dir .\n        ']
[2025-04-19T15:18:34.418+0000] {subprocess.py:99} INFO - Output:
[2025-04-19T15:18:37.001+0000] {subprocess.py:106} INFO - [0m15:18:37  Running with dbt=1.7.0
[2025-04-19T15:18:37.242+0000] {subprocess.py:106} INFO - [0m15:18:37  Registered adapter: postgres=1.7.0
[2025-04-19T15:18:37.792+0000] {subprocess.py:106} INFO - [0m15:18:37  [[33mWARNING[0m]: Configuration paths exist in your dbt_project.yml file which do not apply to any resources.
[2025-04-19T15:18:37.793+0000] {subprocess.py:106} INFO - There are 1 unused configuration paths:
[2025-04-19T15:18:37.794+0000] {subprocess.py:106} INFO - - seeds.initial_dataset
[2025-04-19T15:18:37.841+0000] {subprocess.py:106} INFO - [0m15:18:37  Found 13 models, 1 snapshot, 6 seeds, 43 tests, 6 sources, 0 exposures, 0 metrics, 401 macros, 0 groups, 0 semantic models
[2025-04-19T15:18:37.846+0000] {subprocess.py:106} INFO - [0m15:18:37
[2025-04-19T15:18:38.277+0000] {subprocess.py:106} INFO - [0m15:18:38  Concurrency: 4 threads (target='dev')
[2025-04-19T15:18:38.278+0000] {subprocess.py:106} INFO - [0m15:18:38
[2025-04-19T15:18:38.287+0000] {subprocess.py:106} INFO - [0m15:18:38  1 of 2 START sql table model commerce_business.customer_orders ................. [RUN]
[2025-04-19T15:18:38.288+0000] {subprocess.py:106} INFO - [0m15:18:38  2 of 2 START sql table model commerce_business.product_sales ................... [RUN]
[2025-04-19T15:18:38.512+0000] {subprocess.py:106} INFO - [0m15:18:38  1 of 2 OK created sql table model commerce_business.customer_orders ............ [[32mSELECT 1000[0m in 0.22s]
[2025-04-19T15:18:38.514+0000] {subprocess.py:106} INFO - [0m15:18:38  2 of 2 OK created sql table model commerce_business.product_sales .............. [[32mSELECT 17[0m in 0.22s]
[2025-04-19T15:18:38.571+0000] {subprocess.py:106} INFO - [0m15:18:38
[2025-04-19T15:18:38.572+0000] {subprocess.py:106} INFO - [0m15:18:38  Finished running 2 table models in 0 hours 0 minutes and 0.72 seconds (0.72s).
[2025-04-19T15:18:38.599+0000] {subprocess.py:106} INFO - [0m15:18:38
[2025-04-19T15:18:38.600+0000] {subprocess.py:106} INFO - [0m15:18:38  [32mCompleted successfully[0m
[2025-04-19T15:18:38.600+0000] {subprocess.py:106} INFO - [0m15:18:38
[2025-04-19T15:18:38.601+0000] {subprocess.py:106} INFO - [0m15:18:38  Done. PASS=2 WARN=0 ERROR=0 SKIP=0 TOTAL=2
[2025-04-19T15:18:39.737+0000] {subprocess.py:110} INFO - Command exited with return code 0
[2025-04-19T15:18:39.852+0000] {taskinstance.py:341} INFO - ::group::Post task execution logs
[2025-04-19T15:18:39.852+0000] {taskinstance.py:353} INFO - Marking task as SUCCESS. dag_id=dbt_etl_pipeline_mart, task_id=dbt_marts_business, run_id=scheduled__2025-04-19T15:18:04.891707+00:00, execution_date=20250419T151804, start_date=20250419T151833, end_date=20250419T151839
[2025-04-19T15:18:39.997+0000] {local_task_job_runner.py:266} INFO - Task exited with return code 0
[2025-04-19T15:18:40.055+0000] {taskinstance.py:3901} INFO - 0 downstream tasks scheduled from follow-on schedule check
[2025-04-19T15:18:40.058+0000] {local_task_job_runner.py:245} INFO - ::endgroup::
