[2025-04-19T01:31:26.695+0000] {local_task_job_runner.py:123} INFO - ::group::Pre task execution logs
[2025-04-19T01:31:26.783+0000] {taskinstance.py:2614} INFO - Dependencies all met for dep_context=non-requeueable deps ti=<TaskInstance: load_new_orders.dbt_marts scheduled__2025-04-18T00:00:00+00:00 [queued]>
[2025-04-19T01:31:26.799+0000] {taskinstance.py:2614} INFO - Dependencies all met for dep_context=requeueable deps ti=<TaskInstance: load_new_orders.dbt_marts scheduled__2025-04-18T00:00:00+00:00 [queued]>
[2025-04-19T01:31:26.800+0000] {taskinstance.py:2867} INFO - Starting attempt 1 of 1
[2025-04-19T01:31:26.821+0000] {taskinstance.py:2890} INFO - Executing <Task(TriggerDagRunOperator): dbt_marts> on 2025-04-18 00:00:00+00:00
[2025-04-19T01:31:26.834+0000] {standard_task_runner.py:104} INFO - Running: ['airflow', 'tasks', 'run', 'load_new_orders', 'dbt_marts', 'scheduled__2025-04-18T00:00:00+00:00', '--job-id', '136', '--raw', '--subdir', 'DAGS_FOLDER/store_to_sql_orders.py', '--cfg-path', '/tmp/tmpfwe9dlrz']
[2025-04-19T01:31:26.837+0000] {standard_task_runner.py:105} INFO - Job 136: Subtask dbt_marts
[2025-04-19T01:31:26.837+0000] {logging_mixin.py:190} WARNING - /home/airflow/.local/lib/python3.12/site-packages/airflow/task/task_runner/standard_task_runner.py:70 DeprecationWarning: This process (pid=231) is multi-threaded, use of fork() may lead to deadlocks in the child.
[2025-04-19T01:31:26.838+0000] {standard_task_runner.py:72} INFO - Started process 232 to run task
[2025-04-19T01:31:27.114+0000] {task_command.py:467} INFO - Running <TaskInstance: load_new_orders.dbt_marts scheduled__2025-04-18T00:00:00+00:00 [running]> on host 9c8f13362ff5
[2025-04-19T01:31:27.559+0000] {taskinstance.py:3134} INFO - Exporting env vars: AIRFLOW_CTX_DAG_OWNER='azizjon' AIRFLOW_CTX_DAG_ID='load_new_orders' AIRFLOW_CTX_TASK_ID='dbt_marts' AIRFLOW_CTX_EXECUTION_DATE='2025-04-18T00:00:00+00:00' AIRFLOW_CTX_TRY_NUMBER='1' AIRFLOW_CTX_DAG_RUN_ID='scheduled__2025-04-18T00:00:00+00:00'
[2025-04-19T01:31:27.560+0000] {taskinstance.py:732} INFO - ::endgroup::
[2025-04-19T01:31:28.141+0000] {trigger_dagrun.py:257} INFO - Waiting for dbt_etl_pipeline_mart on 2025-04-18 00:00:00+00:00 to become allowed state ['success'] ...
[2025-04-19T01:31:33.244+0000] {trigger_dagrun.py:271} INFO - dbt_etl_pipeline_mart finished with allowed state success
[2025-04-19T01:31:33.336+0000] {taskinstance.py:341} INFO - ::group::Post task execution logs
[2025-04-19T01:31:33.339+0000] {taskinstance.py:353} INFO - Marking task as SUCCESS. dag_id=load_new_orders, task_id=dbt_marts, run_id=scheduled__2025-04-18T00:00:00+00:00, execution_date=20250418T000000, start_date=20250419T013126, end_date=20250419T013133
[2025-04-19T01:31:33.543+0000] {local_task_job_runner.py:266} INFO - Task exited with return code 0
[2025-04-19T01:31:33.639+0000] {taskinstance.py:3901} INFO - 1 downstream tasks scheduled from follow-on schedule check
[2025-04-19T01:31:33.642+0000] {local_task_job_runner.py:245} INFO - ::endgroup::
[2025-04-19T12:07:18.489+0000] {local_task_job_runner.py:123} INFO - ::group::Pre task execution logs
[2025-04-19T12:07:18.715+0000] {taskinstance.py:2614} INFO - Dependencies all met for dep_context=non-requeueable deps ti=<TaskInstance: load_new_orders.dbt_marts scheduled__2025-04-18T00:00:00+00:00 [queued]>
[2025-04-19T12:07:18.738+0000] {taskinstance.py:2614} INFO - Dependencies all met for dep_context=requeueable deps ti=<TaskInstance: load_new_orders.dbt_marts scheduled__2025-04-18T00:00:00+00:00 [queued]>
[2025-04-19T12:07:18.739+0000] {taskinstance.py:2867} INFO - Starting attempt 1 of 1
[2025-04-19T12:07:18.764+0000] {taskinstance.py:2890} INFO - Executing <Task(TriggerDagRunOperator): dbt_marts> on 2025-04-18 00:00:00+00:00
[2025-04-19T12:07:18.775+0000] {standard_task_runner.py:104} INFO - Running: ['airflow', 'tasks', 'run', 'load_new_orders', 'dbt_marts', 'scheduled__2025-04-18T00:00:00+00:00', '--job-id', '167', '--raw', '--subdir', 'DAGS_FOLDER/store_to_sql_orders.py', '--cfg-path', '/tmp/tmp1kw538lc']
[2025-04-19T12:07:18.778+0000] {standard_task_runner.py:105} INFO - Job 167: Subtask dbt_marts
[2025-04-19T12:07:18.782+0000] {logging_mixin.py:190} WARNING - /home/airflow/.local/lib/python3.12/site-packages/airflow/task/task_runner/standard_task_runner.py:70 DeprecationWarning: This process (pid=993) is multi-threaded, use of fork() may lead to deadlocks in the child.
[2025-04-19T12:07:18.783+0000] {standard_task_runner.py:72} INFO - Started process 994 to run task
[2025-04-19T12:07:19.027+0000] {task_command.py:467} INFO - Running <TaskInstance: load_new_orders.dbt_marts scheduled__2025-04-18T00:00:00+00:00 [running]> on host 8310323359f9
[2025-04-19T12:07:19.520+0000] {taskinstance.py:3134} INFO - Exporting env vars: AIRFLOW_CTX_DAG_OWNER='azizjon' AIRFLOW_CTX_DAG_ID='load_new_orders' AIRFLOW_CTX_TASK_ID='dbt_marts' AIRFLOW_CTX_EXECUTION_DATE='2025-04-18T00:00:00+00:00' AIRFLOW_CTX_TRY_NUMBER='1' AIRFLOW_CTX_DAG_RUN_ID='scheduled__2025-04-18T00:00:00+00:00'
[2025-04-19T12:07:19.521+0000] {taskinstance.py:732} INFO - ::endgroup::
[2025-04-19T12:07:20.092+0000] {trigger_dagrun.py:257} INFO - Waiting for dbt_etl_pipeline_mart on 2025-04-18 00:00:00+00:00 to become allowed state ['success'] ...
[2025-04-19T12:07:25.180+0000] {trigger_dagrun.py:271} INFO - dbt_etl_pipeline_mart finished with allowed state success
[2025-04-19T12:07:25.260+0000] {taskinstance.py:341} INFO - ::group::Post task execution logs
[2025-04-19T12:07:25.262+0000] {taskinstance.py:353} INFO - Marking task as SUCCESS. dag_id=load_new_orders, task_id=dbt_marts, run_id=scheduled__2025-04-18T00:00:00+00:00, execution_date=20250418T000000, start_date=20250419T120718, end_date=20250419T120725
[2025-04-19T12:07:25.463+0000] {local_task_job_runner.py:266} INFO - Task exited with return code 0
[2025-04-19T12:07:25.581+0000] {taskinstance.py:3901} INFO - 1 downstream tasks scheduled from follow-on schedule check
[2025-04-19T12:07:25.598+0000] {local_task_job_runner.py:245} INFO - ::endgroup::
