[2025-04-18T00:55:54.041+0000] {local_task_job_runner.py:123} INFO - ::group::Pre task execution logs
[2025-04-18T00:55:54.155+0000] {taskinstance.py:2614} INFO - Dependencies all met for dep_context=non-requeueable deps ti=<TaskInstance: dbt_etl_pipeline_mart.dbt_marts_core manual__2025-04-18T00:55:35.120945+00:00 [queued]>
[2025-04-18T00:55:54.180+0000] {taskinstance.py:2614} INFO - Dependencies all met for dep_context=requeueable deps ti=<TaskInstance: dbt_etl_pipeline_mart.dbt_marts_core manual__2025-04-18T00:55:35.120945+00:00 [queued]>
[2025-04-18T00:55:54.182+0000] {taskinstance.py:2867} INFO - Starting attempt 1 of 1
[2025-04-18T00:55:54.203+0000] {taskinstance.py:2890} INFO - Executing <Task(BashOperator): dbt_marts_core> on 2025-04-18 00:55:35.120945+00:00
[2025-04-18T00:55:54.216+0000] {standard_task_runner.py:104} INFO - Running: ['airflow', 'tasks', 'run', 'dbt_etl_pipeline_mart', 'dbt_marts_core', 'manual__2025-04-18T00:55:35.120945+00:00', '--job-id', '65', '--raw', '--subdir', 'DAGS_FOLDER/dbt_marts.py', '--cfg-path', '/tmp/tmpgogjmz5r']
[2025-04-18T00:55:54.218+0000] {logging_mixin.py:190} WARNING - /home/airflow/.local/lib/python3.12/site-packages/airflow/task/task_runner/standard_task_runner.py:70 DeprecationWarning: This process (pid=2771) is multi-threaded, use of fork() may lead to deadlocks in the child.
[2025-04-18T00:55:54.218+0000] {standard_task_runner.py:105} INFO - Job 65: Subtask dbt_marts_core
[2025-04-18T00:55:54.219+0000] {standard_task_runner.py:72} INFO - Started process 2772 to run task
[2025-04-18T00:55:54.434+0000] {task_command.py:467} INFO - Running <TaskInstance: dbt_etl_pipeline_mart.dbt_marts_core manual__2025-04-18T00:55:35.120945+00:00 [running]> on host f693ba064550
[2025-04-18T00:55:54.833+0000] {taskinstance.py:3134} INFO - Exporting env vars: AIRFLOW_CTX_DAG_OWNER='azizjon' AIRFLOW_CTX_DAG_ID='dbt_etl_pipeline_mart' AIRFLOW_CTX_TASK_ID='dbt_marts_core' AIRFLOW_CTX_EXECUTION_DATE='2025-04-18T00:55:35.120945+00:00' AIRFLOW_CTX_TRY_NUMBER='1' AIRFLOW_CTX_DAG_RUN_ID='manual__2025-04-18T00:55:35.120945+00:00'
[2025-04-18T00:55:54.835+0000] {taskinstance.py:732} INFO - ::endgroup::
[2025-04-18T00:55:54.854+0000] {subprocess.py:78} INFO - Tmp dir root location: /tmp
[2025-04-18T00:55:54.859+0000] {subprocess.py:88} INFO - Running command: ['/usr/bin/bash', '-c', '\n        export PATH=/home/airflow/.local/bin:$PATH\n        cd /opt/airflow/commerce_dbt\n        dbt run --select marts.core --profiles-dir .\n        ']
[2025-04-18T00:55:54.872+0000] {subprocess.py:99} INFO - Output:
[2025-04-18T00:55:57.335+0000] {subprocess.py:106} INFO - [0m00:55:57  Running with dbt=1.7.0
[2025-04-18T00:55:57.588+0000] {subprocess.py:106} INFO - [0m00:55:57  Registered adapter: postgres=1.7.0
[2025-04-18T00:55:57.967+0000] {subprocess.py:106} INFO - [0m00:55:57  Found 12 models, 1 snapshot, 6 seeds, 43 tests, 6 sources, 0 exposures, 0 metrics, 401 macros, 0 groups, 0 semantic models
[2025-04-18T00:55:57.979+0000] {subprocess.py:106} INFO - [0m00:55:57
[2025-04-18T00:55:58.566+0000] {subprocess.py:106} INFO - [0m00:55:58  Concurrency: 4 threads (target='dev')
[2025-04-18T00:55:58.566+0000] {subprocess.py:106} INFO - [0m00:55:58
[2025-04-18T00:55:58.581+0000] {subprocess.py:106} INFO - [0m00:55:58  1 of 4 START sql table model commerce_core.dim_customers ....................... [RUN]
[2025-04-18T00:55:58.583+0000] {subprocess.py:106} INFO - [0m00:55:58  2 of 4 START sql table model commerce_core.dim_products ........................ [RUN]
[2025-04-18T00:55:58.584+0000] {subprocess.py:106} INFO - [0m00:55:58  3 of 4 START sql table model commerce_core.dim_stores .......................... [RUN]
[2025-04-18T00:55:58.926+0000] {subprocess.py:106} INFO - [0m00:55:58  3 of 4 OK created sql table model commerce_core.dim_stores ..................... [[32mSELECT 5[0m in 0.34s]
[2025-04-18T00:55:58.929+0000] {subprocess.py:106} INFO - [0m00:55:58  1 of 4 OK created sql table model commerce_core.dim_customers .................. [[32mSELECT 1000[0m in 0.34s]
[2025-04-18T00:55:58.932+0000] {subprocess.py:106} INFO - [0m00:55:58  2 of 4 OK created sql table model commerce_core.dim_products ................... [[32mSELECT 17[0m in 0.34s]
[2025-04-18T00:55:58.938+0000] {subprocess.py:106} INFO - [0m00:55:58  4 of 4 START sql table model commerce_core.fct_orders .......................... [RUN]
[2025-04-18T00:55:59.143+0000] {subprocess.py:106} INFO - [0m00:55:59  4 of 4 OK created sql table model commerce_core.fct_orders ..................... [[32mSELECT 10001[0m in 0.20s]
[2025-04-18T00:55:59.232+0000] {subprocess.py:106} INFO - [0m00:55:59
[2025-04-18T00:55:59.233+0000] {subprocess.py:106} INFO - [0m00:55:59  Finished running 4 table models in 0 hours 0 minutes and 1.25 seconds (1.25s).
[2025-04-18T00:55:59.294+0000] {subprocess.py:106} INFO - [0m00:55:59
[2025-04-18T00:55:59.295+0000] {subprocess.py:106} INFO - [0m00:55:59  [32mCompleted successfully[0m
[2025-04-18T00:55:59.296+0000] {subprocess.py:106} INFO - [0m00:55:59
[2025-04-18T00:55:59.297+0000] {subprocess.py:106} INFO - [0m00:55:59  Done. PASS=4 WARN=0 ERROR=0 SKIP=0 TOTAL=4
[2025-04-18T00:56:00.302+0000] {subprocess.py:110} INFO - Command exited with return code 0
[2025-04-18T00:56:00.447+0000] {taskinstance.py:341} INFO - ::group::Post task execution logs
[2025-04-18T00:56:00.448+0000] {taskinstance.py:353} INFO - Marking task as SUCCESS. dag_id=dbt_etl_pipeline_mart, task_id=dbt_marts_core, run_id=manual__2025-04-18T00:55:35.120945+00:00, execution_date=20250418T005535, start_date=20250418T005554, end_date=20250418T005600
[2025-04-18T00:56:00.644+0000] {local_task_job_runner.py:266} INFO - Task exited with return code 0
[2025-04-18T00:56:00.805+0000] {taskinstance.py:3901} INFO - 1 downstream tasks scheduled from follow-on schedule check
[2025-04-18T00:56:00.810+0000] {local_task_job_runner.py:245} INFO - ::endgroup::
