[2025-04-17T20:55:52.597+0000] {local_task_job_runner.py:123} INFO - ::group::Pre task execution logs
[2025-04-17T20:55:52.666+0000] {taskinstance.py:2614} INFO - Dependencies all met for dep_context=non-requeueable deps ti=<TaskInstance: dbt_etl_pipeline.dbt_seed manual__2025-04-17T20:55:51.361327+00:00 [queued]>
[2025-04-17T20:55:52.684+0000] {taskinstance.py:2614} INFO - Dependencies all met for dep_context=requeueable deps ti=<TaskInstance: dbt_etl_pipeline.dbt_seed manual__2025-04-17T20:55:51.361327+00:00 [queued]>
[2025-04-17T20:55:52.685+0000] {taskinstance.py:2867} INFO - Starting attempt 1 of 1
[2025-04-17T20:55:52.712+0000] {taskinstance.py:2890} INFO - Executing <Task(BashOperator): dbt_seed> on 2025-04-17 20:55:51.361327+00:00
[2025-04-17T20:55:52.722+0000] {standard_task_runner.py:104} INFO - Running: ['airflow', 'tasks', 'run', 'dbt_etl_pipeline', 'dbt_seed', 'manual__2025-04-17T20:55:51.361327+00:00', '--job-id', '16', '--raw', '--subdir', 'DAGS_FOLDER/trigger_dbt.py', '--cfg-path', '/tmp/tmp7j382l33']
[2025-04-17T20:55:52.725+0000] {standard_task_runner.py:105} INFO - Job 16: Subtask dbt_seed
[2025-04-17T20:55:52.725+0000] {logging_mixin.py:190} WARNING - /home/airflow/.local/lib/python3.12/site-packages/airflow/task/task_runner/standard_task_runner.py:70 DeprecationWarning: This process (pid=846) is multi-threaded, use of fork() may lead to deadlocks in the child.
[2025-04-17T20:55:52.726+0000] {standard_task_runner.py:72} INFO - Started process 847 to run task
[2025-04-17T20:55:52.919+0000] {task_command.py:467} INFO - Running <TaskInstance: dbt_etl_pipeline.dbt_seed manual__2025-04-17T20:55:51.361327+00:00 [running]> on host d50f0d37f6bf
[2025-04-17T20:55:53.161+0000] {taskinstance.py:3134} INFO - Exporting env vars: AIRFLOW_CTX_DAG_OWNER='azizjon' AIRFLOW_CTX_DAG_ID='dbt_etl_pipeline' AIRFLOW_CTX_TASK_ID='dbt_seed' AIRFLOW_CTX_EXECUTION_DATE='2025-04-17T20:55:51.361327+00:00' AIRFLOW_CTX_TRY_NUMBER='1' AIRFLOW_CTX_DAG_RUN_ID='manual__2025-04-17T20:55:51.361327+00:00'
[2025-04-17T20:55:53.162+0000] {taskinstance.py:732} INFO - ::endgroup::
[2025-04-17T20:55:53.189+0000] {subprocess.py:78} INFO - Tmp dir root location: /tmp
[2025-04-17T20:55:53.195+0000] {subprocess.py:88} INFO - Running command: ['/usr/bin/bash', '-c', '\n        export PATH=/home/airflow/.local/bin:$PATH\n        cd /opt/airflow/commerce_dbt\n        dbt seed --profiles-dir .\n        ']
[2025-04-17T20:55:53.207+0000] {subprocess.py:99} INFO - Output:
[2025-04-17T20:55:56.185+0000] {subprocess.py:106} INFO - [0m20:55:56  Running with dbt=1.7.0
[2025-04-17T20:55:56.506+0000] {subprocess.py:106} INFO - [0m20:55:56  Registered adapter: postgres=1.7.0
[2025-04-17T20:55:56.570+0000] {subprocess.py:106} INFO - [0m20:55:56  Unable to do partial parsing because profile has changed
[2025-04-17T20:55:58.153+0000] {subprocess.py:106} INFO - [0m20:55:58  [[33mWARNING[0m]: Did not find matching node for patch with name 'my_first_dbt_model' in the 'models' section of file 'models/example/schema.yml'
[2025-04-17T20:55:58.155+0000] {subprocess.py:106} INFO - [0m20:55:58  [[33mWARNING[0m]: Did not find matching node for patch with name 'my_second_dbt_model' in the 'models' section of file 'models/example/schema.yml'
[2025-04-17T20:55:58.744+0000] {subprocess.py:106} INFO - [0m20:55:58  Found 12 models, 1 snapshot, 6 seeds, 43 tests, 6 sources, 0 exposures, 0 metrics, 401 macros, 0 groups, 0 semantic models
[2025-04-17T20:55:58.750+0000] {subprocess.py:106} INFO - [0m20:55:58
[2025-04-17T20:55:59.144+0000] {subprocess.py:106} INFO - [0m20:55:59  Concurrency: 4 threads (target='dev')
[2025-04-17T20:55:59.145+0000] {subprocess.py:106} INFO - [0m20:55:59
[2025-04-17T20:55:59.167+0000] {subprocess.py:106} INFO - [0m20:55:59  1 of 6 START seed file commerce_raw.customers .................................. [RUN]
[2025-04-17T20:55:59.168+0000] {subprocess.py:106} INFO - [0m20:55:59  2 of 6 START seed file commerce_raw.order_items ................................ [RUN]
[2025-04-17T20:55:59.168+0000] {subprocess.py:106} INFO - [0m20:55:59  3 of 6 START seed file commerce_raw.orders ..................................... [RUN]
[2025-04-17T20:55:59.169+0000] {subprocess.py:106} INFO - [0m20:55:59  4 of 6 START seed file commerce_raw.product_categories ......................... [RUN]
[2025-04-17T20:56:00.194+0000] {subprocess.py:106} INFO - [0m20:56:00  4 of 6 OK loaded seed file commerce_raw.product_categories ..................... [[32mINSERT 4[0m in 0.96s]
[2025-04-17T20:56:00.280+0000] {subprocess.py:106} INFO - [0m20:56:00  5 of 6 START seed file commerce_raw.products ................................... [RUN]
[2025-04-17T20:56:01.128+0000] {subprocess.py:106} INFO - [0m20:56:01  5 of 6 OK loaded seed file commerce_raw.products ............................... [[32mINSERT 17[0m in 0.84s]
[2025-04-17T20:56:01.209+0000] {subprocess.py:106} INFO - [0m20:56:01  6 of 6 START seed file commerce_raw.stores ..................................... [RUN]
[2025-04-17T20:56:02.049+0000] {subprocess.py:106} INFO - [0m20:56:02  1 of 6 OK loaded seed file commerce_raw.customers .............................. [[32mINSERT 1000[0m in 2.82s]
[2025-04-17T20:56:02.364+0000] {subprocess.py:106} INFO - [0m20:56:02  6 of 6 OK loaded seed file commerce_raw.stores ................................. [[32mINSERT 5[0m in 1.11s]
[2025-04-17T20:56:12.427+0000] {subprocess.py:106} INFO - [0m20:56:12  3 of 6 OK loaded seed file commerce_raw.orders ................................. [[32mINSERT 7000[0m in 13.25s]
[2025-04-17T20:56:14.680+0000] {subprocess.py:106} INFO - [0m20:56:14  2 of 6 OK loaded seed file commerce_raw.order_items ............................ [[32mINSERT 10000[0m in 15.51s]
[2025-04-17T20:56:14.744+0000] {subprocess.py:106} INFO - [0m20:56:14
[2025-04-17T20:56:14.744+0000] {subprocess.py:106} INFO - [0m20:56:14  Finished running 6 seeds in 0 hours 0 minutes and 15.99 seconds (15.99s).
[2025-04-17T20:56:14.779+0000] {subprocess.py:106} INFO - [0m20:56:14
[2025-04-17T20:56:14.780+0000] {subprocess.py:106} INFO - [0m20:56:14  [32mCompleted successfully[0m
[2025-04-17T20:56:14.780+0000] {subprocess.py:106} INFO - [0m20:56:14
[2025-04-17T20:56:14.781+0000] {subprocess.py:106} INFO - [0m20:56:14  Done. PASS=6 WARN=0 ERROR=0 SKIP=0 TOTAL=6
[2025-04-17T20:56:15.892+0000] {subprocess.py:110} INFO - Command exited with return code 0
[2025-04-17T20:56:16.042+0000] {taskinstance.py:341} INFO - ::group::Post task execution logs
[2025-04-17T20:56:16.043+0000] {taskinstance.py:353} INFO - Marking task as SUCCESS. dag_id=dbt_etl_pipeline, task_id=dbt_seed, run_id=manual__2025-04-17T20:55:51.361327+00:00, execution_date=20250417T205551, start_date=20250417T205552, end_date=20250417T205616
[2025-04-17T20:56:16.207+0000] {local_task_job_runner.py:266} INFO - Task exited with return code 0
[2025-04-17T20:56:16.267+0000] {taskinstance.py:3901} INFO - 0 downstream tasks scheduled from follow-on schedule check
[2025-04-17T20:56:16.269+0000] {local_task_job_runner.py:245} INFO - ::endgroup::
