[2025-04-18T11:24:52.887+0000] {local_task_job_runner.py:123} INFO - ::group::Pre task execution logs
[2025-04-18T11:24:52.989+0000] {taskinstance.py:2614} INFO - Dependencies all met for dep_context=non-requeueable deps ti=<TaskInstance: load_new_order_items.load_new_order_items manual__2025-04-18T11:24:51.665830+00:00 [queued]>
[2025-04-18T11:24:53.012+0000] {taskinstance.py:2614} INFO - Dependencies all met for dep_context=requeueable deps ti=<TaskInstance: load_new_order_items.load_new_order_items manual__2025-04-18T11:24:51.665830+00:00 [queued]>
[2025-04-18T11:24:53.013+0000] {taskinstance.py:2867} INFO - Starting attempt 1 of 1
[2025-04-18T11:24:53.036+0000] {taskinstance.py:2890} INFO - Executing <Task(PythonOperator): load_new_order_items> on 2025-04-18 11:24:51.665830+00:00
[2025-04-18T11:24:53.051+0000] {standard_task_runner.py:104} INFO - Running: ['airflow', 'tasks', 'run', 'load_new_order_items', 'load_new_order_items', 'manual__2025-04-18T11:24:51.665830+00:00', '--job-id', '104', '--raw', '--subdir', 'DAGS_FOLDER/store_to_sql_order_items.py', '--cfg-path', '/tmp/tmpe0kau395']
[2025-04-18T11:24:53.054+0000] {standard_task_runner.py:105} INFO - Job 104: Subtask load_new_order_items
[2025-04-18T11:24:53.055+0000] {logging_mixin.py:190} WARNING - /home/airflow/.local/lib/python3.12/site-packages/airflow/task/task_runner/standard_task_runner.py:70 DeprecationWarning: This process (pid=559) is multi-threaded, use of fork() may lead to deadlocks in the child.
[2025-04-18T11:24:53.055+0000] {standard_task_runner.py:72} INFO - Started process 566 to run task
[2025-04-18T11:24:53.480+0000] {task_command.py:467} INFO - Running <TaskInstance: load_new_order_items.load_new_order_items manual__2025-04-18T11:24:51.665830+00:00 [running]> on host 9c8f13362ff5
[2025-04-18T11:24:54.122+0000] {taskinstance.py:3134} INFO - Exporting env vars: AIRFLOW_CTX_DAG_OWNER='azizjon' AIRFLOW_CTX_DAG_ID='load_new_order_items' AIRFLOW_CTX_TASK_ID='load_new_order_items' AIRFLOW_CTX_EXECUTION_DATE='2025-04-18T11:24:51.665830+00:00' AIRFLOW_CTX_TRY_NUMBER='1' AIRFLOW_CTX_DAG_RUN_ID='manual__2025-04-18T11:24:51.665830+00:00'
[2025-04-18T11:24:54.124+0000] {taskinstance.py:732} INFO - ::endgroup::
[2025-04-18T11:24:54.536+0000] {logging_mixin.py:190} INFO - Error loading orders: relation "commerce_raw.order_items" does not exist
LINE 2: ...     CREATE TEMP TABLE temp_new_order_items (LIKE commerce_r...
                                                             ^
[2025-04-18T11:24:54.538+0000] {taskinstance.py:3313} ERROR - Task failed with exception
Traceback (most recent call last):
  File "/home/airflow/.local/lib/python3.12/site-packages/airflow/models/taskinstance.py", line 763, in _execute_task
    result = _execute_callable(context=context, **execute_callable_kwargs)
             ^^^^^^^^^^^^^^^^^^^^^^^^^^^^^^^^^^^^^^^^^^^^^^^^^^^^^^^^^^^^^
  File "/home/airflow/.local/lib/python3.12/site-packages/airflow/models/taskinstance.py", line 734, in _execute_callable
    return ExecutionCallableRunner(
           ^^^^^^^^^^^^^^^^^^^^^^^^
  File "/home/airflow/.local/lib/python3.12/site-packages/airflow/utils/operator_helpers.py", line 252, in run
    return self.func(*args, **kwargs)
           ^^^^^^^^^^^^^^^^^^^^^^^^^^
  File "/home/airflow/.local/lib/python3.12/site-packages/airflow/models/baseoperator.py", line 424, in wrapper
    return func(self, *args, **kwargs)
           ^^^^^^^^^^^^^^^^^^^^^^^^^^^
  File "/home/airflow/.local/lib/python3.12/site-packages/airflow/operators/python.py", line 238, in execute
    return_value = self.execute_callable()
                   ^^^^^^^^^^^^^^^^^^^^^^^
  File "/home/airflow/.local/lib/python3.12/site-packages/airflow/operators/python.py", line 256, in execute_callable
    return runner.run(*self.op_args, **self.op_kwargs)
           ^^^^^^^^^^^^^^^^^^^^^^^^^^^^^^^^^^^^^^^^^^^
  File "/home/airflow/.local/lib/python3.12/site-packages/airflow/utils/operator_helpers.py", line 252, in run
    return self.func(*args, **kwargs)
           ^^^^^^^^^^^^^^^^^^^^^^^^^^
  File "/opt/airflow/dags/store_to_sql_order_items.py", line 46, in load_new_order_items
    cursor.execute("""
psycopg2.errors.UndefinedTable: relation "commerce_raw.order_items" does not exist
LINE 2: ...     CREATE TEMP TABLE temp_new_order_items (LIKE commerce_r...
                                                             ^

[2025-04-18T11:24:54.621+0000] {taskinstance.py:1226} INFO - Marking task as FAILED. dag_id=load_new_order_items, task_id=load_new_order_items, run_id=manual__2025-04-18T11:24:51.665830+00:00, execution_date=20250418T112451, start_date=20250418T112452, end_date=20250418T112454
[2025-04-18T11:24:54.890+0000] {taskinstance.py:341} INFO - ::group::Post task execution logs
[2025-04-18T11:24:54.891+0000] {standard_task_runner.py:124} ERROR - Failed to execute job 104 for task load_new_order_items (relation "commerce_raw.order_items" does not exist
LINE 2: ...     CREATE TEMP TABLE temp_new_order_items (LIKE commerce_r...
                                                             ^
; 566)
Traceback (most recent call last):
  File "/home/airflow/.local/lib/python3.12/site-packages/airflow/task/task_runner/standard_task_runner.py", line 117, in _start_by_fork
    ret = args.func(args, dag=self.dag)
          ^^^^^^^^^^^^^^^^^^^^^^^^^^^^^
  File "/home/airflow/.local/lib/python3.12/site-packages/airflow/cli/cli_config.py", line 49, in command
    return func(*args, **kwargs)
           ^^^^^^^^^^^^^^^^^^^^^
  File "/home/airflow/.local/lib/python3.12/site-packages/airflow/utils/cli.py", line 116, in wrapper
    return f(*args, **kwargs)
           ^^^^^^^^^^^^^^^^^^
  File "/home/airflow/.local/lib/python3.12/site-packages/airflow/cli/commands/task_command.py", line 483, in task_run
    task_return_code = _run_task_by_selected_method(args, _dag, ti)
                       ^^^^^^^^^^^^^^^^^^^^^^^^^^^^^^^^^^^^^^^^^^^^
  File "/home/airflow/.local/lib/python3.12/site-packages/airflow/cli/commands/task_command.py", line 256, in _run_task_by_selected_method
    return _run_raw_task(args, ti)
           ^^^^^^^^^^^^^^^^^^^^^^^
  File "/home/airflow/.local/lib/python3.12/site-packages/airflow/cli/commands/task_command.py", line 341, in _run_raw_task
    return ti._run_raw_task(
           ^^^^^^^^^^^^^^^^^
  File "/home/airflow/.local/lib/python3.12/site-packages/airflow/utils/session.py", line 97, in wrapper
    return func(*args, session=session, **kwargs)
           ^^^^^^^^^^^^^^^^^^^^^^^^^^^^^^^^^^^^^^
  File "/home/airflow/.local/lib/python3.12/site-packages/airflow/models/taskinstance.py", line 3006, in _run_raw_task
    return _run_raw_task(
           ^^^^^^^^^^^^^^
  File "/home/airflow/.local/lib/python3.12/site-packages/airflow/models/taskinstance.py", line 274, in _run_raw_task
    TaskInstance._execute_task_with_callbacks(
  File "/home/airflow/.local/lib/python3.12/site-packages/airflow/models/taskinstance.py", line 3161, in _execute_task_with_callbacks
    result = self._execute_task(context, task_orig)
             ^^^^^^^^^^^^^^^^^^^^^^^^^^^^^^^^^^^^^^
  File "/home/airflow/.local/lib/python3.12/site-packages/airflow/models/taskinstance.py", line 3185, in _execute_task
    return _execute_task(self, context, task_orig)
           ^^^^^^^^^^^^^^^^^^^^^^^^^^^^^^^^^^^^^^^
  File "/home/airflow/.local/lib/python3.12/site-packages/airflow/models/taskinstance.py", line 763, in _execute_task
    result = _execute_callable(context=context, **execute_callable_kwargs)
             ^^^^^^^^^^^^^^^^^^^^^^^^^^^^^^^^^^^^^^^^^^^^^^^^^^^^^^^^^^^^^
  File "/home/airflow/.local/lib/python3.12/site-packages/airflow/models/taskinstance.py", line 734, in _execute_callable
    return ExecutionCallableRunner(
           ^^^^^^^^^^^^^^^^^^^^^^^^
  File "/home/airflow/.local/lib/python3.12/site-packages/airflow/utils/operator_helpers.py", line 252, in run
    return self.func(*args, **kwargs)
           ^^^^^^^^^^^^^^^^^^^^^^^^^^
  File "/home/airflow/.local/lib/python3.12/site-packages/airflow/models/baseoperator.py", line 424, in wrapper
    return func(self, *args, **kwargs)
           ^^^^^^^^^^^^^^^^^^^^^^^^^^^
  File "/home/airflow/.local/lib/python3.12/site-packages/airflow/operators/python.py", line 238, in execute
    return_value = self.execute_callable()
                   ^^^^^^^^^^^^^^^^^^^^^^^
  File "/home/airflow/.local/lib/python3.12/site-packages/airflow/operators/python.py", line 256, in execute_callable
    return runner.run(*self.op_args, **self.op_kwargs)
           ^^^^^^^^^^^^^^^^^^^^^^^^^^^^^^^^^^^^^^^^^^^
  File "/home/airflow/.local/lib/python3.12/site-packages/airflow/utils/operator_helpers.py", line 252, in run
    return self.func(*args, **kwargs)
           ^^^^^^^^^^^^^^^^^^^^^^^^^^
  File "/opt/airflow/dags/store_to_sql_order_items.py", line 46, in load_new_order_items
    cursor.execute("""
psycopg2.errors.UndefinedTable: relation "commerce_raw.order_items" does not exist
LINE 2: ...     CREATE TEMP TABLE temp_new_order_items (LIKE commerce_r...
                                                             ^

[2025-04-18T11:24:54.921+0000] {local_task_job_runner.py:266} INFO - Task exited with return code 1
[2025-04-18T11:24:55.016+0000] {taskinstance.py:3901} INFO - 0 downstream tasks scheduled from follow-on schedule check
[2025-04-18T11:24:55.022+0000] {local_task_job_runner.py:245} INFO - ::endgroup::
