[2025-04-19T16:01:28.818+0000] {local_task_job_runner.py:123} INFO - ::group::Pre task execution logs
[2025-04-19T16:01:28.880+0000] {taskinstance.py:2614} INFO - Dependencies all met for dep_context=non-requeueable deps ti=<TaskInstance: dbt_etl_pipeline_seed.dbt_seed manual__2025-04-19T16:01:27.314525+00:00 [queued]>
[2025-04-19T16:01:28.891+0000] {taskinstance.py:2614} INFO - Dependencies all met for dep_context=requeueable deps ti=<TaskInstance: dbt_etl_pipeline_seed.dbt_seed manual__2025-04-19T16:01:27.314525+00:00 [queued]>
[2025-04-19T16:01:28.903+0000] {taskinstance.py:2867} INFO - Starting attempt 1 of 1
[2025-04-19T16:01:28.919+0000] {taskinstance.py:2890} INFO - Executing <Task(BashOperator): dbt_seed> on 2025-04-19 16:01:27.314525+00:00
[2025-04-19T16:01:28.926+0000] {logging_mixin.py:190} WARNING - /home/airflow/.local/lib/python3.12/site-packages/airflow/task/task_runner/standard_task_runner.py:70 DeprecationWarning: This process (pid=5951) is multi-threaded, use of fork() may lead to deadlocks in the child.
[2025-04-19T16:01:28.926+0000] {standard_task_runner.py:104} INFO - Running: ['airflow', 'tasks', 'run', 'dbt_etl_pipeline_seed', 'dbt_seed', 'manual__2025-04-19T16:01:27.314525+00:00', '--job-id', '256', '--raw', '--subdir', 'DAGS_FOLDER/dbt_seed.py', '--cfg-path', '/tmp/tmpn05ik_ml']
[2025-04-19T16:01:28.928+0000] {standard_task_runner.py:72} INFO - Started process 5952 to run task
[2025-04-19T16:01:28.929+0000] {standard_task_runner.py:105} INFO - Job 256: Subtask dbt_seed
[2025-04-19T16:01:29.238+0000] {task_command.py:467} INFO - Running <TaskInstance: dbt_etl_pipeline_seed.dbt_seed manual__2025-04-19T16:01:27.314525+00:00 [running]> on host 27536697ee14
[2025-04-19T16:01:29.686+0000] {taskinstance.py:3134} INFO - Exporting env vars: AIRFLOW_CTX_DAG_OWNER='azizjon' AIRFLOW_CTX_DAG_ID='dbt_etl_pipeline_seed' AIRFLOW_CTX_TASK_ID='dbt_seed' AIRFLOW_CTX_EXECUTION_DATE='2025-04-19T16:01:27.314525+00:00' AIRFLOW_CTX_TRY_NUMBER='1' AIRFLOW_CTX_DAG_RUN_ID='manual__2025-04-19T16:01:27.314525+00:00'
[2025-04-19T16:01:29.687+0000] {taskinstance.py:732} INFO - ::endgroup::
[2025-04-19T16:01:29.701+0000] {subprocess.py:78} INFO - Tmp dir root location: /tmp
[2025-04-19T16:01:29.702+0000] {subprocess.py:88} INFO - Running command: ['/usr/bin/bash', '-c', '\n        export PATH=/home/airflow/.local/bin:$PATH\n        cd /opt/airflow/commerce_dbt\n        dbt seed --profiles-dir .\n        ']
[2025-04-19T16:01:29.712+0000] {subprocess.py:99} INFO - Output:
[2025-04-19T16:01:32.419+0000] {subprocess.py:106} INFO - [0m16:01:32  Running with dbt=1.7.0
[2025-04-19T16:01:32.709+0000] {subprocess.py:106} INFO - [0m16:01:32  Registered adapter: postgres=1.7.0
[2025-04-19T16:01:33.289+0000] {subprocess.py:106} INFO - [0m16:01:33  [[33mWARNING[0m]: Configuration paths exist in your dbt_project.yml file which do not apply to any resources.
[2025-04-19T16:01:33.290+0000] {subprocess.py:106} INFO - There are 1 unused configuration paths:
[2025-04-19T16:01:33.291+0000] {subprocess.py:106} INFO - - seeds.initial_dataset
[2025-04-19T16:01:33.372+0000] {subprocess.py:106} INFO - [0m16:01:33  Found 13 models, 1 snapshot, 6 seeds, 43 tests, 6 sources, 0 exposures, 0 metrics, 401 macros, 0 groups, 0 semantic models
[2025-04-19T16:01:33.379+0000] {subprocess.py:106} INFO - [0m16:01:33
[2025-04-19T16:01:33.930+0000] {subprocess.py:106} INFO - [0m16:01:33  Concurrency: 4 threads (target='dev')
[2025-04-19T16:01:33.931+0000] {subprocess.py:106} INFO - [0m16:01:33
[2025-04-19T16:01:33.947+0000] {subprocess.py:106} INFO - [0m16:01:33  1 of 6 START seed file commerce_raw.customers .................................. [RUN]
[2025-04-19T16:01:33.949+0000] {subprocess.py:106} INFO - [0m16:01:33  2 of 6 START seed file commerce_raw.order_items ................................ [RUN]
[2025-04-19T16:01:33.951+0000] {subprocess.py:106} INFO - [0m16:01:33  3 of 6 START seed file commerce_raw.orders ..................................... [RUN]
[2025-04-19T16:01:33.952+0000] {subprocess.py:106} INFO - [0m16:01:33  4 of 6 START seed file commerce_raw.product_categories ......................... [RUN]
[2025-04-19T16:01:34.965+0000] {subprocess.py:106} INFO - [0m16:01:34  4 of 6 OK loaded seed file commerce_raw.product_categories ..................... [[32mINSERT 4[0m in 0.98s]
[2025-04-19T16:01:35.092+0000] {subprocess.py:106} INFO - [0m16:01:35  5 of 6 START seed file commerce_raw.products ................................... [RUN]
[2025-04-19T16:01:35.915+0000] {subprocess.py:106} INFO - [0m16:01:35  5 of 6 OK loaded seed file commerce_raw.products ............................... [[32mINSERT 17[0m in 0.77s]
[2025-04-19T16:01:36.000+0000] {subprocess.py:106} INFO - [0m16:01:36  6 of 6 START seed file commerce_raw.stores ..................................... [RUN]
[2025-04-19T16:01:36.658+0000] {subprocess.py:106} INFO - [0m16:01:36  6 of 6 OK loaded seed file commerce_raw.stores ................................. [[32mINSERT 5[0m in 0.64s]
[2025-04-19T16:01:37.342+0000] {subprocess.py:106} INFO - [0m16:01:37  1 of 6 OK loaded seed file commerce_raw.customers .............................. [[32mINSERT 1000[0m in 3.38s]
[2025-04-19T16:01:48.136+0000] {subprocess.py:106} INFO - [0m16:01:48  3 of 6 OK loaded seed file commerce_raw.orders ................................. [[32mINSERT 7000[0m in 14.17s]
[2025-04-19T16:01:50.238+0000] {subprocess.py:106} INFO - [0m16:01:50  2 of 6 OK loaded seed file commerce_raw.order_items ............................ [[32mINSERT 10000[0m in 16.28s]
[2025-04-19T16:01:50.338+0000] {subprocess.py:106} INFO - [0m16:01:50
[2025-04-19T16:01:50.339+0000] {subprocess.py:106} INFO - [0m16:01:50  Finished running 6 seeds in 0 hours 0 minutes and 16.96 seconds (16.96s).
[2025-04-19T16:01:50.384+0000] {subprocess.py:106} INFO - [0m16:01:50
[2025-04-19T16:01:50.385+0000] {subprocess.py:106} INFO - [0m16:01:50  [32mCompleted successfully[0m
[2025-04-19T16:01:50.386+0000] {subprocess.py:106} INFO - [0m16:01:50
[2025-04-19T16:01:50.387+0000] {subprocess.py:106} INFO - [0m16:01:50  Done. PASS=6 WARN=0 ERROR=0 SKIP=0 TOTAL=6
[2025-04-19T16:01:51.450+0000] {subprocess.py:110} INFO - Command exited with return code 0
[2025-04-19T16:01:51.589+0000] {taskinstance.py:341} INFO - ::group::Post task execution logs
[2025-04-19T16:01:51.591+0000] {taskinstance.py:353} INFO - Marking task as SUCCESS. dag_id=dbt_etl_pipeline_seed, task_id=dbt_seed, run_id=manual__2025-04-19T16:01:27.314525+00:00, execution_date=20250419T160127, start_date=20250419T160128, end_date=20250419T160151
[2025-04-19T16:01:51.767+0000] {local_task_job_runner.py:266} INFO - Task exited with return code 0
[2025-04-19T16:01:51.843+0000] {taskinstance.py:3901} INFO - 0 downstream tasks scheduled from follow-on schedule check
[2025-04-19T16:01:51.851+0000] {local_task_job_runner.py:245} INFO - ::endgroup::
