[2025-04-19T15:17:53.934+0000] {local_task_job_runner.py:123} INFO - ::group::Pre task execution logs
[2025-04-19T15:17:54.034+0000] {taskinstance.py:2614} INFO - Dependencies all met for dep_context=non-requeueable deps ti=<TaskInstance: dbt_etl_pipeline_staging.dbt_staging scheduled__2025-04-19T15:17:46.709144+00:00 [queued]>
[2025-04-19T15:17:54.053+0000] {taskinstance.py:2614} INFO - Dependencies all met for dep_context=requeueable deps ti=<TaskInstance: dbt_etl_pipeline_staging.dbt_staging scheduled__2025-04-19T15:17:46.709144+00:00 [queued]>
[2025-04-19T15:17:54.054+0000] {taskinstance.py:2867} INFO - Starting attempt 1 of 1
[2025-04-19T15:17:54.077+0000] {taskinstance.py:2890} INFO - Executing <Task(BashOperator): dbt_staging> on 2025-04-19 15:17:46.709144+00:00
[2025-04-19T15:17:54.087+0000] {logging_mixin.py:190} WARNING - /home/airflow/.local/lib/python3.12/site-packages/airflow/task/task_runner/standard_task_runner.py:70 DeprecationWarning: This process (pid=1863) is multi-threaded, use of fork() may lead to deadlocks in the child.
[2025-04-19T15:17:54.089+0000] {standard_task_runner.py:72} INFO - Started process 1867 to run task
[2025-04-19T15:17:54.089+0000] {standard_task_runner.py:104} INFO - Running: ['airflow', 'tasks', 'run', 'dbt_etl_pipeline_staging', 'dbt_staging', 'scheduled__2025-04-19T15:17:46.709144+00:00', '--job-id', '207', '--raw', '--subdir', 'DAGS_FOLDER/dbt_staging.py', '--cfg-path', '/tmp/tmpfc4ns4ha']
[2025-04-19T15:17:54.091+0000] {standard_task_runner.py:105} INFO - Job 207: Subtask dbt_staging
[2025-04-19T15:17:54.326+0000] {task_command.py:467} INFO - Running <TaskInstance: dbt_etl_pipeline_staging.dbt_staging scheduled__2025-04-19T15:17:46.709144+00:00 [running]> on host 27536697ee14
[2025-04-19T15:17:54.599+0000] {taskinstance.py:3134} INFO - Exporting env vars: AIRFLOW_CTX_DAG_OWNER='azizjon' AIRFLOW_CTX_DAG_ID='dbt_etl_pipeline_staging' AIRFLOW_CTX_TASK_ID='dbt_staging' AIRFLOW_CTX_EXECUTION_DATE='2025-04-19T15:17:46.709144+00:00' AIRFLOW_CTX_TRY_NUMBER='1' AIRFLOW_CTX_DAG_RUN_ID='scheduled__2025-04-19T15:17:46.709144+00:00'
[2025-04-19T15:17:54.600+0000] {taskinstance.py:732} INFO - ::endgroup::
[2025-04-19T15:17:54.612+0000] {subprocess.py:78} INFO - Tmp dir root location: /tmp
[2025-04-19T15:17:54.614+0000] {subprocess.py:88} INFO - Running command: ['/usr/bin/bash', '-c', '\n        export PATH=/home/airflow/.local/bin:$PATH\n        cd /opt/airflow/commerce_dbt\n        dbt run --select staging --profiles-dir .\n        ']
[2025-04-19T15:17:54.621+0000] {subprocess.py:99} INFO - Output:
[2025-04-19T15:17:56.767+0000] {subprocess.py:106} INFO - [0m15:17:56  Running with dbt=1.7.0
[2025-04-19T15:17:57.028+0000] {subprocess.py:106} INFO - [0m15:17:57  Registered adapter: postgres=1.7.0
[2025-04-19T15:17:57.450+0000] {subprocess.py:106} INFO - [0m15:17:57  [[33mWARNING[0m]: Configuration paths exist in your dbt_project.yml file which do not apply to any resources.
[2025-04-19T15:17:57.451+0000] {subprocess.py:106} INFO - There are 1 unused configuration paths:
[2025-04-19T15:17:57.452+0000] {subprocess.py:106} INFO - - seeds.initial_dataset
[2025-04-19T15:17:57.497+0000] {subprocess.py:106} INFO - [0m15:17:57  Found 13 models, 1 snapshot, 6 seeds, 43 tests, 6 sources, 0 exposures, 0 metrics, 401 macros, 0 groups, 0 semantic models
[2025-04-19T15:17:57.500+0000] {subprocess.py:106} INFO - [0m15:17:57
[2025-04-19T15:17:57.887+0000] {subprocess.py:106} INFO - [0m15:17:57  Concurrency: 4 threads (target='dev')
[2025-04-19T15:17:57.888+0000] {subprocess.py:106} INFO - [0m15:17:57
[2025-04-19T15:17:57.898+0000] {subprocess.py:106} INFO - [0m15:17:57  1 of 6 START sql table model commerce_staging.stg_customers .................... [RUN]
[2025-04-19T15:17:57.899+0000] {subprocess.py:106} INFO - [0m15:17:57  2 of 6 START sql table model commerce_staging.stg_order_items .................. [RUN]
[2025-04-19T15:17:57.899+0000] {subprocess.py:106} INFO - [0m15:17:57  3 of 6 START sql table model commerce_staging.stg_orders ....................... [RUN]
[2025-04-19T15:17:57.900+0000] {subprocess.py:106} INFO - [0m15:17:57  4 of 6 START sql table model commerce_staging.stg_product_categories ........... [RUN]
[2025-04-19T15:17:58.224+0000] {subprocess.py:106} INFO - [0m15:17:58  3 of 6 OK created sql table model commerce_staging.stg_orders .................. [[32mSELECT 7000[0m in 0.32s]
[2025-04-19T15:17:58.226+0000] {subprocess.py:106} INFO - [0m15:17:58  2 of 6 OK created sql table model commerce_staging.stg_order_items ............. [[32mSELECT 10000[0m in 0.32s]
[2025-04-19T15:17:58.227+0000] {subprocess.py:106} INFO - [0m15:17:58  4 of 6 OK created sql table model commerce_staging.stg_product_categories ...... [[32mSELECT 4[0m in 0.32s]
[2025-04-19T15:17:58.228+0000] {subprocess.py:106} INFO - [0m15:17:58  1 of 6 OK created sql table model commerce_staging.stg_customers ............... [[32mSELECT 1000[0m in 0.32s]
[2025-04-19T15:17:58.232+0000] {subprocess.py:106} INFO - [0m15:17:58  5 of 6 START sql table model commerce_staging.stg_products ..................... [RUN]
[2025-04-19T15:17:58.233+0000] {subprocess.py:106} INFO - [0m15:17:58  6 of 6 START sql table model commerce_staging.stg_stores ....................... [RUN]
[2025-04-19T15:17:58.479+0000] {subprocess.py:106} INFO - [0m15:17:58  6 of 6 OK created sql table model commerce_staging.stg_stores .................. [[32mSELECT 5[0m in 0.24s]
[2025-04-19T15:17:58.480+0000] {subprocess.py:106} INFO - [0m15:17:58  5 of 6 OK created sql table model commerce_staging.stg_products ................ [[32mSELECT 17[0m in 0.24s]
[2025-04-19T15:17:58.687+0000] {subprocess.py:106} INFO - [0m15:17:58
[2025-04-19T15:17:58.688+0000] {subprocess.py:106} INFO - [0m15:17:58  Finished running 6 table models in 0 hours 0 minutes and 1.19 seconds (1.19s).
[2025-04-19T15:17:58.725+0000] {subprocess.py:106} INFO - [0m15:17:58
[2025-04-19T15:17:58.727+0000] {subprocess.py:106} INFO - [0m15:17:58  [32mCompleted successfully[0m
[2025-04-19T15:17:58.728+0000] {subprocess.py:106} INFO - [0m15:17:58
[2025-04-19T15:17:58.729+0000] {subprocess.py:106} INFO - [0m15:17:58  Done. PASS=6 WARN=0 ERROR=0 SKIP=0 TOTAL=6
[2025-04-19T15:18:00.117+0000] {subprocess.py:110} INFO - Command exited with return code 0
[2025-04-19T15:18:00.228+0000] {taskinstance.py:341} INFO - ::group::Post task execution logs
[2025-04-19T15:18:00.229+0000] {taskinstance.py:353} INFO - Marking task as SUCCESS. dag_id=dbt_etl_pipeline_staging, task_id=dbt_staging, run_id=scheduled__2025-04-19T15:17:46.709144+00:00, execution_date=20250419T151746, start_date=20250419T151754, end_date=20250419T151800
[2025-04-19T15:18:00.403+0000] {local_task_job_runner.py:266} INFO - Task exited with return code 0
[2025-04-19T15:18:00.501+0000] {taskinstance.py:3901} INFO - 0 downstream tasks scheduled from follow-on schedule check
[2025-04-19T15:18:00.509+0000] {local_task_job_runner.py:245} INFO - ::endgroup::
