[2025-04-19T15:36:45.169+0000] {local_task_job_runner.py:123} INFO - ::group::Pre task execution logs
[2025-04-19T15:36:45.237+0000] {taskinstance.py:2614} INFO - Dependencies all met for dep_context=non-requeueable deps ti=<TaskInstance: dbt_etl_pipeline_staging.dbt_staging manual__2025-04-19T15:36:44.193436+00:00 [queued]>
[2025-04-19T15:36:45.250+0000] {taskinstance.py:2614} INFO - Dependencies all met for dep_context=requeueable deps ti=<TaskInstance: dbt_etl_pipeline_staging.dbt_staging manual__2025-04-19T15:36:44.193436+00:00 [queued]>
[2025-04-19T15:36:45.252+0000] {taskinstance.py:2867} INFO - Starting attempt 1 of 1
[2025-04-19T15:36:45.272+0000] {taskinstance.py:2890} INFO - Executing <Task(BashOperator): dbt_staging> on 2025-04-19 15:36:44.193436+00:00
[2025-04-19T15:36:45.281+0000] {logging_mixin.py:190} WARNING - /home/airflow/.local/lib/python3.12/site-packages/airflow/task/task_runner/standard_task_runner.py:70 DeprecationWarning: This process (pid=3616) is multi-threaded, use of fork() may lead to deadlocks in the child.
[2025-04-19T15:36:45.283+0000] {standard_task_runner.py:72} INFO - Started process 3617 to run task
[2025-04-19T15:36:45.282+0000] {standard_task_runner.py:104} INFO - Running: ['airflow', 'tasks', 'run', 'dbt_etl_pipeline_staging', 'dbt_staging', 'manual__2025-04-19T15:36:44.193436+00:00', '--job-id', '225', '--raw', '--subdir', 'DAGS_FOLDER/dbt_staging.py', '--cfg-path', '/tmp/tmpfc32qsep']
[2025-04-19T15:36:45.283+0000] {standard_task_runner.py:105} INFO - Job 225: Subtask dbt_staging
[2025-04-19T15:36:45.469+0000] {task_command.py:467} INFO - Running <TaskInstance: dbt_etl_pipeline_staging.dbt_staging manual__2025-04-19T15:36:44.193436+00:00 [running]> on host 27536697ee14
[2025-04-19T15:36:45.699+0000] {taskinstance.py:3134} INFO - Exporting env vars: AIRFLOW_CTX_DAG_OWNER='azizjon' AIRFLOW_CTX_DAG_ID='dbt_etl_pipeline_staging' AIRFLOW_CTX_TASK_ID='dbt_staging' AIRFLOW_CTX_EXECUTION_DATE='2025-04-19T15:36:44.193436+00:00' AIRFLOW_CTX_TRY_NUMBER='1' AIRFLOW_CTX_DAG_RUN_ID='manual__2025-04-19T15:36:44.193436+00:00'
[2025-04-19T15:36:45.700+0000] {taskinstance.py:732} INFO - ::endgroup::
[2025-04-19T15:36:45.716+0000] {subprocess.py:78} INFO - Tmp dir root location: /tmp
[2025-04-19T15:36:45.717+0000] {subprocess.py:88} INFO - Running command: ['/usr/bin/bash', '-c', '\n        export PATH=/home/airflow/.local/bin:$PATH\n        cd /opt/airflow/commerce_dbt\n        dbt run --select staging --profiles-dir .\n        ']
[2025-04-19T15:36:45.727+0000] {subprocess.py:99} INFO - Output:
[2025-04-19T15:36:48.178+0000] {subprocess.py:106} INFO - [0m15:36:48  Running with dbt=1.7.0
[2025-04-19T15:36:48.435+0000] {subprocess.py:106} INFO - [0m15:36:48  Registered adapter: postgres=1.7.0
[2025-04-19T15:36:48.900+0000] {subprocess.py:106} INFO - [0m15:36:48  [[33mWARNING[0m]: Configuration paths exist in your dbt_project.yml file which do not apply to any resources.
[2025-04-19T15:36:48.901+0000] {subprocess.py:106} INFO - There are 1 unused configuration paths:
[2025-04-19T15:36:48.903+0000] {subprocess.py:106} INFO - - seeds.initial_dataset
[2025-04-19T15:36:48.988+0000] {subprocess.py:106} INFO - [0m15:36:48  Found 13 models, 1 snapshot, 6 seeds, 43 tests, 6 sources, 0 exposures, 0 metrics, 401 macros, 0 groups, 0 semantic models
[2025-04-19T15:36:48.996+0000] {subprocess.py:106} INFO - [0m15:36:48
[2025-04-19T15:36:49.503+0000] {subprocess.py:106} INFO - [0m15:36:49  Concurrency: 4 threads (target='dev')
[2025-04-19T15:36:49.504+0000] {subprocess.py:106} INFO - [0m15:36:49
[2025-04-19T15:36:49.514+0000] {subprocess.py:106} INFO - [0m15:36:49  1 of 6 START sql table model commerce_staging.stg_customers .................... [RUN]
[2025-04-19T15:36:49.515+0000] {subprocess.py:106} INFO - [0m15:36:49  2 of 6 START sql table model commerce_staging.stg_order_items .................. [RUN]
[2025-04-19T15:36:49.516+0000] {subprocess.py:106} INFO - [0m15:36:49  3 of 6 START sql table model commerce_staging.stg_orders ....................... [RUN]
[2025-04-19T15:36:49.517+0000] {subprocess.py:106} INFO - [0m15:36:49  4 of 6 START sql table model commerce_staging.stg_product_categories ........... [RUN]
[2025-04-19T15:36:49.839+0000] {subprocess.py:106} INFO - [0m15:36:49  2 of 6 OK created sql table model commerce_staging.stg_order_items ............. [[32mSELECT 10000[0m in 0.31s]
[2025-04-19T15:36:49.841+0000] {subprocess.py:106} INFO - [0m15:36:49  3 of 6 OK created sql table model commerce_staging.stg_orders .................. [[32mSELECT 7000[0m in 0.31s]
[2025-04-19T15:36:49.842+0000] {subprocess.py:106} INFO - [0m15:36:49  4 of 6 OK created sql table model commerce_staging.stg_product_categories ...... [[32mSELECT 4[0m in 0.31s]
[2025-04-19T15:36:49.843+0000] {subprocess.py:106} INFO - [0m15:36:49  1 of 6 OK created sql table model commerce_staging.stg_customers ............... [[32mSELECT 1000[0m in 0.32s]
[2025-04-19T15:36:49.849+0000] {subprocess.py:106} INFO - [0m15:36:49  5 of 6 START sql table model commerce_staging.stg_products ..................... [RUN]
[2025-04-19T15:36:49.849+0000] {subprocess.py:106} INFO - [0m15:36:49  6 of 6 START sql table model commerce_staging.stg_stores ....................... [RUN]
[2025-04-19T15:36:49.988+0000] {subprocess.py:106} INFO - [0m15:36:49  6 of 6 OK created sql table model commerce_staging.stg_stores .................. [[32mSELECT 5[0m in 0.14s]
[2025-04-19T15:36:50.010+0000] {subprocess.py:106} INFO - [0m15:36:50  5 of 6 OK created sql table model commerce_staging.stg_products ................ [[32mSELECT 17[0m in 0.16s]
[2025-04-19T15:36:50.070+0000] {subprocess.py:106} INFO - [0m15:36:50
[2025-04-19T15:36:50.071+0000] {subprocess.py:106} INFO - [0m15:36:50  Finished running 6 table models in 0 hours 0 minutes and 1.07 seconds (1.07s).
[2025-04-19T15:36:50.100+0000] {subprocess.py:106} INFO - [0m15:36:50
[2025-04-19T15:36:50.100+0000] {subprocess.py:106} INFO - [0m15:36:50  [32mCompleted successfully[0m
[2025-04-19T15:36:50.101+0000] {subprocess.py:106} INFO - [0m15:36:50
[2025-04-19T15:36:50.102+0000] {subprocess.py:106} INFO - [0m15:36:50  Done. PASS=6 WARN=0 ERROR=0 SKIP=0 TOTAL=6
[2025-04-19T15:36:51.104+0000] {subprocess.py:110} INFO - Command exited with return code 0
[2025-04-19T15:36:51.210+0000] {taskinstance.py:341} INFO - ::group::Post task execution logs
[2025-04-19T15:36:51.211+0000] {taskinstance.py:353} INFO - Marking task as SUCCESS. dag_id=dbt_etl_pipeline_staging, task_id=dbt_staging, run_id=manual__2025-04-19T15:36:44.193436+00:00, execution_date=20250419T153644, start_date=20250419T153645, end_date=20250419T153651
[2025-04-19T15:36:51.344+0000] {local_task_job_runner.py:266} INFO - Task exited with return code 0
[2025-04-19T15:36:51.416+0000] {taskinstance.py:3901} INFO - 0 downstream tasks scheduled from follow-on schedule check
[2025-04-19T15:36:51.420+0000] {local_task_job_runner.py:245} INFO - ::endgroup::
