[2025-04-19T01:31:15.798+0000] {local_task_job_runner.py:123} INFO - ::group::Pre task execution logs
[2025-04-19T01:31:15.913+0000] {taskinstance.py:2614} INFO - Dependencies all met for dep_context=non-requeueable deps ti=<TaskInstance: load_new_order_items.load_new_order_items scheduled__2025-04-18T00:00:00+00:00 [queued]>
[2025-04-19T01:31:15.942+0000] {taskinstance.py:2614} INFO - Dependencies all met for dep_context=requeueable deps ti=<TaskInstance: load_new_order_items.load_new_order_items scheduled__2025-04-18T00:00:00+00:00 [queued]>
[2025-04-19T01:31:15.943+0000] {taskinstance.py:2867} INFO - Starting attempt 1 of 1
[2025-04-19T01:31:15.967+0000] {taskinstance.py:2890} INFO - Executing <Task(PythonOperator): load_new_order_items> on 2025-04-18 00:00:00+00:00
[2025-04-19T01:31:15.983+0000] {standard_task_runner.py:104} INFO - Running: ['airflow', 'tasks', 'run', 'load_new_order_items', 'load_new_order_items', 'scheduled__2025-04-18T00:00:00+00:00', '--job-id', '133', '--raw', '--subdir', 'DAGS_FOLDER/store_to_sql_order_items.py', '--cfg-path', '/tmp/tmpich6932m']
[2025-04-19T01:31:15.988+0000] {standard_task_runner.py:105} INFO - Job 133: Subtask load_new_order_items
[2025-04-19T01:31:15.991+0000] {logging_mixin.py:190} WARNING - /home/airflow/.local/lib/python3.12/site-packages/airflow/task/task_runner/standard_task_runner.py:70 DeprecationWarning: This process (pid=190) is multi-threaded, use of fork() may lead to deadlocks in the child.
[2025-04-19T01:31:15.993+0000] {standard_task_runner.py:72} INFO - Started process 208 to run task
[2025-04-19T01:31:16.484+0000] {task_command.py:467} INFO - Running <TaskInstance: load_new_order_items.load_new_order_items scheduled__2025-04-18T00:00:00+00:00 [running]> on host 9c8f13362ff5
[2025-04-19T01:31:17.043+0000] {taskinstance.py:3134} INFO - Exporting env vars: AIRFLOW_CTX_DAG_OWNER='azizjon' AIRFLOW_CTX_DAG_ID='load_new_order_items' AIRFLOW_CTX_TASK_ID='load_new_order_items' AIRFLOW_CTX_EXECUTION_DATE='2025-04-18T00:00:00+00:00' AIRFLOW_CTX_TRY_NUMBER='1' AIRFLOW_CTX_DAG_RUN_ID='scheduled__2025-04-18T00:00:00+00:00'
[2025-04-19T01:31:17.045+0000] {taskinstance.py:732} INFO - ::endgroup::
[2025-04-19T01:31:17.327+0000] {python.py:240} INFO - Done. Returned value was: None
[2025-04-19T01:31:17.540+0000] {taskinstance.py:341} INFO - ::group::Post task execution logs
[2025-04-19T01:31:17.541+0000] {taskinstance.py:353} INFO - Marking task as SUCCESS. dag_id=load_new_order_items, task_id=load_new_order_items, run_id=scheduled__2025-04-18T00:00:00+00:00, execution_date=20250418T000000, start_date=20250419T013115, end_date=20250419T013117
[2025-04-19T01:31:17.740+0000] {local_task_job_runner.py:266} INFO - Task exited with return code 0
[2025-04-19T01:31:17.848+0000] {taskinstance.py:3901} INFO - 1 downstream tasks scheduled from follow-on schedule check
[2025-04-19T01:31:17.852+0000] {local_task_job_runner.py:245} INFO - ::endgroup::
[2025-04-19T12:07:08.127+0000] {local_task_job_runner.py:123} INFO - ::group::Pre task execution logs
[2025-04-19T12:07:08.249+0000] {taskinstance.py:2614} INFO - Dependencies all met for dep_context=non-requeueable deps ti=<TaskInstance: load_new_order_items.load_new_order_items scheduled__2025-04-18T00:00:00+00:00 [queued]>
[2025-04-19T12:07:08.269+0000] {taskinstance.py:2614} INFO - Dependencies all met for dep_context=requeueable deps ti=<TaskInstance: load_new_order_items.load_new_order_items scheduled__2025-04-18T00:00:00+00:00 [queued]>
[2025-04-19T12:07:08.271+0000] {taskinstance.py:2867} INFO - Starting attempt 1 of 1
[2025-04-19T12:07:08.298+0000] {taskinstance.py:2890} INFO - Executing <Task(PythonOperator): load_new_order_items> on 2025-04-18 00:00:00+00:00
[2025-04-19T12:07:08.314+0000] {standard_task_runner.py:104} INFO - Running: ['airflow', 'tasks', 'run', 'load_new_order_items', 'load_new_order_items', 'scheduled__2025-04-18T00:00:00+00:00', '--job-id', '163', '--raw', '--subdir', 'DAGS_FOLDER/store_to_sql_order_items.py', '--cfg-path', '/tmp/tmplsskx98r']
[2025-04-19T12:07:08.318+0000] {standard_task_runner.py:105} INFO - Job 163: Subtask load_new_order_items
[2025-04-19T12:07:08.318+0000] {logging_mixin.py:190} WARNING - /home/airflow/.local/lib/python3.12/site-packages/airflow/task/task_runner/standard_task_runner.py:70 DeprecationWarning: This process (pid=943) is multi-threaded, use of fork() may lead to deadlocks in the child.
[2025-04-19T12:07:08.319+0000] {standard_task_runner.py:72} INFO - Started process 952 to run task
[2025-04-19T12:07:08.692+0000] {task_command.py:467} INFO - Running <TaskInstance: load_new_order_items.load_new_order_items scheduled__2025-04-18T00:00:00+00:00 [running]> on host 8310323359f9
[2025-04-19T12:07:09.389+0000] {taskinstance.py:3134} INFO - Exporting env vars: AIRFLOW_CTX_DAG_OWNER='azizjon' AIRFLOW_CTX_DAG_ID='load_new_order_items' AIRFLOW_CTX_TASK_ID='load_new_order_items' AIRFLOW_CTX_EXECUTION_DATE='2025-04-18T00:00:00+00:00' AIRFLOW_CTX_TRY_NUMBER='1' AIRFLOW_CTX_DAG_RUN_ID='scheduled__2025-04-18T00:00:00+00:00'
[2025-04-19T12:07:09.390+0000] {taskinstance.py:732} INFO - ::endgroup::
[2025-04-19T12:07:09.843+0000] {python.py:240} INFO - Done. Returned value was: None
[2025-04-19T12:07:09.945+0000] {taskinstance.py:341} INFO - ::group::Post task execution logs
[2025-04-19T12:07:09.946+0000] {taskinstance.py:353} INFO - Marking task as SUCCESS. dag_id=load_new_order_items, task_id=load_new_order_items, run_id=scheduled__2025-04-18T00:00:00+00:00, execution_date=20250418T000000, start_date=20250419T120708, end_date=20250419T120709
[2025-04-19T12:07:10.150+0000] {local_task_job_runner.py:266} INFO - Task exited with return code 0
[2025-04-19T12:07:10.276+0000] {taskinstance.py:3901} INFO - 1 downstream tasks scheduled from follow-on schedule check
[2025-04-19T12:07:10.281+0000] {local_task_job_runner.py:245} INFO - ::endgroup::
