[2025-04-19T15:17:19.294+0000] {local_task_job_runner.py:123} INFO - ::group::Pre task execution logs
[2025-04-19T15:17:19.358+0000] {taskinstance.py:2614} INFO - Dependencies all met for dep_context=non-requeueable deps ti=<TaskInstance: dbt_etl_pipeline_seed.dbt_seed manual__2025-04-19T15:17:18.415249+00:00 [queued]>
[2025-04-19T15:17:19.368+0000] {taskinstance.py:2614} INFO - Dependencies all met for dep_context=requeueable deps ti=<TaskInstance: dbt_etl_pipeline_seed.dbt_seed manual__2025-04-19T15:17:18.415249+00:00 [queued]>
[2025-04-19T15:17:19.370+0000] {taskinstance.py:2867} INFO - Starting attempt 1 of 1
[2025-04-19T15:17:19.385+0000] {taskinstance.py:2890} INFO - Executing <Task(BashOperator): dbt_seed> on 2025-04-19 15:17:18.415249+00:00
[2025-04-19T15:17:19.394+0000] {logging_mixin.py:190} WARNING - /home/airflow/.local/lib/python3.12/site-packages/airflow/task/task_runner/standard_task_runner.py:70 DeprecationWarning: This process (pid=1786) is multi-threaded, use of fork() may lead to deadlocks in the child.
[2025-04-19T15:17:19.395+0000] {standard_task_runner.py:72} INFO - Started process 1787 to run task
[2025-04-19T15:17:19.394+0000] {standard_task_runner.py:104} INFO - Running: ['airflow', 'tasks', 'run', 'dbt_etl_pipeline_seed', 'dbt_seed', 'manual__2025-04-19T15:17:18.415249+00:00', '--job-id', '205', '--raw', '--subdir', 'DAGS_FOLDER/dbt_seed.py', '--cfg-path', '/tmp/tmp7i48erw9']
[2025-04-19T15:17:19.396+0000] {standard_task_runner.py:105} INFO - Job 205: Subtask dbt_seed
[2025-04-19T15:17:19.608+0000] {task_command.py:467} INFO - Running <TaskInstance: dbt_etl_pipeline_seed.dbt_seed manual__2025-04-19T15:17:18.415249+00:00 [running]> on host 27536697ee14
[2025-04-19T15:17:19.841+0000] {taskinstance.py:3134} INFO - Exporting env vars: AIRFLOW_CTX_DAG_OWNER='azizjon' AIRFLOW_CTX_DAG_ID='dbt_etl_pipeline_seed' AIRFLOW_CTX_TASK_ID='dbt_seed' AIRFLOW_CTX_EXECUTION_DATE='2025-04-19T15:17:18.415249+00:00' AIRFLOW_CTX_TRY_NUMBER='1' AIRFLOW_CTX_DAG_RUN_ID='manual__2025-04-19T15:17:18.415249+00:00'
[2025-04-19T15:17:19.843+0000] {taskinstance.py:732} INFO - ::endgroup::
[2025-04-19T15:17:19.856+0000] {subprocess.py:78} INFO - Tmp dir root location: /tmp
[2025-04-19T15:17:19.858+0000] {subprocess.py:88} INFO - Running command: ['/usr/bin/bash', '-c', '\n        export PATH=/home/airflow/.local/bin:$PATH\n        cd /opt/airflow/commerce_dbt\n        dbt seed --profiles-dir .\n        ']
[2025-04-19T15:17:19.867+0000] {subprocess.py:99} INFO - Output:
[2025-04-19T15:17:22.326+0000] {subprocess.py:106} INFO - [0m15:17:22  Running with dbt=1.7.0
[2025-04-19T15:17:22.580+0000] {subprocess.py:106} INFO - [0m15:17:22  Registered adapter: postgres=1.7.0
[2025-04-19T15:17:23.120+0000] {subprocess.py:106} INFO - [0m15:17:23  [[33mWARNING[0m]: Configuration paths exist in your dbt_project.yml file which do not apply to any resources.
[2025-04-19T15:17:23.121+0000] {subprocess.py:106} INFO - There are 1 unused configuration paths:
[2025-04-19T15:17:23.121+0000] {subprocess.py:106} INFO - - seeds.initial_dataset
[2025-04-19T15:17:23.180+0000] {subprocess.py:106} INFO - [0m15:17:23  Found 13 models, 1 snapshot, 6 seeds, 43 tests, 6 sources, 0 exposures, 0 metrics, 401 macros, 0 groups, 0 semantic models
[2025-04-19T15:17:23.185+0000] {subprocess.py:106} INFO - [0m15:17:23
[2025-04-19T15:17:23.547+0000] {subprocess.py:106} INFO - [0m15:17:23  Concurrency: 4 threads (target='dev')
[2025-04-19T15:17:23.548+0000] {subprocess.py:106} INFO - [0m15:17:23
[2025-04-19T15:17:23.562+0000] {subprocess.py:106} INFO - [0m15:17:23  1 of 6 START seed file commerce_raw.customers .................................. [RUN]
[2025-04-19T15:17:23.562+0000] {subprocess.py:106} INFO - [0m15:17:23  2 of 6 START seed file commerce_raw.order_items ................................ [RUN]
[2025-04-19T15:17:23.563+0000] {subprocess.py:106} INFO - [0m15:17:23  3 of 6 START seed file commerce_raw.orders ..................................... [RUN]
[2025-04-19T15:17:23.564+0000] {subprocess.py:106} INFO - [0m15:17:23  4 of 6 START seed file commerce_raw.product_categories ......................... [RUN]
[2025-04-19T15:17:24.436+0000] {subprocess.py:106} INFO - [0m15:17:24  4 of 6 OK loaded seed file commerce_raw.product_categories ..................... [[32mINSERT 4[0m in 0.85s]
[2025-04-19T15:17:24.471+0000] {subprocess.py:106} INFO - [0m15:17:24  5 of 6 START seed file commerce_raw.products ................................... [RUN]
[2025-04-19T15:17:25.224+0000] {subprocess.py:106} INFO - [0m15:17:25  5 of 6 OK loaded seed file commerce_raw.products ............................... [[32mINSERT 17[0m in 0.72s]
[2025-04-19T15:17:25.316+0000] {subprocess.py:106} INFO - [0m15:17:25  6 of 6 START seed file commerce_raw.stores ..................................... [RUN]
[2025-04-19T15:17:26.088+0000] {subprocess.py:106} INFO - [0m15:17:26  6 of 6 OK loaded seed file commerce_raw.stores ................................. [[32mINSERT 5[0m in 0.72s]
[2025-04-19T15:17:26.865+0000] {subprocess.py:106} INFO - [0m15:17:26  1 of 6 OK loaded seed file commerce_raw.customers .............................. [[32mINSERT 1000[0m in 3.29s]
[2025-04-19T15:17:36.118+0000] {subprocess.py:106} INFO - [0m15:17:36  3 of 6 OK loaded seed file commerce_raw.orders ................................. [[32mINSERT 7000[0m in 12.54s]
[2025-04-19T15:17:38.317+0000] {subprocess.py:106} INFO - [0m15:17:38  2 of 6 OK loaded seed file commerce_raw.order_items ............................ [[32mINSERT 10000[0m in 14.75s]
[2025-04-19T15:17:38.387+0000] {subprocess.py:106} INFO - [0m15:17:38
[2025-04-19T15:17:38.388+0000] {subprocess.py:106} INFO - [0m15:17:38  Finished running 6 seeds in 0 hours 0 minutes and 15.20 seconds (15.20s).
[2025-04-19T15:17:38.416+0000] {subprocess.py:106} INFO - [0m15:17:38
[2025-04-19T15:17:38.417+0000] {subprocess.py:106} INFO - [0m15:17:38  [32mCompleted successfully[0m
[2025-04-19T15:17:38.417+0000] {subprocess.py:106} INFO - [0m15:17:38
[2025-04-19T15:17:38.418+0000] {subprocess.py:106} INFO - [0m15:17:38  Done. PASS=6 WARN=0 ERROR=0 SKIP=0 TOTAL=6
[2025-04-19T15:17:39.741+0000] {subprocess.py:110} INFO - Command exited with return code 0
[2025-04-19T15:17:39.864+0000] {taskinstance.py:341} INFO - ::group::Post task execution logs
[2025-04-19T15:17:39.865+0000] {taskinstance.py:353} INFO - Marking task as SUCCESS. dag_id=dbt_etl_pipeline_seed, task_id=dbt_seed, run_id=manual__2025-04-19T15:17:18.415249+00:00, execution_date=20250419T151718, start_date=20250419T151719, end_date=20250419T151739
[2025-04-19T15:17:40.052+0000] {local_task_job_runner.py:266} INFO - Task exited with return code 0
[2025-04-19T15:17:40.114+0000] {taskinstance.py:3901} INFO - 0 downstream tasks scheduled from follow-on schedule check
[2025-04-19T15:17:40.119+0000] {local_task_job_runner.py:245} INFO - ::endgroup::
