[2025-04-19T01:31:15.780+0000] {local_task_job_runner.py:123} INFO - ::group::Pre task execution logs
[2025-04-19T01:31:15.903+0000] {taskinstance.py:2614} INFO - Dependencies all met for dep_context=non-requeueable deps ti=<TaskInstance: load_new_orders.load_new_orders scheduled__2025-04-18T00:00:00+00:00 [queued]>
[2025-04-19T01:31:15.931+0000] {taskinstance.py:2614} INFO - Dependencies all met for dep_context=requeueable deps ti=<TaskInstance: load_new_orders.load_new_orders scheduled__2025-04-18T00:00:00+00:00 [queued]>
[2025-04-19T01:31:15.934+0000] {taskinstance.py:2867} INFO - Starting attempt 1 of 1
[2025-04-19T01:31:15.964+0000] {taskinstance.py:2890} INFO - Executing <Task(PythonOperator): load_new_orders> on 2025-04-18 00:00:00+00:00
[2025-04-19T01:31:15.978+0000] {standard_task_runner.py:104} INFO - Running: ['airflow', 'tasks', 'run', 'load_new_orders', 'load_new_orders', 'scheduled__2025-04-18T00:00:00+00:00', '--job-id', '132', '--raw', '--subdir', 'DAGS_FOLDER/store_to_sql_orders.py', '--cfg-path', '/tmp/tmpqyfpu4pn']
[2025-04-19T01:31:15.983+0000] {standard_task_runner.py:105} INFO - Job 132: Subtask load_new_orders
[2025-04-19T01:31:15.985+0000] {logging_mixin.py:190} WARNING - /home/airflow/.local/lib/python3.12/site-packages/airflow/task/task_runner/standard_task_runner.py:70 DeprecationWarning: This process (pid=189) is multi-threaded, use of fork() may lead to deadlocks in the child.
[2025-04-19T01:31:15.986+0000] {standard_task_runner.py:72} INFO - Started process 207 to run task
[2025-04-19T01:31:16.379+0000] {task_command.py:467} INFO - Running <TaskInstance: load_new_orders.load_new_orders scheduled__2025-04-18T00:00:00+00:00 [running]> on host 9c8f13362ff5
[2025-04-19T01:31:16.852+0000] {taskinstance.py:3134} INFO - Exporting env vars: AIRFLOW_CTX_DAG_OWNER='azizjon' AIRFLOW_CTX_DAG_ID='load_new_orders' AIRFLOW_CTX_TASK_ID='load_new_orders' AIRFLOW_CTX_EXECUTION_DATE='2025-04-18T00:00:00+00:00' AIRFLOW_CTX_TRY_NUMBER='1' AIRFLOW_CTX_DAG_RUN_ID='scheduled__2025-04-18T00:00:00+00:00'
[2025-04-19T01:31:16.855+0000] {taskinstance.py:732} INFO - ::endgroup::
[2025-04-19T01:31:17.029+0000] {python.py:240} INFO - Done. Returned value was: None
[2025-04-19T01:31:17.120+0000] {taskinstance.py:341} INFO - ::group::Post task execution logs
[2025-04-19T01:31:17.121+0000] {taskinstance.py:353} INFO - Marking task as SUCCESS. dag_id=load_new_orders, task_id=load_new_orders, run_id=scheduled__2025-04-18T00:00:00+00:00, execution_date=20250418T000000, start_date=20250419T013115, end_date=20250419T013117
[2025-04-19T01:31:17.331+0000] {local_task_job_runner.py:266} INFO - Task exited with return code 0
[2025-04-19T01:31:17.460+0000] {taskinstance.py:3901} INFO - 0 downstream tasks scheduled from follow-on schedule check
[2025-04-19T01:31:17.466+0000] {local_task_job_runner.py:245} INFO - ::endgroup::
[2025-04-19T12:07:08.001+0000] {local_task_job_runner.py:123} INFO - ::group::Pre task execution logs
[2025-04-19T12:07:08.117+0000] {taskinstance.py:2614} INFO - Dependencies all met for dep_context=non-requeueable deps ti=<TaskInstance: load_new_orders.load_new_orders scheduled__2025-04-18T00:00:00+00:00 [queued]>
[2025-04-19T12:07:08.140+0000] {taskinstance.py:2614} INFO - Dependencies all met for dep_context=requeueable deps ti=<TaskInstance: load_new_orders.load_new_orders scheduled__2025-04-18T00:00:00+00:00 [queued]>
[2025-04-19T12:07:08.141+0000] {taskinstance.py:2867} INFO - Starting attempt 1 of 1
[2025-04-19T12:07:08.169+0000] {taskinstance.py:2890} INFO - Executing <Task(PythonOperator): load_new_orders> on 2025-04-18 00:00:00+00:00
[2025-04-19T12:07:08.182+0000] {standard_task_runner.py:104} INFO - Running: ['airflow', 'tasks', 'run', 'load_new_orders', 'load_new_orders', 'scheduled__2025-04-18T00:00:00+00:00', '--job-id', '164', '--raw', '--subdir', 'DAGS_FOLDER/store_to_sql_orders.py', '--cfg-path', '/tmp/tmps_th1_kx']
[2025-04-19T12:07:08.185+0000] {standard_task_runner.py:105} INFO - Job 164: Subtask load_new_orders
[2025-04-19T12:07:08.186+0000] {logging_mixin.py:190} WARNING - /home/airflow/.local/lib/python3.12/site-packages/airflow/task/task_runner/standard_task_runner.py:70 DeprecationWarning: This process (pid=942) is multi-threaded, use of fork() may lead to deadlocks in the child.
[2025-04-19T12:07:08.188+0000] {standard_task_runner.py:72} INFO - Started process 950 to run task
[2025-04-19T12:07:08.529+0000] {task_command.py:467} INFO - Running <TaskInstance: load_new_orders.load_new_orders scheduled__2025-04-18T00:00:00+00:00 [running]> on host 8310323359f9
[2025-04-19T12:07:08.981+0000] {taskinstance.py:3134} INFO - Exporting env vars: AIRFLOW_CTX_DAG_OWNER='azizjon' AIRFLOW_CTX_DAG_ID='load_new_orders' AIRFLOW_CTX_TASK_ID='load_new_orders' AIRFLOW_CTX_EXECUTION_DATE='2025-04-18T00:00:00+00:00' AIRFLOW_CTX_TRY_NUMBER='1' AIRFLOW_CTX_DAG_RUN_ID='scheduled__2025-04-18T00:00:00+00:00'
[2025-04-19T12:07:08.983+0000] {taskinstance.py:732} INFO - ::endgroup::
[2025-04-19T12:07:09.157+0000] {python.py:240} INFO - Done. Returned value was: None
[2025-04-19T12:07:09.294+0000] {taskinstance.py:341} INFO - ::group::Post task execution logs
[2025-04-19T12:07:09.296+0000] {taskinstance.py:353} INFO - Marking task as SUCCESS. dag_id=load_new_orders, task_id=load_new_orders, run_id=scheduled__2025-04-18T00:00:00+00:00, execution_date=20250418T000000, start_date=20250419T120708, end_date=20250419T120709
[2025-04-19T12:07:09.533+0000] {local_task_job_runner.py:266} INFO - Task exited with return code 0
[2025-04-19T12:07:09.646+0000] {taskinstance.py:3901} INFO - 1 downstream tasks scheduled from follow-on schedule check
[2025-04-19T12:07:09.652+0000] {local_task_job_runner.py:245} INFO - ::endgroup::
