[2025-04-19T01:31:18.255+0000] {local_task_job_runner.py:123} INFO - ::group::Pre task execution logs
[2025-04-19T01:31:18.468+0000] {taskinstance.py:2614} INFO - Dependencies all met for dep_context=non-requeueable deps ti=<TaskInstance: load_new_orders.dbt_staging scheduled__2025-04-18T00:00:00+00:00 [queued]>
[2025-04-19T01:31:18.489+0000] {taskinstance.py:2614} INFO - Dependencies all met for dep_context=requeueable deps ti=<TaskInstance: load_new_orders.dbt_staging scheduled__2025-04-18T00:00:00+00:00 [queued]>
[2025-04-19T01:31:18.490+0000] {taskinstance.py:2867} INFO - Starting attempt 1 of 1
[2025-04-19T01:31:18.510+0000] {taskinstance.py:2890} INFO - Executing <Task(TriggerDagRunOperator): dbt_staging> on 2025-04-18 00:00:00+00:00
[2025-04-19T01:31:18.519+0000] {logging_mixin.py:190} WARNING - /home/airflow/.local/lib/python3.12/site-packages/airflow/task/task_runner/standard_task_runner.py:70 DeprecationWarning: This process (pid=225) is multi-threaded, use of fork() may lead to deadlocks in the child.
[2025-04-19T01:31:18.518+0000] {standard_task_runner.py:104} INFO - Running: ['airflow', 'tasks', 'run', 'load_new_orders', 'dbt_staging', 'scheduled__2025-04-18T00:00:00+00:00', '--job-id', '134', '--raw', '--subdir', 'DAGS_FOLDER/store_to_sql_orders.py', '--cfg-path', '/tmp/tmphgs059b0']
[2025-04-19T01:31:18.520+0000] {standard_task_runner.py:72} INFO - Started process 226 to run task
[2025-04-19T01:31:18.520+0000] {standard_task_runner.py:105} INFO - Job 134: Subtask dbt_staging
[2025-04-19T01:31:18.826+0000] {task_command.py:467} INFO - Running <TaskInstance: load_new_orders.dbt_staging scheduled__2025-04-18T00:00:00+00:00 [running]> on host 9c8f13362ff5
[2025-04-19T01:31:19.181+0000] {taskinstance.py:3134} INFO - Exporting env vars: AIRFLOW_CTX_DAG_OWNER='azizjon' AIRFLOW_CTX_DAG_ID='load_new_orders' AIRFLOW_CTX_TASK_ID='dbt_staging' AIRFLOW_CTX_EXECUTION_DATE='2025-04-18T00:00:00+00:00' AIRFLOW_CTX_TRY_NUMBER='1' AIRFLOW_CTX_DAG_RUN_ID='scheduled__2025-04-18T00:00:00+00:00'
[2025-04-19T01:31:19.182+0000] {taskinstance.py:732} INFO - ::endgroup::
[2025-04-19T01:31:20.008+0000] {trigger_dagrun.py:257} INFO - Waiting for dbt_etl_pipeline_staging on 2025-04-18 00:00:00+00:00 to become allowed state ['success'] ...
[2025-04-19T01:31:25.159+0000] {trigger_dagrun.py:271} INFO - dbt_etl_pipeline_staging finished with allowed state success
[2025-04-19T01:31:25.225+0000] {taskinstance.py:341} INFO - ::group::Post task execution logs
[2025-04-19T01:31:25.225+0000] {taskinstance.py:353} INFO - Marking task as SUCCESS. dag_id=load_new_orders, task_id=dbt_staging, run_id=scheduled__2025-04-18T00:00:00+00:00, execution_date=20250418T000000, start_date=20250419T013118, end_date=20250419T013125
[2025-04-19T01:31:25.438+0000] {local_task_job_runner.py:266} INFO - Task exited with return code 0
[2025-04-19T01:31:25.644+0000] {taskinstance.py:3901} INFO - 1 downstream tasks scheduled from follow-on schedule check
[2025-04-19T01:31:25.650+0000] {local_task_job_runner.py:245} INFO - ::endgroup::
[2025-04-19T12:07:10.361+0000] {local_task_job_runner.py:123} INFO - ::group::Pre task execution logs
[2025-04-19T12:07:10.481+0000] {taskinstance.py:2614} INFO - Dependencies all met for dep_context=non-requeueable deps ti=<TaskInstance: load_new_orders.dbt_staging scheduled__2025-04-18T00:00:00+00:00 [queued]>
[2025-04-19T12:07:10.503+0000] {taskinstance.py:2614} INFO - Dependencies all met for dep_context=requeueable deps ti=<TaskInstance: load_new_orders.dbt_staging scheduled__2025-04-18T00:00:00+00:00 [queued]>
[2025-04-19T12:07:10.504+0000] {taskinstance.py:2867} INFO - Starting attempt 1 of 1
[2025-04-19T12:07:10.538+0000] {taskinstance.py:2890} INFO - Executing <Task(TriggerDagRunOperator): dbt_staging> on 2025-04-18 00:00:00+00:00
[2025-04-19T12:07:10.548+0000] {standard_task_runner.py:104} INFO - Running: ['airflow', 'tasks', 'run', 'load_new_orders', 'dbt_staging', 'scheduled__2025-04-18T00:00:00+00:00', '--job-id', '165', '--raw', '--subdir', 'DAGS_FOLDER/store_to_sql_orders.py', '--cfg-path', '/tmp/tmp_p968eet']
[2025-04-19T12:07:10.551+0000] {standard_task_runner.py:105} INFO - Job 165: Subtask dbt_staging
[2025-04-19T12:07:10.552+0000] {logging_mixin.py:190} WARNING - /home/airflow/.local/lib/python3.12/site-packages/airflow/task/task_runner/standard_task_runner.py:70 DeprecationWarning: This process (pid=969) is multi-threaded, use of fork() may lead to deadlocks in the child.
[2025-04-19T12:07:10.553+0000] {standard_task_runner.py:72} INFO - Started process 975 to run task
[2025-04-19T12:07:10.958+0000] {task_command.py:467} INFO - Running <TaskInstance: load_new_orders.dbt_staging scheduled__2025-04-18T00:00:00+00:00 [running]> on host 8310323359f9
[2025-04-19T12:07:11.391+0000] {taskinstance.py:3134} INFO - Exporting env vars: AIRFLOW_CTX_DAG_OWNER='azizjon' AIRFLOW_CTX_DAG_ID='load_new_orders' AIRFLOW_CTX_TASK_ID='dbt_staging' AIRFLOW_CTX_EXECUTION_DATE='2025-04-18T00:00:00+00:00' AIRFLOW_CTX_TRY_NUMBER='1' AIRFLOW_CTX_DAG_RUN_ID='scheduled__2025-04-18T00:00:00+00:00'
[2025-04-19T12:07:11.392+0000] {taskinstance.py:732} INFO - ::endgroup::
[2025-04-19T12:07:11.994+0000] {trigger_dagrun.py:257} INFO - Waiting for dbt_etl_pipeline_staging on 2025-04-18 00:00:00+00:00 to become allowed state ['success'] ...
[2025-04-19T12:07:17.074+0000] {trigger_dagrun.py:271} INFO - dbt_etl_pipeline_staging finished with allowed state success
[2025-04-19T12:07:17.155+0000] {taskinstance.py:341} INFO - ::group::Post task execution logs
[2025-04-19T12:07:17.156+0000] {taskinstance.py:353} INFO - Marking task as SUCCESS. dag_id=load_new_orders, task_id=dbt_staging, run_id=scheduled__2025-04-18T00:00:00+00:00, execution_date=20250418T000000, start_date=20250419T120710, end_date=20250419T120717
[2025-04-19T12:07:17.362+0000] {local_task_job_runner.py:266} INFO - Task exited with return code 0
[2025-04-19T12:07:17.502+0000] {taskinstance.py:3901} INFO - 1 downstream tasks scheduled from follow-on schedule check
[2025-04-19T12:07:17.508+0000] {local_task_job_runner.py:245} INFO - ::endgroup::
