[2025-04-19T16:01:56.677+0000] {local_task_job_runner.py:123} INFO - ::group::Pre task execution logs
[2025-04-19T16:01:56.751+0000] {taskinstance.py:2614} INFO - Dependencies all met for dep_context=non-requeueable deps ti=<TaskInstance: dbt_etl_pipeline_staging.dbt_staging manual__2025-04-19T16:01:55.539636+00:00 [queued]>
[2025-04-19T16:01:56.773+0000] {taskinstance.py:2614} INFO - Dependencies all met for dep_context=requeueable deps ti=<TaskInstance: dbt_etl_pipeline_staging.dbt_staging manual__2025-04-19T16:01:55.539636+00:00 [queued]>
[2025-04-19T16:01:56.787+0000] {taskinstance.py:2867} INFO - Starting attempt 1 of 1
[2025-04-19T16:01:56.805+0000] {taskinstance.py:2890} INFO - Executing <Task(BashOperator): dbt_staging> on 2025-04-19 16:01:55.539636+00:00
[2025-04-19T16:01:56.812+0000] {logging_mixin.py:190} WARNING - /home/airflow/.local/lib/python3.12/site-packages/airflow/task/task_runner/standard_task_runner.py:70 DeprecationWarning: This process (pid=6009) is multi-threaded, use of fork() may lead to deadlocks in the child.
[2025-04-19T16:01:56.812+0000] {standard_task_runner.py:104} INFO - Running: ['airflow', 'tasks', 'run', 'dbt_etl_pipeline_staging', 'dbt_staging', 'manual__2025-04-19T16:01:55.539636+00:00', '--job-id', '257', '--raw', '--subdir', 'DAGS_FOLDER/dbt_staging.py', '--cfg-path', '/tmp/tmpt9bwju6i']
[2025-04-19T16:01:56.814+0000] {standard_task_runner.py:72} INFO - Started process 6010 to run task
[2025-04-19T16:01:56.814+0000] {standard_task_runner.py:105} INFO - Job 257: Subtask dbt_staging
[2025-04-19T16:01:57.042+0000] {task_command.py:467} INFO - Running <TaskInstance: dbt_etl_pipeline_staging.dbt_staging manual__2025-04-19T16:01:55.539636+00:00 [running]> on host 27536697ee14
[2025-04-19T16:01:57.457+0000] {taskinstance.py:3134} INFO - Exporting env vars: AIRFLOW_CTX_DAG_OWNER='azizjon' AIRFLOW_CTX_DAG_ID='dbt_etl_pipeline_staging' AIRFLOW_CTX_TASK_ID='dbt_staging' AIRFLOW_CTX_EXECUTION_DATE='2025-04-19T16:01:55.539636+00:00' AIRFLOW_CTX_TRY_NUMBER='1' AIRFLOW_CTX_DAG_RUN_ID='manual__2025-04-19T16:01:55.539636+00:00'
[2025-04-19T16:01:57.458+0000] {taskinstance.py:732} INFO - ::endgroup::
[2025-04-19T16:01:57.472+0000] {subprocess.py:78} INFO - Tmp dir root location: /tmp
[2025-04-19T16:01:57.473+0000] {subprocess.py:88} INFO - Running command: ['/usr/bin/bash', '-c', '\n        export PATH=/home/airflow/.local/bin:$PATH\n        cd /opt/airflow/commerce_dbt\n        dbt run --select staging --profiles-dir .\n        ']
[2025-04-19T16:01:57.485+0000] {subprocess.py:99} INFO - Output:
[2025-04-19T16:01:59.940+0000] {subprocess.py:106} INFO - [0m16:01:59  Running with dbt=1.7.0
[2025-04-19T16:02:00.236+0000] {subprocess.py:106} INFO - [0m16:02:00  Registered adapter: postgres=1.7.0
[2025-04-19T16:02:01.385+0000] {subprocess.py:106} INFO - [0m16:02:01  [[33mWARNING[0m]: Configuration paths exist in your dbt_project.yml file which do not apply to any resources.
[2025-04-19T16:02:01.385+0000] {subprocess.py:106} INFO - There are 1 unused configuration paths:
[2025-04-19T16:02:01.386+0000] {subprocess.py:106} INFO - - seeds.initial_dataset
[2025-04-19T16:02:01.451+0000] {subprocess.py:106} INFO - [0m16:02:01  Found 13 models, 1 snapshot, 6 seeds, 43 tests, 6 sources, 0 exposures, 0 metrics, 401 macros, 0 groups, 0 semantic models
[2025-04-19T16:02:01.461+0000] {subprocess.py:106} INFO - [0m16:02:01
[2025-04-19T16:02:01.912+0000] {subprocess.py:106} INFO - [0m16:02:01  Concurrency: 4 threads (target='dev')
[2025-04-19T16:02:01.913+0000] {subprocess.py:106} INFO - [0m16:02:01
[2025-04-19T16:02:01.927+0000] {subprocess.py:106} INFO - [0m16:02:01  1 of 6 START sql table model commerce_staging.stg_customers .................... [RUN]
[2025-04-19T16:02:01.929+0000] {subprocess.py:106} INFO - [0m16:02:01  2 of 6 START sql table model commerce_staging.stg_order_items .................. [RUN]
[2025-04-19T16:02:01.930+0000] {subprocess.py:106} INFO - [0m16:02:01  3 of 6 START sql table model commerce_staging.stg_orders ....................... [RUN]
[2025-04-19T16:02:01.933+0000] {subprocess.py:106} INFO - [0m16:02:01  4 of 6 START sql table model commerce_staging.stg_product_categories ........... [RUN]
[2025-04-19T16:02:02.251+0000] {subprocess.py:106} INFO - [0m16:02:02  4 of 6 OK created sql table model commerce_staging.stg_product_categories ...... [[32mSELECT 4[0m in 0.31s]
[2025-04-19T16:02:02.255+0000] {subprocess.py:106} INFO - [0m16:02:02  1 of 6 OK created sql table model commerce_staging.stg_customers ............... [[32mSELECT 1000[0m in 0.32s]
[2025-04-19T16:02:02.256+0000] {subprocess.py:106} INFO - [0m16:02:02  2 of 6 OK created sql table model commerce_staging.stg_order_items ............. [[32mSELECT 10000[0m in 0.32s]
[2025-04-19T16:02:02.259+0000] {subprocess.py:106} INFO - [0m16:02:02  3 of 6 OK created sql table model commerce_staging.stg_orders .................. [[32mSELECT 7000[0m in 0.32s]
[2025-04-19T16:02:02.267+0000] {subprocess.py:106} INFO - [0m16:02:02  5 of 6 START sql table model commerce_staging.stg_products ..................... [RUN]
[2025-04-19T16:02:02.269+0000] {subprocess.py:106} INFO - [0m16:02:02  6 of 6 START sql table model commerce_staging.stg_stores ....................... [RUN]
[2025-04-19T16:02:02.458+0000] {subprocess.py:106} INFO - [0m16:02:02  6 of 6 OK created sql table model commerce_staging.stg_stores .................. [[32mSELECT 5[0m in 0.18s]
[2025-04-19T16:02:02.459+0000] {subprocess.py:106} INFO - [0m16:02:02  5 of 6 OK created sql table model commerce_staging.stg_products ................ [[32mSELECT 17[0m in 0.19s]
[2025-04-19T16:02:02.526+0000] {subprocess.py:106} INFO - [0m16:02:02
[2025-04-19T16:02:02.527+0000] {subprocess.py:106} INFO - [0m16:02:02  Finished running 6 table models in 0 hours 0 minutes and 1.06 seconds (1.06s).
[2025-04-19T16:02:02.571+0000] {subprocess.py:106} INFO - [0m16:02:02
[2025-04-19T16:02:02.572+0000] {subprocess.py:106} INFO - [0m16:02:02  [32mCompleted successfully[0m
[2025-04-19T16:02:02.572+0000] {subprocess.py:106} INFO - [0m16:02:02
[2025-04-19T16:02:02.573+0000] {subprocess.py:106} INFO - [0m16:02:02  Done. PASS=6 WARN=0 ERROR=0 SKIP=0 TOTAL=6
[2025-04-19T16:02:03.672+0000] {subprocess.py:110} INFO - Command exited with return code 0
[2025-04-19T16:02:03.803+0000] {taskinstance.py:341} INFO - ::group::Post task execution logs
[2025-04-19T16:02:03.803+0000] {taskinstance.py:353} INFO - Marking task as SUCCESS. dag_id=dbt_etl_pipeline_staging, task_id=dbt_staging, run_id=manual__2025-04-19T16:01:55.539636+00:00, execution_date=20250419T160155, start_date=20250419T160156, end_date=20250419T160203
[2025-04-19T16:02:03.961+0000] {local_task_job_runner.py:266} INFO - Task exited with return code 0
[2025-04-19T16:02:04.026+0000] {taskinstance.py:3901} INFO - 0 downstream tasks scheduled from follow-on schedule check
[2025-04-19T16:02:04.029+0000] {local_task_job_runner.py:245} INFO - ::endgroup::
