[2025-04-18T11:26:50.585+0000] {local_task_job_runner.py:123} INFO - ::group::Pre task execution logs
[2025-04-18T11:26:50.650+0000] {taskinstance.py:2614} INFO - Dependencies all met for dep_context=non-requeueable deps ti=<TaskInstance: dbt_etl_pipeline_mart.dbt_marts_core manual__2025-04-18T11:26:32.330287+00:00 [queued]>
[2025-04-18T11:26:50.662+0000] {taskinstance.py:2614} INFO - Dependencies all met for dep_context=requeueable deps ti=<TaskInstance: dbt_etl_pipeline_mart.dbt_marts_core manual__2025-04-18T11:26:32.330287+00:00 [queued]>
[2025-04-18T11:26:50.663+0000] {taskinstance.py:2867} INFO - Starting attempt 1 of 1
[2025-04-18T11:26:50.679+0000] {taskinstance.py:2890} INFO - Executing <Task(BashOperator): dbt_marts_core> on 2025-04-18 11:26:32.330287+00:00
[2025-04-18T11:26:50.686+0000] {standard_task_runner.py:104} INFO - Running: ['airflow', 'tasks', 'run', 'dbt_etl_pipeline_mart', 'dbt_marts_core', 'manual__2025-04-18T11:26:32.330287+00:00', '--job-id', '117', '--raw', '--subdir', 'DAGS_FOLDER/dbt_marts.py', '--cfg-path', '/tmp/tmpoqh947g_']
[2025-04-18T11:26:50.687+0000] {logging_mixin.py:190} WARNING - /home/airflow/.local/lib/python3.12/site-packages/airflow/task/task_runner/standard_task_runner.py:70 DeprecationWarning: This process (pid=831) is multi-threaded, use of fork() may lead to deadlocks in the child.
[2025-04-18T11:26:50.688+0000] {standard_task_runner.py:105} INFO - Job 117: Subtask dbt_marts_core
[2025-04-18T11:26:50.689+0000] {standard_task_runner.py:72} INFO - Started process 832 to run task
[2025-04-18T11:26:50.878+0000] {task_command.py:467} INFO - Running <TaskInstance: dbt_etl_pipeline_mart.dbt_marts_core manual__2025-04-18T11:26:32.330287+00:00 [running]> on host 9c8f13362ff5
[2025-04-18T11:26:51.308+0000] {taskinstance.py:3134} INFO - Exporting env vars: AIRFLOW_CTX_DAG_OWNER='azizjon' AIRFLOW_CTX_DAG_ID='dbt_etl_pipeline_mart' AIRFLOW_CTX_TASK_ID='dbt_marts_core' AIRFLOW_CTX_EXECUTION_DATE='2025-04-18T11:26:32.330287+00:00' AIRFLOW_CTX_TRY_NUMBER='1' AIRFLOW_CTX_DAG_RUN_ID='manual__2025-04-18T11:26:32.330287+00:00'
[2025-04-18T11:26:51.309+0000] {taskinstance.py:732} INFO - ::endgroup::
[2025-04-18T11:26:51.324+0000] {subprocess.py:78} INFO - Tmp dir root location: /tmp
[2025-04-18T11:26:51.325+0000] {subprocess.py:88} INFO - Running command: ['/usr/bin/bash', '-c', '\n        export PATH=/home/airflow/.local/bin:$PATH\n        cd /opt/airflow/commerce_dbt\n        dbt run --select marts.core --profiles-dir .\n        ']
[2025-04-18T11:26:51.333+0000] {subprocess.py:99} INFO - Output:
[2025-04-18T11:26:54.116+0000] {subprocess.py:106} INFO - [0m11:26:54  Running with dbt=1.7.0
[2025-04-18T11:26:54.429+0000] {subprocess.py:106} INFO - [0m11:26:54  Registered adapter: postgres=1.7.0
[2025-04-18T11:26:55.022+0000] {subprocess.py:106} INFO - [0m11:26:55  [[33mWARNING[0m]: Configuration paths exist in your dbt_project.yml file which do not apply to any resources.
[2025-04-18T11:26:55.022+0000] {subprocess.py:106} INFO - There are 1 unused configuration paths:
[2025-04-18T11:26:55.023+0000] {subprocess.py:106} INFO - - seeds.initial_dataset
[2025-04-18T11:26:55.079+0000] {subprocess.py:106} INFO - [0m11:26:55  Found 12 models, 1 snapshot, 6 seeds, 43 tests, 6 sources, 0 exposures, 0 metrics, 401 macros, 0 groups, 0 semantic models
[2025-04-18T11:26:55.086+0000] {subprocess.py:106} INFO - [0m11:26:55
[2025-04-18T11:26:55.544+0000] {subprocess.py:106} INFO - [0m11:26:55  Concurrency: 4 threads (target='dev')
[2025-04-18T11:26:55.545+0000] {subprocess.py:106} INFO - [0m11:26:55
[2025-04-18T11:26:55.558+0000] {subprocess.py:106} INFO - [0m11:26:55  1 of 4 START sql table model commerce_core.dim_customers ....................... [RUN]
[2025-04-18T11:26:55.559+0000] {subprocess.py:106} INFO - [0m11:26:55  2 of 4 START sql table model commerce_core.dim_products ........................ [RUN]
[2025-04-18T11:26:55.560+0000] {subprocess.py:106} INFO - [0m11:26:55  3 of 4 START sql table model commerce_core.dim_stores .......................... [RUN]
[2025-04-18T11:26:55.944+0000] {subprocess.py:106} INFO - [0m11:26:55  3 of 4 OK created sql table model commerce_core.dim_stores ..................... [[32mSELECT 5[0m in 0.38s]
[2025-04-18T11:26:55.946+0000] {subprocess.py:106} INFO - [0m11:26:55  1 of 4 OK created sql table model commerce_core.dim_customers .................. [[32mSELECT 1000[0m in 0.38s]
[2025-04-18T11:26:55.947+0000] {subprocess.py:106} INFO - [0m11:26:55  2 of 4 OK created sql table model commerce_core.dim_products ................... [[32mSELECT 17[0m in 0.38s]
[2025-04-18T11:26:55.954+0000] {subprocess.py:106} INFO - [0m11:26:55  4 of 4 START sql table model commerce_core.fct_orders .......................... [RUN]
[2025-04-18T11:26:56.115+0000] {subprocess.py:106} INFO - [0m11:26:56  4 of 4 OK created sql table model commerce_core.fct_orders ..................... [[32mSELECT 10000[0m in 0.16s]
[2025-04-18T11:26:56.196+0000] {subprocess.py:106} INFO - [0m11:26:56
[2025-04-18T11:26:56.196+0000] {subprocess.py:106} INFO - [0m11:26:56  Finished running 4 table models in 0 hours 0 minutes and 1.11 seconds (1.11s).
[2025-04-18T11:26:56.226+0000] {subprocess.py:106} INFO - [0m11:26:56
[2025-04-18T11:26:56.227+0000] {subprocess.py:106} INFO - [0m11:26:56  [32mCompleted successfully[0m
[2025-04-18T11:26:56.228+0000] {subprocess.py:106} INFO - [0m11:26:56
[2025-04-18T11:26:56.229+0000] {subprocess.py:106} INFO - [0m11:26:56  Done. PASS=4 WARN=0 ERROR=0 SKIP=0 TOTAL=4
[2025-04-18T11:26:57.270+0000] {subprocess.py:110} INFO - Command exited with return code 0
[2025-04-18T11:26:57.408+0000] {taskinstance.py:341} INFO - ::group::Post task execution logs
[2025-04-18T11:26:57.408+0000] {taskinstance.py:353} INFO - Marking task as SUCCESS. dag_id=dbt_etl_pipeline_mart, task_id=dbt_marts_core, run_id=manual__2025-04-18T11:26:32.330287+00:00, execution_date=20250418T112632, start_date=20250418T112650, end_date=20250418T112657
[2025-04-18T11:26:57.565+0000] {local_task_job_runner.py:266} INFO - Task exited with return code 0
[2025-04-18T11:26:57.648+0000] {taskinstance.py:3901} INFO - 1 downstream tasks scheduled from follow-on schedule check
[2025-04-18T11:26:57.653+0000] {local_task_job_runner.py:245} INFO - ::endgroup::
