[2025-04-18T11:09:49.306+0000] {local_task_job_runner.py:123} INFO - ::group::Pre task execution logs
[2025-04-18T11:09:49.380+0000] {taskinstance.py:2614} INFO - Dependencies all met for dep_context=non-requeueable deps ti=<TaskInstance: dbt_etl_pipeline_seed.dbt_seed manual__2025-04-18T11:09:48.369714+00:00 [queued]>
[2025-04-18T11:09:49.395+0000] {taskinstance.py:2614} INFO - Dependencies all met for dep_context=requeueable deps ti=<TaskInstance: dbt_etl_pipeline_seed.dbt_seed manual__2025-04-18T11:09:48.369714+00:00 [queued]>
[2025-04-18T11:09:49.396+0000] {taskinstance.py:2867} INFO - Starting attempt 1 of 1
[2025-04-18T11:09:49.416+0000] {taskinstance.py:2890} INFO - Executing <Task(BashOperator): dbt_seed> on 2025-04-18 11:09:48.369714+00:00
[2025-04-18T11:09:49.428+0000] {logging_mixin.py:190} WARNING - /home/airflow/.local/lib/python3.12/site-packages/airflow/task/task_runner/standard_task_runner.py:70 DeprecationWarning: This process (pid=552) is multi-threaded, use of fork() may lead to deadlocks in the child.
[2025-04-18T11:09:49.426+0000] {standard_task_runner.py:104} INFO - Running: ['airflow', 'tasks', 'run', 'dbt_etl_pipeline_seed', 'dbt_seed', 'manual__2025-04-18T11:09:48.369714+00:00', '--job-id', '78', '--raw', '--subdir', 'DAGS_FOLDER/trigger_dbt.py', '--cfg-path', '/tmp/tmpupcxpqs5']
[2025-04-18T11:09:49.429+0000] {standard_task_runner.py:72} INFO - Started process 553 to run task
[2025-04-18T11:09:49.430+0000] {standard_task_runner.py:105} INFO - Job 78: Subtask dbt_seed
[2025-04-18T11:09:49.659+0000] {task_command.py:467} INFO - Running <TaskInstance: dbt_etl_pipeline_seed.dbt_seed manual__2025-04-18T11:09:48.369714+00:00 [running]> on host f693ba064550
[2025-04-18T11:09:49.933+0000] {taskinstance.py:3134} INFO - Exporting env vars: AIRFLOW_CTX_DAG_OWNER='azizjon' AIRFLOW_CTX_DAG_ID='dbt_etl_pipeline_seed' AIRFLOW_CTX_TASK_ID='dbt_seed' AIRFLOW_CTX_EXECUTION_DATE='2025-04-18T11:09:48.369714+00:00' AIRFLOW_CTX_TRY_NUMBER='1' AIRFLOW_CTX_DAG_RUN_ID='manual__2025-04-18T11:09:48.369714+00:00'
[2025-04-18T11:09:49.935+0000] {taskinstance.py:732} INFO - ::endgroup::
[2025-04-18T11:09:49.955+0000] {subprocess.py:78} INFO - Tmp dir root location: /tmp
[2025-04-18T11:09:49.957+0000] {subprocess.py:88} INFO - Running command: ['/usr/bin/bash', '-c', '\n        export PATH=/home/airflow/.local/bin:$PATH\n        cd /opt/airflow/commerce_dbt\n        dbt seed --profiles-dir .\n        ']
[2025-04-18T11:09:49.968+0000] {subprocess.py:99} INFO - Output:
[2025-04-18T11:09:52.956+0000] {subprocess.py:106} INFO - [0m11:09:52  Running with dbt=1.7.0
[2025-04-18T11:09:53.304+0000] {subprocess.py:106} INFO - [0m11:09:53  Registered adapter: postgres=1.7.0
[2025-04-18T11:09:53.358+0000] {subprocess.py:106} INFO - [0m11:09:53  Unable to do partial parsing because of a version mismatch
[2025-04-18T11:09:55.788+0000] {subprocess.py:106} INFO - [0m11:09:55  [[33mWARNING[0m]: Configuration paths exist in your dbt_project.yml file which do not apply to any resources.
[2025-04-18T11:09:55.790+0000] {subprocess.py:106} INFO - There are 1 unused configuration paths:
[2025-04-18T11:09:55.791+0000] {subprocess.py:106} INFO - - seeds.initial_dataset
[2025-04-18T11:09:55.838+0000] {subprocess.py:106} INFO - [0m11:09:55  Found 12 models, 1 snapshot, 6 seeds, 43 tests, 6 sources, 0 exposures, 0 metrics, 401 macros, 0 groups, 0 semantic models
[2025-04-18T11:09:55.842+0000] {subprocess.py:106} INFO - [0m11:09:55
[2025-04-18T11:09:55.870+0000] {subprocess.py:106} INFO - [0m11:09:55
[2025-04-18T11:09:55.870+0000] {subprocess.py:106} INFO - [0m11:09:55  Finished running  in 0 hours 0 minutes and 0.03 seconds (0.03s).
[2025-04-18T11:09:55.871+0000] {subprocess.py:106} INFO - [0m11:09:55  Encountered an error:
[2025-04-18T11:09:55.871+0000] {subprocess.py:106} INFO - Database Error
[2025-04-18T11:09:55.872+0000] {subprocess.py:106} INFO -   connection to server at "localhost" (::1), port 5432 failed: Connection refused
[2025-04-18T11:09:55.872+0000] {subprocess.py:106} INFO -   	Is the server running on that host and accepting TCP/IP connections?
[2025-04-18T11:09:55.873+0000] {subprocess.py:106} INFO -   connection to server at "localhost" (127.0.0.1), port 5432 failed: Connection refused
[2025-04-18T11:09:55.873+0000] {subprocess.py:106} INFO -   	Is the server running on that host and accepting TCP/IP connections?
[2025-04-18T11:09:55.874+0000] {subprocess.py:106} INFO - 
[2025-04-18T11:09:56.639+0000] {subprocess.py:110} INFO - Command exited with return code 2
[2025-04-18T11:09:56.694+0000] {taskinstance.py:3313} ERROR - Task failed with exception
Traceback (most recent call last):
  File "/home/airflow/.local/lib/python3.12/site-packages/airflow/models/taskinstance.py", line 768, in _execute_task
    result = _execute_callable(context=context, **execute_callable_kwargs)
             ^^^^^^^^^^^^^^^^^^^^^^^^^^^^^^^^^^^^^^^^^^^^^^^^^^^^^^^^^^^^^
  File "/home/airflow/.local/lib/python3.12/site-packages/airflow/models/taskinstance.py", line 734, in _execute_callable
    return ExecutionCallableRunner(
           ^^^^^^^^^^^^^^^^^^^^^^^^
  File "/home/airflow/.local/lib/python3.12/site-packages/airflow/utils/operator_helpers.py", line 252, in run
    return self.func(*args, **kwargs)
           ^^^^^^^^^^^^^^^^^^^^^^^^^^
  File "/home/airflow/.local/lib/python3.12/site-packages/airflow/models/baseoperator.py", line 424, in wrapper
    return func(self, *args, **kwargs)
           ^^^^^^^^^^^^^^^^^^^^^^^^^^^
  File "/home/airflow/.local/lib/python3.12/site-packages/airflow/operators/bash.py", line 276, in execute
    raise AirflowException(
airflow.exceptions.AirflowException: Bash command failed. The command returned a non-zero exit code 2.
[2025-04-18T11:09:56.699+0000] {taskinstance.py:1226} INFO - Marking task as FAILED. dag_id=dbt_etl_pipeline_seed, task_id=dbt_seed, run_id=manual__2025-04-18T11:09:48.369714+00:00, execution_date=20250418T110948, start_date=20250418T110949, end_date=20250418T110956
[2025-04-18T11:09:56.823+0000] {taskinstance.py:341} INFO - ::group::Post task execution logs
[2025-04-18T11:09:56.824+0000] {standard_task_runner.py:124} ERROR - Failed to execute job 78 for task dbt_seed (Bash command failed. The command returned a non-zero exit code 2.; 553)
Traceback (most recent call last):
  File "/home/airflow/.local/lib/python3.12/site-packages/airflow/task/task_runner/standard_task_runner.py", line 117, in _start_by_fork
    ret = args.func(args, dag=self.dag)
          ^^^^^^^^^^^^^^^^^^^^^^^^^^^^^
  File "/home/airflow/.local/lib/python3.12/site-packages/airflow/cli/cli_config.py", line 49, in command
    return func(*args, **kwargs)
           ^^^^^^^^^^^^^^^^^^^^^
  File "/home/airflow/.local/lib/python3.12/site-packages/airflow/utils/cli.py", line 116, in wrapper
    return f(*args, **kwargs)
           ^^^^^^^^^^^^^^^^^^
  File "/home/airflow/.local/lib/python3.12/site-packages/airflow/cli/commands/task_command.py", line 483, in task_run
    task_return_code = _run_task_by_selected_method(args, _dag, ti)
                       ^^^^^^^^^^^^^^^^^^^^^^^^^^^^^^^^^^^^^^^^^^^^
  File "/home/airflow/.local/lib/python3.12/site-packages/airflow/cli/commands/task_command.py", line 256, in _run_task_by_selected_method
    return _run_raw_task(args, ti)
           ^^^^^^^^^^^^^^^^^^^^^^^
  File "/home/airflow/.local/lib/python3.12/site-packages/airflow/cli/commands/task_command.py", line 341, in _run_raw_task
    return ti._run_raw_task(
           ^^^^^^^^^^^^^^^^^
  File "/home/airflow/.local/lib/python3.12/site-packages/airflow/utils/session.py", line 97, in wrapper
    return func(*args, session=session, **kwargs)
           ^^^^^^^^^^^^^^^^^^^^^^^^^^^^^^^^^^^^^^
  File "/home/airflow/.local/lib/python3.12/site-packages/airflow/models/taskinstance.py", line 3006, in _run_raw_task
    return _run_raw_task(
           ^^^^^^^^^^^^^^
  File "/home/airflow/.local/lib/python3.12/site-packages/airflow/models/taskinstance.py", line 274, in _run_raw_task
    TaskInstance._execute_task_with_callbacks(
  File "/home/airflow/.local/lib/python3.12/site-packages/airflow/models/taskinstance.py", line 3161, in _execute_task_with_callbacks
    result = self._execute_task(context, task_orig)
             ^^^^^^^^^^^^^^^^^^^^^^^^^^^^^^^^^^^^^^
  File "/home/airflow/.local/lib/python3.12/site-packages/airflow/models/taskinstance.py", line 3185, in _execute_task
    return _execute_task(self, context, task_orig)
           ^^^^^^^^^^^^^^^^^^^^^^^^^^^^^^^^^^^^^^^
  File "/home/airflow/.local/lib/python3.12/site-packages/airflow/models/taskinstance.py", line 768, in _execute_task
    result = _execute_callable(context=context, **execute_callable_kwargs)
             ^^^^^^^^^^^^^^^^^^^^^^^^^^^^^^^^^^^^^^^^^^^^^^^^^^^^^^^^^^^^^
  File "/home/airflow/.local/lib/python3.12/site-packages/airflow/models/taskinstance.py", line 734, in _execute_callable
    return ExecutionCallableRunner(
           ^^^^^^^^^^^^^^^^^^^^^^^^
  File "/home/airflow/.local/lib/python3.12/site-packages/airflow/utils/operator_helpers.py", line 252, in run
    return self.func(*args, **kwargs)
           ^^^^^^^^^^^^^^^^^^^^^^^^^^
  File "/home/airflow/.local/lib/python3.12/site-packages/airflow/models/baseoperator.py", line 424, in wrapper
    return func(self, *args, **kwargs)
           ^^^^^^^^^^^^^^^^^^^^^^^^^^^
  File "/home/airflow/.local/lib/python3.12/site-packages/airflow/operators/bash.py", line 276, in execute
    raise AirflowException(
airflow.exceptions.AirflowException: Bash command failed. The command returned a non-zero exit code 2.
[2025-04-18T11:09:56.844+0000] {local_task_job_runner.py:266} INFO - Task exited with return code 1
[2025-04-18T11:09:56.900+0000] {taskinstance.py:3901} INFO - 0 downstream tasks scheduled from follow-on schedule check
[2025-04-18T11:09:56.902+0000] {local_task_job_runner.py:245} INFO - ::endgroup::
