[2025-04-18T11:11:58.376+0000] {local_task_job_runner.py:123} INFO - ::group::Pre task execution logs
[2025-04-18T11:11:58.444+0000] {taskinstance.py:2614} INFO - Dependencies all met for dep_context=non-requeueable deps ti=<TaskInstance: dbt_etl_pipeline_seed.dbt_seed manual__2025-04-18T11:09:48.369714+00:00 [queued]>
[2025-04-18T11:11:58.456+0000] {taskinstance.py:2614} INFO - Dependencies all met for dep_context=requeueable deps ti=<TaskInstance: dbt_etl_pipeline_seed.dbt_seed manual__2025-04-18T11:09:48.369714+00:00 [queued]>
[2025-04-18T11:11:58.457+0000] {taskinstance.py:2867} INFO - Starting attempt 2 of 2
[2025-04-18T11:11:58.473+0000] {taskinstance.py:2890} INFO - Executing <Task(BashOperator): dbt_seed> on 2025-04-18 11:09:48.369714+00:00
[2025-04-18T11:11:58.481+0000] {standard_task_runner.py:104} INFO - Running: ['airflow', 'tasks', 'run', 'dbt_etl_pipeline_seed', 'dbt_seed', 'manual__2025-04-18T11:09:48.369714+00:00', '--job-id', '80', '--raw', '--subdir', 'DAGS_FOLDER/trigger_dbt.py', '--cfg-path', '/tmp/tmp12gr2rxb']
[2025-04-18T11:11:58.483+0000] {standard_task_runner.py:105} INFO - Job 80: Subtask dbt_seed
[2025-04-18T11:11:58.484+0000] {logging_mixin.py:190} WARNING - /home/airflow/.local/lib/python3.12/site-packages/airflow/task/task_runner/standard_task_runner.py:70 DeprecationWarning: This process (pid=246) is multi-threaded, use of fork() may lead to deadlocks in the child.
[2025-04-18T11:11:58.484+0000] {standard_task_runner.py:72} INFO - Started process 256 to run task
[2025-04-18T11:11:58.642+0000] {task_command.py:467} INFO - Running <TaskInstance: dbt_etl_pipeline_seed.dbt_seed manual__2025-04-18T11:09:48.369714+00:00 [running]> on host f693ba064550
[2025-04-18T11:11:58.838+0000] {taskinstance.py:3134} INFO - Exporting env vars: AIRFLOW_CTX_DAG_OWNER='azizjon' AIRFLOW_CTX_DAG_ID='dbt_etl_pipeline_seed' AIRFLOW_CTX_TASK_ID='dbt_seed' AIRFLOW_CTX_EXECUTION_DATE='2025-04-18T11:09:48.369714+00:00' AIRFLOW_CTX_TRY_NUMBER='2' AIRFLOW_CTX_DAG_RUN_ID='manual__2025-04-18T11:09:48.369714+00:00'
[2025-04-18T11:11:58.839+0000] {taskinstance.py:732} INFO - ::endgroup::
[2025-04-18T11:11:58.852+0000] {subprocess.py:78} INFO - Tmp dir root location: /tmp
[2025-04-18T11:11:58.855+0000] {subprocess.py:88} INFO - Running command: ['/usr/bin/bash', '-c', '\n        export PATH=/home/airflow/.local/bin:$PATH\n        cd /opt/airflow/commerce_dbt\n        dbt seed --profiles-dir .\n        ']
[2025-04-18T11:11:58.862+0000] {subprocess.py:99} INFO - Output:
[2025-04-18T11:12:01.571+0000] {subprocess.py:106} INFO - [0m11:12:01  Running with dbt=1.7.0
[2025-04-18T11:12:01.827+0000] {subprocess.py:106} INFO - [0m11:12:01  Registered adapter: postgres=1.7.0
[2025-04-18T11:12:01.863+0000] {subprocess.py:106} INFO - [0m11:12:01  Unable to do partial parsing because profile has changed
[2025-04-18T11:12:01.864+0000] {subprocess.py:106} INFO - [0m11:12:01  Unable to do partial parsing because env vars used in profiles.yml have changed
[2025-04-18T11:12:04.056+0000] {subprocess.py:106} INFO - [0m11:12:04  [[33mWARNING[0m]: Configuration paths exist in your dbt_project.yml file which do not apply to any resources.
[2025-04-18T11:12:04.057+0000] {subprocess.py:106} INFO - There are 1 unused configuration paths:
[2025-04-18T11:12:04.058+0000] {subprocess.py:106} INFO - - seeds.initial_dataset
[2025-04-18T11:12:04.113+0000] {subprocess.py:106} INFO - [0m11:12:04  Found 12 models, 1 snapshot, 6 seeds, 43 tests, 6 sources, 0 exposures, 0 metrics, 401 macros, 0 groups, 0 semantic models
[2025-04-18T11:12:04.117+0000] {subprocess.py:106} INFO - [0m11:12:04
[2025-04-18T11:12:04.441+0000] {subprocess.py:106} INFO - [0m11:12:04  Concurrency: 4 threads (target='dev')
[2025-04-18T11:12:04.441+0000] {subprocess.py:106} INFO - [0m11:12:04
[2025-04-18T11:12:04.456+0000] {subprocess.py:106} INFO - [0m11:12:04  1 of 6 START seed file commerce_raw.customers .................................. [RUN]
[2025-04-18T11:12:04.457+0000] {subprocess.py:106} INFO - [0m11:12:04  2 of 6 START seed file commerce_raw.order_items ................................ [RUN]
[2025-04-18T11:12:04.458+0000] {subprocess.py:106} INFO - [0m11:12:04  3 of 6 START seed file commerce_raw.orders ..................................... [RUN]
[2025-04-18T11:12:04.459+0000] {subprocess.py:106} INFO - [0m11:12:04  4 of 6 START seed file commerce_raw.product_categories ......................... [RUN]
[2025-04-18T11:12:05.340+0000] {subprocess.py:106} INFO - [0m11:12:05  4 of 6 OK loaded seed file commerce_raw.product_categories ..................... [[32mINSERT 4[0m in 0.87s]
[2025-04-18T11:12:05.367+0000] {subprocess.py:106} INFO - [0m11:12:05  5 of 6 START seed file commerce_raw.products ................................... [RUN]
[2025-04-18T11:12:06.213+0000] {subprocess.py:106} INFO - [0m11:12:06  5 of 6 OK loaded seed file commerce_raw.products ............................... [[32mINSERT 17[0m in 0.81s]
[2025-04-18T11:12:06.241+0000] {subprocess.py:106} INFO - [0m11:12:06  6 of 6 START seed file commerce_raw.stores ..................................... [RUN]
[2025-04-18T11:12:06.821+0000] {subprocess.py:106} INFO - [0m11:12:06  6 of 6 OK loaded seed file commerce_raw.stores ................................. [[32mINSERT 5[0m in 0.55s]
[2025-04-18T11:12:07.442+0000] {subprocess.py:106} INFO - [0m11:12:07  1 of 6 OK loaded seed file commerce_raw.customers .............................. [[32mINSERT 1000[0m in 2.98s]
[2025-04-18T11:12:17.623+0000] {subprocess.py:106} INFO - [0m11:12:17  3 of 6 OK loaded seed file commerce_raw.orders ................................. [[32mINSERT 7000[0m in 13.16s]
[2025-04-18T11:12:20.114+0000] {subprocess.py:106} INFO - [0m11:12:20  2 of 6 OK loaded seed file commerce_raw.order_items ............................ [[32mINSERT 10000[0m in 15.65s]
[2025-04-18T11:12:20.287+0000] {subprocess.py:106} INFO - [0m11:12:20
[2025-04-18T11:12:20.288+0000] {subprocess.py:106} INFO - [0m11:12:20  Finished running 6 seeds in 0 hours 0 minutes and 16.17 seconds (16.17s).
[2025-04-18T11:12:20.313+0000] {subprocess.py:106} INFO - [0m11:12:20
[2025-04-18T11:12:20.314+0000] {subprocess.py:106} INFO - [0m11:12:20  [32mCompleted successfully[0m
[2025-04-18T11:12:20.315+0000] {subprocess.py:106} INFO - [0m11:12:20
[2025-04-18T11:12:20.316+0000] {subprocess.py:106} INFO - [0m11:12:20  Done. PASS=6 WARN=0 ERROR=0 SKIP=0 TOTAL=6
[2025-04-18T11:12:21.388+0000] {subprocess.py:110} INFO - Command exited with return code 0
[2025-04-18T11:12:21.501+0000] {taskinstance.py:341} INFO - ::group::Post task execution logs
[2025-04-18T11:12:21.502+0000] {taskinstance.py:353} INFO - Marking task as SUCCESS. dag_id=dbt_etl_pipeline_seed, task_id=dbt_seed, run_id=manual__2025-04-18T11:09:48.369714+00:00, execution_date=20250418T110948, start_date=20250418T111158, end_date=20250418T111221
[2025-04-18T11:12:21.644+0000] {local_task_job_runner.py:266} INFO - Task exited with return code 0
[2025-04-18T11:12:21.817+0000] {taskinstance.py:3901} INFO - 0 downstream tasks scheduled from follow-on schedule check
[2025-04-18T11:12:21.821+0000] {local_task_job_runner.py:245} INFO - ::endgroup::
