[2025-04-19T15:07:28.957+0000] {local_task_job_runner.py:123} INFO - ::group::Pre task execution logs
[2025-04-19T15:07:29.013+0000] {taskinstance.py:2614} INFO - Dependencies all met for dep_context=non-requeueable deps ti=<TaskInstance: load_new_order_items.load_new_order_items scheduled__2025-04-19T14:05:00+00:00 [queued]>
[2025-04-19T15:07:29.024+0000] {taskinstance.py:2614} INFO - Dependencies all met for dep_context=requeueable deps ti=<TaskInstance: load_new_order_items.load_new_order_items scheduled__2025-04-19T14:05:00+00:00 [queued]>
[2025-04-19T15:07:29.026+0000] {taskinstance.py:2867} INFO - Starting attempt 1 of 1
[2025-04-19T15:07:29.039+0000] {taskinstance.py:2890} INFO - Executing <Task(PythonOperator): load_new_order_items> on 2025-04-19 14:05:00+00:00
[2025-04-19T15:07:29.046+0000] {standard_task_runner.py:104} INFO - Running: ['airflow', 'tasks', 'run', 'load_new_order_items', 'load_new_order_items', 'scheduled__2025-04-19T14:05:00+00:00', '--job-id', '190', '--raw', '--subdir', 'DAGS_FOLDER/store_to_sql_order_items.py', '--cfg-path', '/tmp/tmp45vv3_7c']
[2025-04-19T15:07:29.048+0000] {logging_mixin.py:190} WARNING - /home/airflow/.local/lib/python3.12/site-packages/airflow/task/task_runner/standard_task_runner.py:70 DeprecationWarning: This process (pid=671) is multi-threaded, use of fork() may lead to deadlocks in the child.
[2025-04-19T15:07:29.048+0000] {standard_task_runner.py:105} INFO - Job 190: Subtask load_new_order_items
[2025-04-19T15:07:29.049+0000] {standard_task_runner.py:72} INFO - Started process 672 to run task
[2025-04-19T15:07:29.228+0000] {task_command.py:467} INFO - Running <TaskInstance: load_new_order_items.load_new_order_items scheduled__2025-04-19T14:05:00+00:00 [running]> on host 27536697ee14
[2025-04-19T15:07:29.444+0000] {taskinstance.py:3134} INFO - Exporting env vars: AIRFLOW_CTX_DAG_OWNER='azizjon' AIRFLOW_CTX_DAG_ID='load_new_order_items' AIRFLOW_CTX_TASK_ID='load_new_order_items' AIRFLOW_CTX_EXECUTION_DATE='2025-04-19T14:05:00+00:00' AIRFLOW_CTX_TRY_NUMBER='1' AIRFLOW_CTX_DAG_RUN_ID='scheduled__2025-04-19T14:05:00+00:00'
[2025-04-19T15:07:29.445+0000] {taskinstance.py:732} INFO - ::endgroup::
[2025-04-19T15:07:29.617+0000] {python.py:240} INFO - Done. Returned value was: None
[2025-04-19T15:07:29.670+0000] {taskinstance.py:341} INFO - ::group::Post task execution logs
[2025-04-19T15:07:29.670+0000] {taskinstance.py:353} INFO - Marking task as SUCCESS. dag_id=load_new_order_items, task_id=load_new_order_items, run_id=scheduled__2025-04-19T14:05:00+00:00, execution_date=20250419T140500, start_date=20250419T150729, end_date=20250419T150729
[2025-04-19T15:07:29.827+0000] {local_task_job_runner.py:266} INFO - Task exited with return code 0
[2025-04-19T15:07:29.899+0000] {taskinstance.py:3901} INFO - 1 downstream tasks scheduled from follow-on schedule check
[2025-04-19T15:07:29.901+0000] {local_task_job_runner.py:245} INFO - ::endgroup::
[2025-04-19T15:53:46.076+0000] {local_task_job_runner.py:123} INFO - ::group::Pre task execution logs
[2025-04-19T15:53:46.141+0000] {taskinstance.py:2614} INFO - Dependencies all met for dep_context=non-requeueable deps ti=<TaskInstance: load_new_order_items.load_new_order_items scheduled__2025-04-19T14:05:00+00:00 [queued]>
[2025-04-19T15:53:46.154+0000] {taskinstance.py:2614} INFO - Dependencies all met for dep_context=requeueable deps ti=<TaskInstance: load_new_order_items.load_new_order_items scheduled__2025-04-19T14:05:00+00:00 [queued]>
[2025-04-19T15:53:46.155+0000] {taskinstance.py:2867} INFO - Starting attempt 1 of 1
[2025-04-19T15:53:46.173+0000] {taskinstance.py:2890} INFO - Executing <Task(PythonOperator): load_new_order_items> on 2025-04-19 14:05:00+00:00
[2025-04-19T15:53:46.181+0000] {standard_task_runner.py:104} INFO - Running: ['airflow', 'tasks', 'run', 'load_new_order_items', 'load_new_order_items', 'scheduled__2025-04-19T14:05:00+00:00', '--job-id', '244', '--raw', '--subdir', 'DAGS_FOLDER/store_to_sql_order_items.py', '--cfg-path', '/tmp/tmp5vk1ha4b']
[2025-04-19T15:53:46.181+0000] {logging_mixin.py:190} WARNING - /home/airflow/.local/lib/python3.12/site-packages/airflow/task/task_runner/standard_task_runner.py:70 DeprecationWarning: This process (pid=5229) is multi-threaded, use of fork() may lead to deadlocks in the child.
[2025-04-19T15:53:46.183+0000] {standard_task_runner.py:105} INFO - Job 244: Subtask load_new_order_items
[2025-04-19T15:53:46.183+0000] {standard_task_runner.py:72} INFO - Started process 5230 to run task
[2025-04-19T15:53:46.363+0000] {task_command.py:467} INFO - Running <TaskInstance: load_new_order_items.load_new_order_items scheduled__2025-04-19T14:05:00+00:00 [running]> on host 27536697ee14
[2025-04-19T15:53:46.592+0000] {taskinstance.py:3134} INFO - Exporting env vars: AIRFLOW_CTX_DAG_OWNER='azizjon' AIRFLOW_CTX_DAG_ID='load_new_order_items' AIRFLOW_CTX_TASK_ID='load_new_order_items' AIRFLOW_CTX_EXECUTION_DATE='2025-04-19T14:05:00+00:00' AIRFLOW_CTX_TRY_NUMBER='1' AIRFLOW_CTX_DAG_RUN_ID='scheduled__2025-04-19T14:05:00+00:00'
[2025-04-19T15:53:46.593+0000] {taskinstance.py:732} INFO - ::endgroup::
[2025-04-19T15:53:46.900+0000] {python.py:240} INFO - Done. Returned value was: None
[2025-04-19T15:53:46.948+0000] {taskinstance.py:341} INFO - ::group::Post task execution logs
[2025-04-19T15:53:46.949+0000] {taskinstance.py:353} INFO - Marking task as SUCCESS. dag_id=load_new_order_items, task_id=load_new_order_items, run_id=scheduled__2025-04-19T14:05:00+00:00, execution_date=20250419T140500, start_date=20250419T155346, end_date=20250419T155346
[2025-04-19T15:53:47.082+0000] {local_task_job_runner.py:266} INFO - Task exited with return code 0
[2025-04-19T15:53:47.149+0000] {taskinstance.py:3901} INFO - 1 downstream tasks scheduled from follow-on schedule check
[2025-04-19T15:53:47.153+0000] {local_task_job_runner.py:245} INFO - ::endgroup::
[2025-04-19T15:56:05.620+0000] {local_task_job_runner.py:123} INFO - ::group::Pre task execution logs
[2025-04-19T15:56:05.691+0000] {taskinstance.py:2614} INFO - Dependencies all met for dep_context=non-requeueable deps ti=<TaskInstance: load_new_order_items.load_new_order_items scheduled__2025-04-19T14:05:00+00:00 [queued]>
[2025-04-19T15:56:05.707+0000] {taskinstance.py:2614} INFO - Dependencies all met for dep_context=requeueable deps ti=<TaskInstance: load_new_order_items.load_new_order_items scheduled__2025-04-19T14:05:00+00:00 [queued]>
[2025-04-19T15:56:05.707+0000] {taskinstance.py:2867} INFO - Starting attempt 1 of 1
[2025-04-19T15:56:05.725+0000] {taskinstance.py:2890} INFO - Executing <Task(PythonOperator): load_new_order_items> on 2025-04-19 14:05:00+00:00
[2025-04-19T15:56:05.731+0000] {logging_mixin.py:190} WARNING - /home/airflow/.local/lib/python3.12/site-packages/airflow/task/task_runner/standard_task_runner.py:70 DeprecationWarning: This process (pid=5429) is multi-threaded, use of fork() may lead to deadlocks in the child.
[2025-04-19T15:56:05.733+0000] {standard_task_runner.py:72} INFO - Started process 5430 to run task
[2025-04-19T15:56:05.732+0000] {standard_task_runner.py:104} INFO - Running: ['airflow', 'tasks', 'run', 'load_new_order_items', 'load_new_order_items', 'scheduled__2025-04-19T14:05:00+00:00', '--job-id', '247', '--raw', '--subdir', 'DAGS_FOLDER/store_to_sql_order_items.py', '--cfg-path', '/tmp/tmpxn3wh8vo']
[2025-04-19T15:56:05.735+0000] {standard_task_runner.py:105} INFO - Job 247: Subtask load_new_order_items
[2025-04-19T15:56:06.044+0000] {task_command.py:467} INFO - Running <TaskInstance: load_new_order_items.load_new_order_items scheduled__2025-04-19T14:05:00+00:00 [running]> on host 27536697ee14
[2025-04-19T15:56:06.375+0000] {taskinstance.py:3134} INFO - Exporting env vars: AIRFLOW_CTX_DAG_OWNER='azizjon' AIRFLOW_CTX_DAG_ID='load_new_order_items' AIRFLOW_CTX_TASK_ID='load_new_order_items' AIRFLOW_CTX_EXECUTION_DATE='2025-04-19T14:05:00+00:00' AIRFLOW_CTX_TRY_NUMBER='1' AIRFLOW_CTX_DAG_RUN_ID='scheduled__2025-04-19T14:05:00+00:00'
[2025-04-19T15:56:06.377+0000] {taskinstance.py:732} INFO - ::endgroup::
[2025-04-19T15:56:06.551+0000] {python.py:240} INFO - Done. Returned value was: None
[2025-04-19T15:56:06.619+0000] {taskinstance.py:341} INFO - ::group::Post task execution logs
[2025-04-19T15:56:06.620+0000] {taskinstance.py:353} INFO - Marking task as SUCCESS. dag_id=load_new_order_items, task_id=load_new_order_items, run_id=scheduled__2025-04-19T14:05:00+00:00, execution_date=20250419T140500, start_date=20250419T155605, end_date=20250419T155606
[2025-04-19T15:56:06.795+0000] {local_task_job_runner.py:266} INFO - Task exited with return code 0
[2025-04-19T15:56:06.911+0000] {taskinstance.py:3901} INFO - 1 downstream tasks scheduled from follow-on schedule check
[2025-04-19T15:56:06.916+0000] {local_task_job_runner.py:245} INFO - ::endgroup::
[2025-04-19T15:58:23.373+0000] {local_task_job_runner.py:123} INFO - ::group::Pre task execution logs
[2025-04-19T15:58:23.434+0000] {taskinstance.py:2614} INFO - Dependencies all met for dep_context=non-requeueable deps ti=<TaskInstance: load_new_order_items.load_new_order_items scheduled__2025-04-19T14:05:00+00:00 [queued]>
[2025-04-19T15:58:23.446+0000] {taskinstance.py:2614} INFO - Dependencies all met for dep_context=requeueable deps ti=<TaskInstance: load_new_order_items.load_new_order_items scheduled__2025-04-19T14:05:00+00:00 [queued]>
[2025-04-19T15:58:23.447+0000] {taskinstance.py:2867} INFO - Starting attempt 1 of 1
[2025-04-19T15:58:23.464+0000] {taskinstance.py:2890} INFO - Executing <Task(PythonOperator): load_new_order_items> on 2025-04-19 14:05:00+00:00
[2025-04-19T15:58:23.471+0000] {logging_mixin.py:190} WARNING - /home/airflow/.local/lib/python3.12/site-packages/airflow/task/task_runner/standard_task_runner.py:70 DeprecationWarning: This process (pid=5655) is multi-threaded, use of fork() may lead to deadlocks in the child.
[2025-04-19T15:58:23.472+0000] {standard_task_runner.py:72} INFO - Started process 5656 to run task
[2025-04-19T15:58:23.472+0000] {standard_task_runner.py:104} INFO - Running: ['airflow', 'tasks', 'run', 'load_new_order_items', 'load_new_order_items', 'scheduled__2025-04-19T14:05:00+00:00', '--job-id', '251', '--raw', '--subdir', 'DAGS_FOLDER/store_to_sql_order_items.py', '--cfg-path', '/tmp/tmp50v5upv_']
[2025-04-19T15:58:23.474+0000] {standard_task_runner.py:105} INFO - Job 251: Subtask load_new_order_items
[2025-04-19T15:58:23.659+0000] {task_command.py:467} INFO - Running <TaskInstance: load_new_order_items.load_new_order_items scheduled__2025-04-19T14:05:00+00:00 [running]> on host 27536697ee14
[2025-04-19T15:58:23.904+0000] {taskinstance.py:3134} INFO - Exporting env vars: AIRFLOW_CTX_DAG_OWNER='azizjon' AIRFLOW_CTX_DAG_ID='load_new_order_items' AIRFLOW_CTX_TASK_ID='load_new_order_items' AIRFLOW_CTX_EXECUTION_DATE='2025-04-19T14:05:00+00:00' AIRFLOW_CTX_TRY_NUMBER='1' AIRFLOW_CTX_DAG_RUN_ID='scheduled__2025-04-19T14:05:00+00:00'
[2025-04-19T15:58:23.905+0000] {taskinstance.py:732} INFO - ::endgroup::
[2025-04-19T15:58:24.060+0000] {logging_mixin.py:190} INFO - Error loading orders: schema "commerce_raw" does not exist
LINE 2: ...     CREATE TEMP TABLE temp_new_order_items (LIKE commerce_r...
                                                             ^
[2025-04-19T15:58:24.062+0000] {taskinstance.py:3313} ERROR - Task failed with exception
Traceback (most recent call last):
  File "/home/airflow/.local/lib/python3.12/site-packages/airflow/models/taskinstance.py", line 763, in _execute_task
    result = _execute_callable(context=context, **execute_callable_kwargs)
             ^^^^^^^^^^^^^^^^^^^^^^^^^^^^^^^^^^^^^^^^^^^^^^^^^^^^^^^^^^^^^
  File "/home/airflow/.local/lib/python3.12/site-packages/airflow/models/taskinstance.py", line 734, in _execute_callable
    return ExecutionCallableRunner(
           ^^^^^^^^^^^^^^^^^^^^^^^^
  File "/home/airflow/.local/lib/python3.12/site-packages/airflow/utils/operator_helpers.py", line 252, in run
    return self.func(*args, **kwargs)
           ^^^^^^^^^^^^^^^^^^^^^^^^^^
  File "/home/airflow/.local/lib/python3.12/site-packages/airflow/models/baseoperator.py", line 424, in wrapper
    return func(self, *args, **kwargs)
           ^^^^^^^^^^^^^^^^^^^^^^^^^^^
  File "/home/airflow/.local/lib/python3.12/site-packages/airflow/operators/python.py", line 238, in execute
    return_value = self.execute_callable()
                   ^^^^^^^^^^^^^^^^^^^^^^^
  File "/home/airflow/.local/lib/python3.12/site-packages/airflow/operators/python.py", line 256, in execute_callable
    return runner.run(*self.op_args, **self.op_kwargs)
           ^^^^^^^^^^^^^^^^^^^^^^^^^^^^^^^^^^^^^^^^^^^
  File "/home/airflow/.local/lib/python3.12/site-packages/airflow/utils/operator_helpers.py", line 252, in run
    return self.func(*args, **kwargs)
           ^^^^^^^^^^^^^^^^^^^^^^^^^^
  File "/opt/airflow/dags/store_to_sql_order_items.py", line 46, in load_new_order_items
    cursor.execute("""
psycopg2.errors.InvalidSchemaName: schema "commerce_raw" does not exist
LINE 2: ...     CREATE TEMP TABLE temp_new_order_items (LIKE commerce_r...
                                                             ^

[2025-04-19T15:58:24.111+0000] {taskinstance.py:1226} INFO - Marking task as FAILED. dag_id=load_new_order_items, task_id=load_new_order_items, run_id=scheduled__2025-04-19T14:05:00+00:00, execution_date=20250419T140500, start_date=20250419T155823, end_date=20250419T155824
[2025-04-19T15:58:24.219+0000] {taskinstance.py:341} INFO - ::group::Post task execution logs
[2025-04-19T15:58:24.220+0000] {standard_task_runner.py:124} ERROR - Failed to execute job 251 for task load_new_order_items (schema "commerce_raw" does not exist
LINE 2: ...     CREATE TEMP TABLE temp_new_order_items (LIKE commerce_r...
                                                             ^
; 5656)
Traceback (most recent call last):
  File "/home/airflow/.local/lib/python3.12/site-packages/airflow/task/task_runner/standard_task_runner.py", line 117, in _start_by_fork
    ret = args.func(args, dag=self.dag)
          ^^^^^^^^^^^^^^^^^^^^^^^^^^^^^
  File "/home/airflow/.local/lib/python3.12/site-packages/airflow/cli/cli_config.py", line 49, in command
    return func(*args, **kwargs)
           ^^^^^^^^^^^^^^^^^^^^^
  File "/home/airflow/.local/lib/python3.12/site-packages/airflow/utils/cli.py", line 116, in wrapper
    return f(*args, **kwargs)
           ^^^^^^^^^^^^^^^^^^
  File "/home/airflow/.local/lib/python3.12/site-packages/airflow/cli/commands/task_command.py", line 483, in task_run
    task_return_code = _run_task_by_selected_method(args, _dag, ti)
                       ^^^^^^^^^^^^^^^^^^^^^^^^^^^^^^^^^^^^^^^^^^^^
  File "/home/airflow/.local/lib/python3.12/site-packages/airflow/cli/commands/task_command.py", line 256, in _run_task_by_selected_method
    return _run_raw_task(args, ti)
           ^^^^^^^^^^^^^^^^^^^^^^^
  File "/home/airflow/.local/lib/python3.12/site-packages/airflow/cli/commands/task_command.py", line 341, in _run_raw_task
    return ti._run_raw_task(
           ^^^^^^^^^^^^^^^^^
  File "/home/airflow/.local/lib/python3.12/site-packages/airflow/utils/session.py", line 97, in wrapper
    return func(*args, session=session, **kwargs)
           ^^^^^^^^^^^^^^^^^^^^^^^^^^^^^^^^^^^^^^
  File "/home/airflow/.local/lib/python3.12/site-packages/airflow/models/taskinstance.py", line 3006, in _run_raw_task
    return _run_raw_task(
           ^^^^^^^^^^^^^^
  File "/home/airflow/.local/lib/python3.12/site-packages/airflow/models/taskinstance.py", line 274, in _run_raw_task
    TaskInstance._execute_task_with_callbacks(
  File "/home/airflow/.local/lib/python3.12/site-packages/airflow/models/taskinstance.py", line 3161, in _execute_task_with_callbacks
    result = self._execute_task(context, task_orig)
             ^^^^^^^^^^^^^^^^^^^^^^^^^^^^^^^^^^^^^^
  File "/home/airflow/.local/lib/python3.12/site-packages/airflow/models/taskinstance.py", line 3185, in _execute_task
    return _execute_task(self, context, task_orig)
           ^^^^^^^^^^^^^^^^^^^^^^^^^^^^^^^^^^^^^^^
  File "/home/airflow/.local/lib/python3.12/site-packages/airflow/models/taskinstance.py", line 763, in _execute_task
    result = _execute_callable(context=context, **execute_callable_kwargs)
             ^^^^^^^^^^^^^^^^^^^^^^^^^^^^^^^^^^^^^^^^^^^^^^^^^^^^^^^^^^^^^
  File "/home/airflow/.local/lib/python3.12/site-packages/airflow/models/taskinstance.py", line 734, in _execute_callable
    return ExecutionCallableRunner(
           ^^^^^^^^^^^^^^^^^^^^^^^^
  File "/home/airflow/.local/lib/python3.12/site-packages/airflow/utils/operator_helpers.py", line 252, in run
    return self.func(*args, **kwargs)
           ^^^^^^^^^^^^^^^^^^^^^^^^^^
  File "/home/airflow/.local/lib/python3.12/site-packages/airflow/models/baseoperator.py", line 424, in wrapper
    return func(self, *args, **kwargs)
           ^^^^^^^^^^^^^^^^^^^^^^^^^^^
  File "/home/airflow/.local/lib/python3.12/site-packages/airflow/operators/python.py", line 238, in execute
    return_value = self.execute_callable()
                   ^^^^^^^^^^^^^^^^^^^^^^^
  File "/home/airflow/.local/lib/python3.12/site-packages/airflow/operators/python.py", line 256, in execute_callable
    return runner.run(*self.op_args, **self.op_kwargs)
           ^^^^^^^^^^^^^^^^^^^^^^^^^^^^^^^^^^^^^^^^^^^
  File "/home/airflow/.local/lib/python3.12/site-packages/airflow/utils/operator_helpers.py", line 252, in run
    return self.func(*args, **kwargs)
           ^^^^^^^^^^^^^^^^^^^^^^^^^^
  File "/opt/airflow/dags/store_to_sql_order_items.py", line 46, in load_new_order_items
    cursor.execute("""
psycopg2.errors.InvalidSchemaName: schema "commerce_raw" does not exist
LINE 2: ...     CREATE TEMP TABLE temp_new_order_items (LIKE commerce_r...
                                                             ^

[2025-04-19T15:58:24.251+0000] {local_task_job_runner.py:266} INFO - Task exited with return code 1
[2025-04-19T15:58:24.317+0000] {taskinstance.py:3901} INFO - 0 downstream tasks scheduled from follow-on schedule check
[2025-04-19T15:58:24.323+0000] {local_task_job_runner.py:245} INFO - ::endgroup::
[2025-04-19T15:59:23.650+0000] {local_task_job_runner.py:123} INFO - ::group::Pre task execution logs
[2025-04-19T15:59:23.710+0000] {taskinstance.py:2614} INFO - Dependencies all met for dep_context=non-requeueable deps ti=<TaskInstance: load_new_order_items.load_new_order_items scheduled__2025-04-19T14:05:00+00:00 [queued]>
[2025-04-19T15:59:23.723+0000] {taskinstance.py:2614} INFO - Dependencies all met for dep_context=requeueable deps ti=<TaskInstance: load_new_order_items.load_new_order_items scheduled__2025-04-19T14:05:00+00:00 [queued]>
[2025-04-19T15:59:23.724+0000] {taskinstance.py:2867} INFO - Starting attempt 1 of 1
[2025-04-19T15:59:23.739+0000] {taskinstance.py:2890} INFO - Executing <Task(PythonOperator): load_new_order_items> on 2025-04-19 14:05:00+00:00
[2025-04-19T15:59:23.746+0000] {logging_mixin.py:190} WARNING - /home/airflow/.local/lib/python3.12/site-packages/airflow/task/task_runner/standard_task_runner.py:70 DeprecationWarning: This process (pid=5761) is multi-threaded, use of fork() may lead to deadlocks in the child.
[2025-04-19T15:59:23.748+0000] {standard_task_runner.py:72} INFO - Started process 5762 to run task
[2025-04-19T15:59:23.748+0000] {standard_task_runner.py:104} INFO - Running: ['airflow', 'tasks', 'run', 'load_new_order_items', 'load_new_order_items', 'scheduled__2025-04-19T14:05:00+00:00', '--job-id', '254', '--raw', '--subdir', 'DAGS_FOLDER/store_to_sql_order_items.py', '--cfg-path', '/tmp/tmpsbsec9v4']
[2025-04-19T15:59:23.750+0000] {standard_task_runner.py:105} INFO - Job 254: Subtask load_new_order_items
[2025-04-19T15:59:23.942+0000] {task_command.py:467} INFO - Running <TaskInstance: load_new_order_items.load_new_order_items scheduled__2025-04-19T14:05:00+00:00 [running]> on host 27536697ee14
[2025-04-19T15:59:24.152+0000] {taskinstance.py:3134} INFO - Exporting env vars: AIRFLOW_CTX_DAG_OWNER='azizjon' AIRFLOW_CTX_DAG_ID='load_new_order_items' AIRFLOW_CTX_TASK_ID='load_new_order_items' AIRFLOW_CTX_EXECUTION_DATE='2025-04-19T14:05:00+00:00' AIRFLOW_CTX_TRY_NUMBER='1' AIRFLOW_CTX_DAG_RUN_ID='scheduled__2025-04-19T14:05:00+00:00'
[2025-04-19T15:59:24.153+0000] {taskinstance.py:732} INFO - ::endgroup::
[2025-04-19T15:59:24.360+0000] {python.py:240} INFO - Done. Returned value was: None
[2025-04-19T15:59:24.444+0000] {taskinstance.py:341} INFO - ::group::Post task execution logs
[2025-04-19T15:59:24.445+0000] {taskinstance.py:353} INFO - Marking task as SUCCESS. dag_id=load_new_order_items, task_id=load_new_order_items, run_id=scheduled__2025-04-19T14:05:00+00:00, execution_date=20250419T140500, start_date=20250419T155923, end_date=20250419T155924
[2025-04-19T15:59:24.768+0000] {local_task_job_runner.py:266} INFO - Task exited with return code 0
[2025-04-19T15:59:24.843+0000] {taskinstance.py:3901} INFO - 1 downstream tasks scheduled from follow-on schedule check
[2025-04-19T15:59:24.847+0000] {local_task_job_runner.py:245} INFO - ::endgroup::
