[2025-04-19T12:26:57.335+0000] {local_task_job_runner.py:123} INFO - ::group::Pre task execution logs
[2025-04-19T12:26:57.426+0000] {taskinstance.py:2614} INFO - Dependencies all met for dep_context=non-requeueable deps ti=<TaskInstance: dbt_etl_pipeline_mart.dbt_marts_core manual__2025-04-19T12:26:56.444512+00:00 [queued]>
[2025-04-19T12:26:57.452+0000] {taskinstance.py:2614} INFO - Dependencies all met for dep_context=requeueable deps ti=<TaskInstance: dbt_etl_pipeline_mart.dbt_marts_core manual__2025-04-19T12:26:56.444512+00:00 [queued]>
[2025-04-19T12:26:57.465+0000] {taskinstance.py:2867} INFO - Starting attempt 1 of 1
[2025-04-19T12:26:57.495+0000] {taskinstance.py:2890} INFO - Executing <Task(BashOperator): dbt_marts_core> on 2025-04-19 12:26:56.444512+00:00
[2025-04-19T12:26:57.507+0000] {standard_task_runner.py:104} INFO - Running: ['airflow', 'tasks', 'run', 'dbt_etl_pipeline_mart', 'dbt_marts_core', 'manual__2025-04-19T12:26:56.444512+00:00', '--job-id', '173', '--raw', '--subdir', 'DAGS_FOLDER/dbt_marts.py', '--cfg-path', '/tmp/tmp92k8n1hk']
[2025-04-19T12:26:57.509+0000] {standard_task_runner.py:105} INFO - Job 173: Subtask dbt_marts_core
[2025-04-19T12:26:57.511+0000] {logging_mixin.py:190} WARNING - /home/airflow/.local/lib/python3.12/site-packages/airflow/task/task_runner/standard_task_runner.py:70 DeprecationWarning: This process (pid=326) is multi-threaded, use of fork() may lead to deadlocks in the child.
[2025-04-19T12:26:57.512+0000] {standard_task_runner.py:72} INFO - Started process 327 to run task
[2025-04-19T12:26:57.760+0000] {task_command.py:467} INFO - Running <TaskInstance: dbt_etl_pipeline_mart.dbt_marts_core manual__2025-04-19T12:26:56.444512+00:00 [running]> on host 27536697ee14
[2025-04-19T12:26:58.049+0000] {taskinstance.py:3134} INFO - Exporting env vars: AIRFLOW_CTX_DAG_OWNER='azizjon' AIRFLOW_CTX_DAG_ID='dbt_etl_pipeline_mart' AIRFLOW_CTX_TASK_ID='dbt_marts_core' AIRFLOW_CTX_EXECUTION_DATE='2025-04-19T12:26:56.444512+00:00' AIRFLOW_CTX_TRY_NUMBER='1' AIRFLOW_CTX_DAG_RUN_ID='manual__2025-04-19T12:26:56.444512+00:00'
[2025-04-19T12:26:58.050+0000] {taskinstance.py:732} INFO - ::endgroup::
[2025-04-19T12:26:58.076+0000] {subprocess.py:78} INFO - Tmp dir root location: /tmp
[2025-04-19T12:26:58.077+0000] {subprocess.py:88} INFO - Running command: ['/usr/bin/bash', '-c', '\n        export PATH=/home/airflow/.local/bin:$PATH\n        cd /opt/airflow/commerce_dbt\n        dbt run --select marts.core --profiles-dir .\n        ']
[2025-04-19T12:26:58.085+0000] {subprocess.py:99} INFO - Output:
[2025-04-19T12:27:00.581+0000] {subprocess.py:106} INFO - [0m12:27:00  Running with dbt=1.7.0
[2025-04-19T12:27:00.840+0000] {subprocess.py:106} INFO - [0m12:27:00  Registered adapter: postgres=1.7.0
[2025-04-19T12:27:01.730+0000] {subprocess.py:106} INFO - [0m12:27:01  [[33mWARNING[0m]: Configuration paths exist in your dbt_project.yml file which do not apply to any resources.
[2025-04-19T12:27:01.731+0000] {subprocess.py:106} INFO - There are 1 unused configuration paths:
[2025-04-19T12:27:01.731+0000] {subprocess.py:106} INFO - - seeds.initial_dataset
[2025-04-19T12:27:01.785+0000] {subprocess.py:106} INFO - [0m12:27:01  Found 13 models, 1 snapshot, 6 seeds, 43 tests, 6 sources, 0 exposures, 0 metrics, 401 macros, 0 groups, 0 semantic models
[2025-04-19T12:27:01.803+0000] {subprocess.py:106} INFO - [0m12:27:01
[2025-04-19T12:27:02.247+0000] {subprocess.py:106} INFO - [0m12:27:02  Concurrency: 4 threads (target='dev')
[2025-04-19T12:27:02.248+0000] {subprocess.py:106} INFO - [0m12:27:02
[2025-04-19T12:27:02.259+0000] {subprocess.py:106} INFO - [0m12:27:02  1 of 5 START sql table model commerce_core.dim_customers ....................... [RUN]
[2025-04-19T12:27:02.260+0000] {subprocess.py:106} INFO - [0m12:27:02  2 of 5 START sql table model commerce_core.dim_products ........................ [RUN]
[2025-04-19T12:27:02.261+0000] {subprocess.py:106} INFO - [0m12:27:02  3 of 5 START sql table model commerce_core.dim_stores .......................... [RUN]
[2025-04-19T12:27:02.618+0000] {subprocess.py:106} INFO - [0m12:27:02  1 of 5 OK created sql table model commerce_core.dim_customers .................. [[32mSELECT 1000[0m in 0.35s]
[2025-04-19T12:27:02.624+0000] {subprocess.py:106} INFO - [0m12:27:02  3 of 5 OK created sql table model commerce_core.dim_stores ..................... [[32mSELECT 5[0m in 0.36s]
[2025-04-19T12:27:02.626+0000] {subprocess.py:106} INFO - [0m12:27:02  2 of 5 OK created sql table model commerce_core.dim_products ................... [[32mSELECT 17[0m in 0.36s]
[2025-04-19T12:27:02.633+0000] {subprocess.py:106} INFO - [0m12:27:02  4 of 5 START sql table model commerce_core.fct_orders .......................... [RUN]
[2025-04-19T12:27:02.633+0000] {subprocess.py:106} INFO - [0m12:27:02  5 of 5 START sql table model commerce_core.ml_analytics ........................ [RUN]
[2025-04-19T12:27:02.826+0000] {subprocess.py:106} INFO - [0m12:27:02  4 of 5 OK created sql table model commerce_core.fct_orders ..................... [[32mSELECT 10000[0m in 0.19s]
[2025-04-19T12:27:02.834+0000] {subprocess.py:106} INFO - [0m12:27:02  5 of 5 OK created sql table model commerce_core.ml_analytics ................... [[32mSELECT 10000[0m in 0.20s]
[2025-04-19T12:27:02.891+0000] {subprocess.py:106} INFO - [0m12:27:02
[2025-04-19T12:27:02.892+0000] {subprocess.py:106} INFO - [0m12:27:02  Finished running 5 table models in 0 hours 0 minutes and 1.09 seconds (1.09s).
[2025-04-19T12:27:02.949+0000] {subprocess.py:106} INFO - [0m12:27:02
[2025-04-19T12:27:02.950+0000] {subprocess.py:106} INFO - [0m12:27:02  [32mCompleted successfully[0m
[2025-04-19T12:27:02.962+0000] {subprocess.py:106} INFO - [0m12:27:02
[2025-04-19T12:27:02.963+0000] {subprocess.py:106} INFO - [0m12:27:02  Done. PASS=5 WARN=0 ERROR=0 SKIP=0 TOTAL=5
[2025-04-19T12:27:04.143+0000] {subprocess.py:110} INFO - Command exited with return code 0
[2025-04-19T12:27:04.258+0000] {taskinstance.py:341} INFO - ::group::Post task execution logs
[2025-04-19T12:27:04.259+0000] {taskinstance.py:353} INFO - Marking task as SUCCESS. dag_id=dbt_etl_pipeline_mart, task_id=dbt_marts_core, run_id=manual__2025-04-19T12:26:56.444512+00:00, execution_date=20250419T122656, start_date=20250419T122657, end_date=20250419T122704
[2025-04-19T12:27:04.447+0000] {local_task_job_runner.py:266} INFO - Task exited with return code 0
[2025-04-19T12:27:04.535+0000] {taskinstance.py:3901} INFO - 1 downstream tasks scheduled from follow-on schedule check
[2025-04-19T12:27:04.539+0000] {local_task_job_runner.py:245} INFO - ::endgroup::
