[2025-04-18T00:55:38.620+0000] {local_task_job_runner.py:123} INFO - ::group::Pre task execution logs
[2025-04-18T00:55:38.710+0000] {taskinstance.py:2614} INFO - Dependencies all met for dep_context=non-requeueable deps ti=<TaskInstance: load_new_order_items.dbt_staging manual__2025-04-18T00:55:35.120945+00:00 [queued]>
[2025-04-18T00:55:38.727+0000] {taskinstance.py:2614} INFO - Dependencies all met for dep_context=requeueable deps ti=<TaskInstance: load_new_order_items.dbt_staging manual__2025-04-18T00:55:35.120945+00:00 [queued]>
[2025-04-18T00:55:38.729+0000] {taskinstance.py:2867} INFO - Starting attempt 1 of 1
[2025-04-18T00:55:38.746+0000] {taskinstance.py:2890} INFO - Executing <Task(TriggerDagRunOperator): dbt_staging> on 2025-04-18 00:55:35.120945+00:00
[2025-04-18T00:55:38.753+0000] {standard_task_runner.py:104} INFO - Running: ['airflow', 'tasks', 'run', 'load_new_order_items', 'dbt_staging', 'manual__2025-04-18T00:55:35.120945+00:00', '--job-id', '62', '--raw', '--subdir', 'DAGS_FOLDER/store_to_sql_order_items.py', '--cfg-path', '/tmp/tmpd7ozcurb']
[2025-04-18T00:55:38.755+0000] {standard_task_runner.py:105} INFO - Job 62: Subtask dbt_staging
[2025-04-18T00:55:38.756+0000] {logging_mixin.py:190} WARNING - /home/airflow/.local/lib/python3.12/site-packages/airflow/task/task_runner/standard_task_runner.py:70 DeprecationWarning: This process (pid=2727) is multi-threaded, use of fork() may lead to deadlocks in the child.
[2025-04-18T00:55:38.756+0000] {standard_task_runner.py:72} INFO - Started process 2728 to run task
[2025-04-18T00:55:38.960+0000] {task_command.py:467} INFO - Running <TaskInstance: load_new_order_items.dbt_staging manual__2025-04-18T00:55:35.120945+00:00 [running]> on host f693ba064550
[2025-04-18T00:55:39.295+0000] {taskinstance.py:3134} INFO - Exporting env vars: AIRFLOW_CTX_DAG_OWNER='azizjon' AIRFLOW_CTX_DAG_ID='load_new_order_items' AIRFLOW_CTX_TASK_ID='dbt_staging' AIRFLOW_CTX_EXECUTION_DATE='2025-04-18T00:55:35.120945+00:00' AIRFLOW_CTX_TRY_NUMBER='1' AIRFLOW_CTX_DAG_RUN_ID='manual__2025-04-18T00:55:35.120945+00:00'
[2025-04-18T00:55:39.299+0000] {taskinstance.py:732} INFO - ::endgroup::
[2025-04-18T00:55:39.986+0000] {trigger_dagrun.py:257} INFO - Waiting for dbt_etl_pipeline_staging on 2025-04-18 00:55:35.120945+00:00 to become allowed state ['success'] ...
[2025-04-18T00:55:45.064+0000] {trigger_dagrun.py:257} INFO - Waiting for dbt_etl_pipeline_staging on 2025-04-18 00:55:35.120945+00:00 to become allowed state ['success'] ...
[2025-04-18T00:55:50.143+0000] {trigger_dagrun.py:271} INFO - dbt_etl_pipeline_staging finished with allowed state success
[2025-04-18T00:55:50.215+0000] {taskinstance.py:341} INFO - ::group::Post task execution logs
[2025-04-18T00:55:50.216+0000] {taskinstance.py:353} INFO - Marking task as SUCCESS. dag_id=load_new_order_items, task_id=dbt_staging, run_id=manual__2025-04-18T00:55:35.120945+00:00, execution_date=20250418T005535, start_date=20250418T005538, end_date=20250418T005550
[2025-04-18T00:55:50.388+0000] {local_task_job_runner.py:266} INFO - Task exited with return code 0
[2025-04-18T00:55:50.484+0000] {taskinstance.py:3901} INFO - 1 downstream tasks scheduled from follow-on schedule check
[2025-04-18T00:55:50.498+0000] {local_task_job_runner.py:245} INFO - ::endgroup::
