[2025-04-19T15:58:29.334+0000] {local_task_job_runner.py:123} INFO - ::group::Pre task execution logs
[2025-04-19T15:58:29.387+0000] {taskinstance.py:2614} INFO - Dependencies all met for dep_context=non-requeueable deps ti=<TaskInstance: dbt_etl_pipeline_seed.dbt_seed manual__2025-04-19T15:58:22.410565+00:00 [queued]>
[2025-04-19T15:58:29.398+0000] {taskinstance.py:2614} INFO - Dependencies all met for dep_context=requeueable deps ti=<TaskInstance: dbt_etl_pipeline_seed.dbt_seed manual__2025-04-19T15:58:22.410565+00:00 [queued]>
[2025-04-19T15:58:29.400+0000] {taskinstance.py:2867} INFO - Starting attempt 1 of 1
[2025-04-19T15:58:29.414+0000] {taskinstance.py:2890} INFO - Executing <Task(BashOperator): dbt_seed> on 2025-04-19 15:58:22.410565+00:00
[2025-04-19T15:58:29.421+0000] {logging_mixin.py:190} WARNING - /home/airflow/.local/lib/python3.12/site-packages/airflow/task/task_runner/standard_task_runner.py:70 DeprecationWarning: This process (pid=5666) is multi-threaded, use of fork() may lead to deadlocks in the child.
[2025-04-19T15:58:29.422+0000] {standard_task_runner.py:72} INFO - Started process 5667 to run task
[2025-04-19T15:58:29.421+0000] {standard_task_runner.py:104} INFO - Running: ['airflow', 'tasks', 'run', 'dbt_etl_pipeline_seed', 'dbt_seed', 'manual__2025-04-19T15:58:22.410565+00:00', '--job-id', '253', '--raw', '--subdir', 'DAGS_FOLDER/dbt_seed.py', '--cfg-path', '/tmp/tmpy2w7i6rw']
[2025-04-19T15:58:29.423+0000] {standard_task_runner.py:105} INFO - Job 253: Subtask dbt_seed
[2025-04-19T15:58:29.587+0000] {task_command.py:467} INFO - Running <TaskInstance: dbt_etl_pipeline_seed.dbt_seed manual__2025-04-19T15:58:22.410565+00:00 [running]> on host 27536697ee14
[2025-04-19T15:58:29.968+0000] {taskinstance.py:3134} INFO - Exporting env vars: AIRFLOW_CTX_DAG_OWNER='azizjon' AIRFLOW_CTX_DAG_ID='dbt_etl_pipeline_seed' AIRFLOW_CTX_TASK_ID='dbt_seed' AIRFLOW_CTX_EXECUTION_DATE='2025-04-19T15:58:22.410565+00:00' AIRFLOW_CTX_TRY_NUMBER='1' AIRFLOW_CTX_DAG_RUN_ID='manual__2025-04-19T15:58:22.410565+00:00'
[2025-04-19T15:58:29.969+0000] {taskinstance.py:732} INFO - ::endgroup::
[2025-04-19T15:58:29.985+0000] {subprocess.py:78} INFO - Tmp dir root location: /tmp
[2025-04-19T15:58:29.986+0000] {subprocess.py:88} INFO - Running command: ['/usr/bin/bash', '-c', '\n        export PATH=/home/airflow/.local/bin:$PATH\n        cd /opt/airflow/commerce_dbt\n        dbt seed --profiles-dir .\n        ']
[2025-04-19T15:58:29.998+0000] {subprocess.py:99} INFO - Output:
[2025-04-19T15:58:32.563+0000] {subprocess.py:106} INFO - [0m15:58:32  Running with dbt=1.7.0
[2025-04-19T15:58:32.879+0000] {subprocess.py:106} INFO - [0m15:58:32  Registered adapter: postgres=1.7.0
[2025-04-19T15:58:33.483+0000] {subprocess.py:106} INFO - [0m15:58:33  [[33mWARNING[0m]: Configuration paths exist in your dbt_project.yml file which do not apply to any resources.
[2025-04-19T15:58:33.483+0000] {subprocess.py:106} INFO - There are 1 unused configuration paths:
[2025-04-19T15:58:33.484+0000] {subprocess.py:106} INFO - - seeds.initial_dataset
[2025-04-19T15:58:33.529+0000] {subprocess.py:106} INFO - [0m15:58:33  Found 13 models, 1 snapshot, 6 seeds, 43 tests, 6 sources, 0 exposures, 0 metrics, 401 macros, 0 groups, 0 semantic models
[2025-04-19T15:58:33.532+0000] {subprocess.py:106} INFO - [0m15:58:33
[2025-04-19T15:58:34.126+0000] {subprocess.py:106} INFO - [0m15:58:34  Concurrency: 4 threads (target='dev')
[2025-04-19T15:58:34.129+0000] {subprocess.py:106} INFO - [0m15:58:34
[2025-04-19T15:58:34.144+0000] {subprocess.py:106} INFO - [0m15:58:34  1 of 6 START seed file commerce_raw.customers .................................. [RUN]
[2025-04-19T15:58:34.146+0000] {subprocess.py:106} INFO - [0m15:58:34  2 of 6 START seed file commerce_raw.order_items ................................ [RUN]
[2025-04-19T15:58:34.148+0000] {subprocess.py:106} INFO - [0m15:58:34  3 of 6 START seed file commerce_raw.orders ..................................... [RUN]
[2025-04-19T15:58:34.149+0000] {subprocess.py:106} INFO - [0m15:58:34  4 of 6 START seed file commerce_raw.product_categories ......................... [RUN]
[2025-04-19T15:58:35.375+0000] {subprocess.py:106} INFO - [0m15:58:35  4 of 6 OK loaded seed file commerce_raw.product_categories ..................... [[32mINSERT 4[0m in 1.18s]
[2025-04-19T15:58:35.448+0000] {subprocess.py:106} INFO - [0m15:58:35  5 of 6 START seed file commerce_raw.products ................................... [RUN]
[2025-04-19T15:58:36.195+0000] {subprocess.py:106} INFO - [0m15:58:36  5 of 6 OK loaded seed file commerce_raw.products ............................... [[32mINSERT 17[0m in 0.71s]
[2025-04-19T15:58:36.224+0000] {subprocess.py:106} INFO - [0m15:58:36  6 of 6 START seed file commerce_raw.stores ..................................... [RUN]
[2025-04-19T15:58:36.833+0000] {subprocess.py:106} INFO - [0m15:58:36  6 of 6 OK loaded seed file commerce_raw.stores ................................. [[32mINSERT 5[0m in 0.60s]
[2025-04-19T15:58:37.317+0000] {subprocess.py:106} INFO - [0m15:58:37  1 of 6 OK loaded seed file commerce_raw.customers .............................. [[32mINSERT 1000[0m in 3.16s]
[2025-04-19T15:58:47.192+0000] {subprocess.py:106} INFO - [0m15:58:47  3 of 6 OK loaded seed file commerce_raw.orders ................................. [[32mINSERT 7000[0m in 13.03s]
[2025-04-19T15:58:49.259+0000] {subprocess.py:106} INFO - [0m15:58:49  2 of 6 OK loaded seed file commerce_raw.order_items ............................ [[32mINSERT 10000[0m in 15.11s]
[2025-04-19T15:58:49.317+0000] {subprocess.py:106} INFO - [0m15:58:49
[2025-04-19T15:58:49.317+0000] {subprocess.py:106} INFO - [0m15:58:49  Finished running 6 seeds in 0 hours 0 minutes and 15.78 seconds (15.78s).
[2025-04-19T15:58:49.345+0000] {subprocess.py:106} INFO - [0m15:58:49
[2025-04-19T15:58:49.346+0000] {subprocess.py:106} INFO - [0m15:58:49  [32mCompleted successfully[0m
[2025-04-19T15:58:49.346+0000] {subprocess.py:106} INFO - [0m15:58:49
[2025-04-19T15:58:49.347+0000] {subprocess.py:106} INFO - [0m15:58:49  Done. PASS=6 WARN=0 ERROR=0 SKIP=0 TOTAL=6
[2025-04-19T15:58:50.390+0000] {subprocess.py:110} INFO - Command exited with return code 0
[2025-04-19T15:58:50.524+0000] {taskinstance.py:341} INFO - ::group::Post task execution logs
[2025-04-19T15:58:50.524+0000] {taskinstance.py:353} INFO - Marking task as SUCCESS. dag_id=dbt_etl_pipeline_seed, task_id=dbt_seed, run_id=manual__2025-04-19T15:58:22.410565+00:00, execution_date=20250419T155822, start_date=20250419T155829, end_date=20250419T155850
[2025-04-19T15:58:50.672+0000] {local_task_job_runner.py:266} INFO - Task exited with return code 0
[2025-04-19T15:58:50.732+0000] {taskinstance.py:3901} INFO - 0 downstream tasks scheduled from follow-on schedule check
[2025-04-19T15:58:50.735+0000] {local_task_job_runner.py:245} INFO - ::endgroup::
