[2025-04-18T11:12:50.456+0000] {local_task_job_runner.py:123} INFO - ::group::Pre task execution logs
[2025-04-18T11:12:50.527+0000] {taskinstance.py:2614} INFO - Dependencies all met for dep_context=non-requeueable deps ti=<TaskInstance: dbt_etl_pipeline_mart.dbt_marts_core manual__2025-04-18T11:12:49.599693+00:00 [queued]>
[2025-04-18T11:12:50.542+0000] {taskinstance.py:2614} INFO - Dependencies all met for dep_context=requeueable deps ti=<TaskInstance: dbt_etl_pipeline_mart.dbt_marts_core manual__2025-04-18T11:12:49.599693+00:00 [queued]>
[2025-04-18T11:12:50.543+0000] {taskinstance.py:2867} INFO - Starting attempt 1 of 1
[2025-04-18T11:12:50.563+0000] {taskinstance.py:2890} INFO - Executing <Task(BashOperator): dbt_marts_core> on 2025-04-18 11:12:49.599693+00:00
[2025-04-18T11:12:50.579+0000] {logging_mixin.py:190} WARNING - /home/airflow/.local/lib/python3.12/site-packages/airflow/task/task_runner/standard_task_runner.py:70 DeprecationWarning: This process (pid=337) is multi-threaded, use of fork() may lead to deadlocks in the child.
[2025-04-18T11:12:50.577+0000] {standard_task_runner.py:104} INFO - Running: ['airflow', 'tasks', 'run', 'dbt_etl_pipeline_mart', 'dbt_marts_core', 'manual__2025-04-18T11:12:49.599693+00:00', '--job-id', '82', '--raw', '--subdir', 'DAGS_FOLDER/dbt_marts.py', '--cfg-path', '/tmp/tmpfn_aud0s']
[2025-04-18T11:12:50.580+0000] {standard_task_runner.py:72} INFO - Started process 338 to run task
[2025-04-18T11:12:50.580+0000] {standard_task_runner.py:105} INFO - Job 82: Subtask dbt_marts_core
[2025-04-18T11:12:50.820+0000] {task_command.py:467} INFO - Running <TaskInstance: dbt_etl_pipeline_mart.dbt_marts_core manual__2025-04-18T11:12:49.599693+00:00 [running]> on host f693ba064550
[2025-04-18T11:12:51.141+0000] {taskinstance.py:3134} INFO - Exporting env vars: AIRFLOW_CTX_DAG_OWNER='azizjon' AIRFLOW_CTX_DAG_ID='dbt_etl_pipeline_mart' AIRFLOW_CTX_TASK_ID='dbt_marts_core' AIRFLOW_CTX_EXECUTION_DATE='2025-04-18T11:12:49.599693+00:00' AIRFLOW_CTX_TRY_NUMBER='1' AIRFLOW_CTX_DAG_RUN_ID='manual__2025-04-18T11:12:49.599693+00:00'
[2025-04-18T11:12:51.143+0000] {taskinstance.py:732} INFO - ::endgroup::
[2025-04-18T11:12:51.160+0000] {subprocess.py:78} INFO - Tmp dir root location: /tmp
[2025-04-18T11:12:51.162+0000] {subprocess.py:88} INFO - Running command: ['/usr/bin/bash', '-c', '\n        export PATH=/home/airflow/.local/bin:$PATH\n        cd /opt/airflow/commerce_dbt\n        dbt run --select marts.core --profiles-dir .\n        ']
[2025-04-18T11:12:51.173+0000] {subprocess.py:99} INFO - Output:
[2025-04-18T11:12:53.827+0000] {subprocess.py:106} INFO - [0m11:12:53  Running with dbt=1.7.0
[2025-04-18T11:12:54.250+0000] {subprocess.py:106} INFO - [0m11:12:54  Registered adapter: postgres=1.7.0
[2025-04-18T11:12:54.928+0000] {subprocess.py:106} INFO - [0m11:12:54  [[33mWARNING[0m]: Configuration paths exist in your dbt_project.yml file which do not apply to any resources.
[2025-04-18T11:12:54.928+0000] {subprocess.py:106} INFO - There are 1 unused configuration paths:
[2025-04-18T11:12:54.929+0000] {subprocess.py:106} INFO - - seeds.initial_dataset
[2025-04-18T11:12:54.988+0000] {subprocess.py:106} INFO - [0m11:12:54  Found 12 models, 1 snapshot, 6 seeds, 43 tests, 6 sources, 0 exposures, 0 metrics, 401 macros, 0 groups, 0 semantic models
[2025-04-18T11:12:54.992+0000] {subprocess.py:106} INFO - [0m11:12:54
[2025-04-18T11:12:55.449+0000] {subprocess.py:106} INFO - [0m11:12:55  Concurrency: 4 threads (target='dev')
[2025-04-18T11:12:55.450+0000] {subprocess.py:106} INFO - [0m11:12:55
[2025-04-18T11:12:55.462+0000] {subprocess.py:106} INFO - [0m11:12:55  1 of 4 START sql table model commerce_core.dim_customers ....................... [RUN]
[2025-04-18T11:12:55.463+0000] {subprocess.py:106} INFO - [0m11:12:55  2 of 4 START sql table model commerce_core.dim_products ........................ [RUN]
[2025-04-18T11:12:55.465+0000] {subprocess.py:106} INFO - [0m11:12:55  3 of 4 START sql table model commerce_core.dim_stores .......................... [RUN]
[2025-04-18T11:12:55.807+0000] {subprocess.py:106} INFO - [0m11:12:55  3 of 4 OK created sql table model commerce_core.dim_stores ..................... [[32mSELECT 5[0m in 0.33s]
[2025-04-18T11:12:55.823+0000] {subprocess.py:106} INFO - [0m11:12:55  2 of 4 OK created sql table model commerce_core.dim_products ................... [[32mSELECT 17[0m in 0.35s]
[2025-04-18T11:12:55.825+0000] {subprocess.py:106} INFO - [0m11:12:55  1 of 4 OK created sql table model commerce_core.dim_customers .................. [[32mSELECT 1000[0m in 0.35s]
[2025-04-18T11:12:55.831+0000] {subprocess.py:106} INFO - [0m11:12:55  4 of 4 START sql table model commerce_core.fct_orders .......................... [RUN]
[2025-04-18T11:12:55.996+0000] {subprocess.py:106} INFO - [0m11:12:55  4 of 4 OK created sql table model commerce_core.fct_orders ..................... [[32mSELECT 10000[0m in 0.16s]
[2025-04-18T11:12:56.076+0000] {subprocess.py:106} INFO - [0m11:12:56
[2025-04-18T11:12:56.079+0000] {subprocess.py:106} INFO - [0m11:12:56  Finished running 4 table models in 0 hours 0 minutes and 1.08 seconds (1.08s).
[2025-04-18T11:12:56.121+0000] {subprocess.py:106} INFO - [0m11:12:56
[2025-04-18T11:12:56.123+0000] {subprocess.py:106} INFO - [0m11:12:56  [32mCompleted successfully[0m
[2025-04-18T11:12:56.124+0000] {subprocess.py:106} INFO - [0m11:12:56
[2025-04-18T11:12:56.125+0000] {subprocess.py:106} INFO - [0m11:12:56  Done. PASS=4 WARN=0 ERROR=0 SKIP=0 TOTAL=4
[2025-04-18T11:12:56.984+0000] {subprocess.py:110} INFO - Command exited with return code 0
[2025-04-18T11:12:57.119+0000] {taskinstance.py:341} INFO - ::group::Post task execution logs
[2025-04-18T11:12:57.120+0000] {taskinstance.py:353} INFO - Marking task as SUCCESS. dag_id=dbt_etl_pipeline_mart, task_id=dbt_marts_core, run_id=manual__2025-04-18T11:12:49.599693+00:00, execution_date=20250418T111249, start_date=20250418T111250, end_date=20250418T111257
[2025-04-18T11:12:57.266+0000] {local_task_job_runner.py:266} INFO - Task exited with return code 0
[2025-04-18T11:12:57.350+0000] {taskinstance.py:3901} INFO - 1 downstream tasks scheduled from follow-on schedule check
[2025-04-18T11:12:57.353+0000] {local_task_job_runner.py:245} INFO - ::endgroup::
