[2025-04-17T21:09:16.315+0000] {local_task_job_runner.py:123} INFO - ::group::Pre task execution logs
[2025-04-17T21:09:16.391+0000] {taskinstance.py:2614} INFO - Dependencies all met for dep_context=non-requeueable deps ti=<TaskInstance: dbt_etl_pipeline_mart.dbt_marts_business manual__2025-04-17T21:09:07.326378+00:00 [queued]>
[2025-04-17T21:09:16.406+0000] {taskinstance.py:2614} INFO - Dependencies all met for dep_context=requeueable deps ti=<TaskInstance: dbt_etl_pipeline_mart.dbt_marts_business manual__2025-04-17T21:09:07.326378+00:00 [queued]>
[2025-04-17T21:09:16.407+0000] {taskinstance.py:2867} INFO - Starting attempt 1 of 1
[2025-04-17T21:09:16.425+0000] {taskinstance.py:2890} INFO - Executing <Task(BashOperator): dbt_marts_business> on 2025-04-17 21:09:07.326378+00:00
[2025-04-17T21:09:16.432+0000] {standard_task_runner.py:104} INFO - Running: ['airflow', 'tasks', 'run', 'dbt_etl_pipeline_mart', 'dbt_marts_business', 'manual__2025-04-17T21:09:07.326378+00:00', '--job-id', '20', '--raw', '--subdir', 'DAGS_FOLDER/dbt_marts.py', '--cfg-path', '/tmp/tmppy9bp3sv']
[2025-04-17T21:09:16.434+0000] {standard_task_runner.py:105} INFO - Job 20: Subtask dbt_marts_business
[2025-04-17T21:09:16.435+0000] {logging_mixin.py:190} WARNING - /home/airflow/.local/lib/python3.12/site-packages/airflow/task/task_runner/standard_task_runner.py:70 DeprecationWarning: This process (pid=424) is multi-threaded, use of fork() may lead to deadlocks in the child.
[2025-04-17T21:09:16.435+0000] {standard_task_runner.py:72} INFO - Started process 425 to run task
[2025-04-17T21:09:16.738+0000] {task_command.py:467} INFO - Running <TaskInstance: dbt_etl_pipeline_mart.dbt_marts_business manual__2025-04-17T21:09:07.326378+00:00 [running]> on host d50f0d37f6bf
[2025-04-17T21:09:16.984+0000] {taskinstance.py:3134} INFO - Exporting env vars: AIRFLOW_CTX_DAG_OWNER='azizjon' AIRFLOW_CTX_DAG_ID='dbt_etl_pipeline_mart' AIRFLOW_CTX_TASK_ID='dbt_marts_business' AIRFLOW_CTX_EXECUTION_DATE='2025-04-17T21:09:07.326378+00:00' AIRFLOW_CTX_TRY_NUMBER='1' AIRFLOW_CTX_DAG_RUN_ID='manual__2025-04-17T21:09:07.326378+00:00'
[2025-04-17T21:09:16.985+0000] {taskinstance.py:732} INFO - ::endgroup::
[2025-04-17T21:09:16.998+0000] {subprocess.py:78} INFO - Tmp dir root location: /tmp
[2025-04-17T21:09:17.001+0000] {subprocess.py:88} INFO - Running command: ['/usr/bin/bash', '-c', '\n        export PATH=/home/airflow/.local/bin:$PATH\n        cd /opt/airflow/commerce_dbt\n        dbt run --select marts.business --profiles-dir .\n        ']
[2025-04-17T21:09:17.011+0000] {subprocess.py:99} INFO - Output:
[2025-04-17T21:09:19.469+0000] {subprocess.py:106} INFO - [0m21:09:19  Running with dbt=1.7.0
[2025-04-17T21:09:19.841+0000] {subprocess.py:106} INFO - [0m21:09:19  Registered adapter: postgres=1.7.0
[2025-04-17T21:09:20.382+0000] {subprocess.py:106} INFO - [0m21:09:20  Found 12 models, 1 snapshot, 6 seeds, 43 tests, 6 sources, 0 exposures, 0 metrics, 401 macros, 0 groups, 0 semantic models
[2025-04-17T21:09:20.385+0000] {subprocess.py:106} INFO - [0m21:09:20
[2025-04-17T21:09:20.694+0000] {subprocess.py:106} INFO - [0m21:09:20  Concurrency: 4 threads (target='dev')
[2025-04-17T21:09:20.695+0000] {subprocess.py:106} INFO - [0m21:09:20
[2025-04-17T21:09:20.707+0000] {subprocess.py:106} INFO - [0m21:09:20  1 of 2 START sql table model commerce_business.customer_orders ................. [RUN]
[2025-04-17T21:09:20.709+0000] {subprocess.py:106} INFO - [0m21:09:20  2 of 2 START sql table model commerce_business.product_sales ................... [RUN]
[2025-04-17T21:09:21.050+0000] {subprocess.py:106} INFO - [0m21:09:21  2 of 2 OK created sql table model commerce_business.product_sales .............. [[32mSELECT 17[0m in 0.33s]
[2025-04-17T21:09:21.054+0000] {subprocess.py:106} INFO - [0m21:09:21  1 of 2 OK created sql table model commerce_business.customer_orders ............ [[32mSELECT 1000[0m in 0.34s]
[2025-04-17T21:09:21.258+0000] {subprocess.py:106} INFO - [0m21:09:21
[2025-04-17T21:09:21.259+0000] {subprocess.py:106} INFO - [0m21:09:21  Finished running 2 table models in 0 hours 0 minutes and 0.87 seconds (0.87s).
[2025-04-17T21:09:21.298+0000] {subprocess.py:106} INFO - [0m21:09:21
[2025-04-17T21:09:21.301+0000] {subprocess.py:106} INFO - [0m21:09:21  [32mCompleted successfully[0m
[2025-04-17T21:09:21.302+0000] {subprocess.py:106} INFO - [0m21:09:21
[2025-04-17T21:09:21.303+0000] {subprocess.py:106} INFO - [0m21:09:21  Done. PASS=2 WARN=0 ERROR=0 SKIP=0 TOTAL=2
[2025-04-17T21:09:22.624+0000] {subprocess.py:110} INFO - Command exited with return code 0
[2025-04-17T21:09:22.728+0000] {taskinstance.py:341} INFO - ::group::Post task execution logs
[2025-04-17T21:09:22.729+0000] {taskinstance.py:353} INFO - Marking task as SUCCESS. dag_id=dbt_etl_pipeline_mart, task_id=dbt_marts_business, run_id=manual__2025-04-17T21:09:07.326378+00:00, execution_date=20250417T210907, start_date=20250417T210916, end_date=20250417T210922
[2025-04-17T21:09:22.884+0000] {local_task_job_runner.py:266} INFO - Task exited with return code 0
[2025-04-17T21:09:22.942+0000] {taskinstance.py:3901} INFO - 0 downstream tasks scheduled from follow-on schedule check
[2025-04-17T21:09:22.945+0000] {local_task_job_runner.py:245} INFO - ::endgroup::
