[2025-04-18T00:57:37.102+0000] {local_task_job_runner.py:123} INFO - ::group::Pre task execution logs
[2025-04-18T00:57:37.288+0000] {taskinstance.py:2614} INFO - Dependencies all met for dep_context=non-requeueable deps ti=<TaskInstance: load_new_orders.dbt_staging manual__2025-04-18T00:57:33.796756+00:00 [queued]>
[2025-04-18T00:57:37.304+0000] {taskinstance.py:2614} INFO - Dependencies all met for dep_context=requeueable deps ti=<TaskInstance: load_new_orders.dbt_staging manual__2025-04-18T00:57:33.796756+00:00 [queued]>
[2025-04-18T00:57:37.318+0000] {taskinstance.py:2867} INFO - Starting attempt 1 of 1
[2025-04-18T00:57:37.336+0000] {taskinstance.py:2890} INFO - Executing <Task(TriggerDagRunOperator): dbt_staging> on 2025-04-18 00:57:33.796756+00:00
[2025-04-18T00:57:37.345+0000] {standard_task_runner.py:104} INFO - Running: ['airflow', 'tasks', 'run', 'load_new_orders', 'dbt_staging', 'manual__2025-04-18T00:57:33.796756+00:00', '--job-id', '69', '--raw', '--subdir', 'DAGS_FOLDER/store_to_sql_orders.py', '--cfg-path', '/tmp/tmpzpto5dre']
[2025-04-18T00:57:37.347+0000] {standard_task_runner.py:105} INFO - Job 69: Subtask dbt_staging
[2025-04-18T00:57:37.348+0000] {logging_mixin.py:190} WARNING - /home/airflow/.local/lib/python3.12/site-packages/airflow/task/task_runner/standard_task_runner.py:70 DeprecationWarning: This process (pid=2971) is multi-threaded, use of fork() may lead to deadlocks in the child.
[2025-04-18T00:57:37.348+0000] {standard_task_runner.py:72} INFO - Started process 2972 to run task
[2025-04-18T00:57:37.588+0000] {task_command.py:467} INFO - Running <TaskInstance: load_new_orders.dbt_staging manual__2025-04-18T00:57:33.796756+00:00 [running]> on host f693ba064550
[2025-04-18T00:57:38.010+0000] {taskinstance.py:3134} INFO - Exporting env vars: AIRFLOW_CTX_DAG_OWNER='azizjon' AIRFLOW_CTX_DAG_ID='load_new_orders' AIRFLOW_CTX_TASK_ID='dbt_staging' AIRFLOW_CTX_EXECUTION_DATE='2025-04-18T00:57:33.796756+00:00' AIRFLOW_CTX_TRY_NUMBER='1' AIRFLOW_CTX_DAG_RUN_ID='manual__2025-04-18T00:57:33.796756+00:00'
[2025-04-18T00:57:38.013+0000] {taskinstance.py:732} INFO - ::endgroup::
[2025-04-18T00:57:38.584+0000] {trigger_dagrun.py:257} INFO - Waiting for dbt_etl_pipeline_staging on 2025-04-18 00:57:33.796756+00:00 to become allowed state ['success'] ...
[2025-04-18T00:57:43.756+0000] {trigger_dagrun.py:257} INFO - Waiting for dbt_etl_pipeline_staging on 2025-04-18 00:57:33.796756+00:00 to become allowed state ['success'] ...
[2025-04-18T00:57:48.825+0000] {trigger_dagrun.py:271} INFO - dbt_etl_pipeline_staging finished with allowed state success
[2025-04-18T00:57:48.895+0000] {taskinstance.py:341} INFO - ::group::Post task execution logs
[2025-04-18T00:57:48.896+0000] {taskinstance.py:353} INFO - Marking task as SUCCESS. dag_id=load_new_orders, task_id=dbt_staging, run_id=manual__2025-04-18T00:57:33.796756+00:00, execution_date=20250418T005733, start_date=20250418T005737, end_date=20250418T005748
[2025-04-18T00:57:49.068+0000] {local_task_job_runner.py:266} INFO - Task exited with return code 0
[2025-04-18T00:57:49.194+0000] {taskinstance.py:3901} INFO - 1 downstream tasks scheduled from follow-on schedule check
[2025-04-18T00:57:49.198+0000] {local_task_job_runner.py:245} INFO - ::endgroup::
