[2025-04-19T15:55:42.021+0000] {local_task_job_runner.py:123} INFO - ::group::Pre task execution logs
[2025-04-19T15:55:42.083+0000] {taskinstance.py:2614} INFO - Dependencies all met for dep_context=non-requeueable deps ti=<TaskInstance: dbt_etl_pipeline_seed.dbt_seed manual__2025-04-19T15:55:41.072247+00:00 [queued]>
[2025-04-19T15:55:42.095+0000] {taskinstance.py:2614} INFO - Dependencies all met for dep_context=requeueable deps ti=<TaskInstance: dbt_etl_pipeline_seed.dbt_seed manual__2025-04-19T15:55:41.072247+00:00 [queued]>
[2025-04-19T15:55:42.096+0000] {taskinstance.py:2867} INFO - Starting attempt 1 of 1
[2025-04-19T15:55:42.112+0000] {taskinstance.py:2890} INFO - Executing <Task(BashOperator): dbt_seed> on 2025-04-19 15:55:41.072247+00:00
[2025-04-19T15:55:42.119+0000] {logging_mixin.py:190} WARNING - /home/airflow/.local/lib/python3.12/site-packages/airflow/task/task_runner/standard_task_runner.py:70 DeprecationWarning: This process (pid=5393) is multi-threaded, use of fork() may lead to deadlocks in the child.
[2025-04-19T15:55:42.120+0000] {standard_task_runner.py:72} INFO - Started process 5396 to run task
[2025-04-19T15:55:42.120+0000] {standard_task_runner.py:104} INFO - Running: ['airflow', 'tasks', 'run', 'dbt_etl_pipeline_seed', 'dbt_seed', 'manual__2025-04-19T15:55:41.072247+00:00', '--job-id', '246', '--raw', '--subdir', 'DAGS_FOLDER/dbt_seed.py', '--cfg-path', '/tmp/tmp5k5hqiju']
[2025-04-19T15:55:42.121+0000] {standard_task_runner.py:105} INFO - Job 246: Subtask dbt_seed
[2025-04-19T15:55:42.305+0000] {task_command.py:467} INFO - Running <TaskInstance: dbt_etl_pipeline_seed.dbt_seed manual__2025-04-19T15:55:41.072247+00:00 [running]> on host 27536697ee14
[2025-04-19T15:55:42.582+0000] {taskinstance.py:3134} INFO - Exporting env vars: AIRFLOW_CTX_DAG_OWNER='azizjon' AIRFLOW_CTX_DAG_ID='dbt_etl_pipeline_seed' AIRFLOW_CTX_TASK_ID='dbt_seed' AIRFLOW_CTX_EXECUTION_DATE='2025-04-19T15:55:41.072247+00:00' AIRFLOW_CTX_TRY_NUMBER='1' AIRFLOW_CTX_DAG_RUN_ID='manual__2025-04-19T15:55:41.072247+00:00'
[2025-04-19T15:55:42.583+0000] {taskinstance.py:732} INFO - ::endgroup::
[2025-04-19T15:55:42.594+0000] {subprocess.py:78} INFO - Tmp dir root location: /tmp
[2025-04-19T15:55:42.596+0000] {subprocess.py:88} INFO - Running command: ['/usr/bin/bash', '-c', '\n        export PATH=/home/airflow/.local/bin:$PATH\n        cd /opt/airflow/commerce_dbt\n        dbt seed --profiles-dir .\n        ']
[2025-04-19T15:55:42.603+0000] {subprocess.py:99} INFO - Output:
[2025-04-19T15:55:45.030+0000] {subprocess.py:106} INFO - [0m15:55:45  Running with dbt=1.7.0
[2025-04-19T15:55:45.275+0000] {subprocess.py:106} INFO - [0m15:55:45  Registered adapter: postgres=1.7.0
[2025-04-19T15:55:45.711+0000] {subprocess.py:106} INFO - [0m15:55:45  [[33mWARNING[0m]: Configuration paths exist in your dbt_project.yml file which do not apply to any resources.
[2025-04-19T15:55:45.712+0000] {subprocess.py:106} INFO - There are 1 unused configuration paths:
[2025-04-19T15:55:45.713+0000] {subprocess.py:106} INFO - - seeds.initial_dataset
[2025-04-19T15:55:45.756+0000] {subprocess.py:106} INFO - [0m15:55:45  Found 13 models, 1 snapshot, 6 seeds, 43 tests, 6 sources, 0 exposures, 0 metrics, 401 macros, 0 groups, 0 semantic models
[2025-04-19T15:55:45.760+0000] {subprocess.py:106} INFO - [0m15:55:45
[2025-04-19T15:55:46.233+0000] {subprocess.py:106} INFO - [0m15:55:46  Concurrency: 4 threads (target='dev')
[2025-04-19T15:55:46.234+0000] {subprocess.py:106} INFO - [0m15:55:46
[2025-04-19T15:55:46.242+0000] {subprocess.py:106} INFO - [0m15:55:46  1 of 6 START seed file commerce_raw.customers .................................. [RUN]
[2025-04-19T15:55:46.244+0000] {subprocess.py:106} INFO - [0m15:55:46  2 of 6 START seed file commerce_raw.order_items ................................ [RUN]
[2025-04-19T15:55:46.246+0000] {subprocess.py:106} INFO - [0m15:55:46  3 of 6 START seed file commerce_raw.orders ..................................... [RUN]
[2025-04-19T15:55:46.247+0000] {subprocess.py:106} INFO - [0m15:55:46  4 of 6 START seed file commerce_raw.product_categories ......................... [RUN]
[2025-04-19T15:55:47.262+0000] {subprocess.py:106} INFO - [0m15:55:47  4 of 6 OK loaded seed file commerce_raw.product_categories ..................... [[32mINSERT 4[0m in 0.96s]
[2025-04-19T15:55:47.419+0000] {subprocess.py:106} INFO - [0m15:55:47  5 of 6 START seed file commerce_raw.products ................................... [RUN]
[2025-04-19T15:55:48.178+0000] {subprocess.py:106} INFO - [0m15:55:48  5 of 6 OK loaded seed file commerce_raw.products ............................... [[32mINSERT 17[0m in 0.73s]
[2025-04-19T15:55:48.218+0000] {subprocess.py:106} INFO - [0m15:55:48  6 of 6 START seed file commerce_raw.stores ..................................... [RUN]
[2025-04-19T15:55:48.758+0000] {subprocess.py:106} INFO - [0m15:55:48  6 of 6 OK loaded seed file commerce_raw.stores ................................. [[32mINSERT 5[0m in 0.49s]
[2025-04-19T15:55:49.153+0000] {subprocess.py:106} INFO - [0m15:55:49  1 of 6 OK loaded seed file commerce_raw.customers .............................. [[32mINSERT 1000[0m in 2.90s]
[2025-04-19T15:55:58.838+0000] {subprocess.py:106} INFO - [0m15:55:58  3 of 6 OK loaded seed file commerce_raw.orders ................................. [[32mINSERT 7000[0m in 12.58s]
[2025-04-19T15:56:01.062+0000] {subprocess.py:106} INFO - [0m15:56:01  2 of 6 OK loaded seed file commerce_raw.order_items ............................ [[32mINSERT 10000[0m in 14.81s]
[2025-04-19T15:56:01.157+0000] {subprocess.py:106} INFO - [0m15:56:01
[2025-04-19T15:56:01.159+0000] {subprocess.py:106} INFO - [0m15:56:01  Finished running 6 seeds in 0 hours 0 minutes and 15.40 seconds (15.40s).
[2025-04-19T15:56:01.207+0000] {subprocess.py:106} INFO - [0m15:56:01
[2025-04-19T15:56:01.210+0000] {subprocess.py:106} INFO - [0m15:56:01  [32mCompleted successfully[0m
[2025-04-19T15:56:01.213+0000] {subprocess.py:106} INFO - [0m15:56:01
[2025-04-19T15:56:01.214+0000] {subprocess.py:106} INFO - [0m15:56:01  Done. PASS=6 WARN=0 ERROR=0 SKIP=0 TOTAL=6
[2025-04-19T15:56:02.221+0000] {subprocess.py:110} INFO - Command exited with return code 0
[2025-04-19T15:56:02.329+0000] {taskinstance.py:341} INFO - ::group::Post task execution logs
[2025-04-19T15:56:02.330+0000] {taskinstance.py:353} INFO - Marking task as SUCCESS. dag_id=dbt_etl_pipeline_seed, task_id=dbt_seed, run_id=manual__2025-04-19T15:55:41.072247+00:00, execution_date=20250419T155541, start_date=20250419T155542, end_date=20250419T155602
[2025-04-19T15:56:02.855+0000] {local_task_job_runner.py:266} INFO - Task exited with return code 0
[2025-04-19T15:56:03.023+0000] {taskinstance.py:3901} INFO - 0 downstream tasks scheduled from follow-on schedule check
[2025-04-19T15:56:03.027+0000] {local_task_job_runner.py:245} INFO - ::endgroup::
