[2025-04-18T00:33:17.074+0000] {local_task_job_runner.py:123} INFO - ::group::Pre task execution logs
[2025-04-18T00:33:17.157+0000] {taskinstance.py:2614} INFO - Dependencies all met for dep_context=non-requeueable deps ti=<TaskInstance: dbt_etl_pipeline_seed.dbt_seed manual__2025-04-18T00:33:16.135976+00:00 [queued]>
[2025-04-18T00:33:17.177+0000] {taskinstance.py:2614} INFO - Dependencies all met for dep_context=requeueable deps ti=<TaskInstance: dbt_etl_pipeline_seed.dbt_seed manual__2025-04-18T00:33:16.135976+00:00 [queued]>
[2025-04-18T00:33:17.179+0000] {taskinstance.py:2867} INFO - Starting attempt 1 of 1
[2025-04-18T00:33:17.203+0000] {taskinstance.py:2890} INFO - Executing <Task(BashOperator): dbt_seed> on 2025-04-18 00:33:16.135976+00:00
[2025-04-18T00:33:17.211+0000] {standard_task_runner.py:104} INFO - Running: ['airflow', 'tasks', 'run', 'dbt_etl_pipeline_seed', 'dbt_seed', 'manual__2025-04-18T00:33:16.135976+00:00', '--job-id', '45', '--raw', '--subdir', 'DAGS_FOLDER/trigger_dbt.py', '--cfg-path', '/tmp/tmpgf03kmz5']
[2025-04-18T00:33:17.213+0000] {logging_mixin.py:190} WARNING - /home/airflow/.local/lib/python3.12/site-packages/airflow/task/task_runner/standard_task_runner.py:70 DeprecationWarning: This process (pid=678) is multi-threaded, use of fork() may lead to deadlocks in the child.
[2025-04-18T00:33:17.214+0000] {standard_task_runner.py:105} INFO - Job 45: Subtask dbt_seed
[2025-04-18T00:33:17.214+0000] {standard_task_runner.py:72} INFO - Started process 679 to run task
[2025-04-18T00:33:17.463+0000] {task_command.py:467} INFO - Running <TaskInstance: dbt_etl_pipeline_seed.dbt_seed manual__2025-04-18T00:33:16.135976+00:00 [running]> on host f693ba064550
[2025-04-18T00:33:17.747+0000] {taskinstance.py:3134} INFO - Exporting env vars: AIRFLOW_CTX_DAG_OWNER='azizjon' AIRFLOW_CTX_DAG_ID='dbt_etl_pipeline_seed' AIRFLOW_CTX_TASK_ID='dbt_seed' AIRFLOW_CTX_EXECUTION_DATE='2025-04-18T00:33:16.135976+00:00' AIRFLOW_CTX_TRY_NUMBER='1' AIRFLOW_CTX_DAG_RUN_ID='manual__2025-04-18T00:33:16.135976+00:00'
[2025-04-18T00:33:17.748+0000] {taskinstance.py:732} INFO - ::endgroup::
[2025-04-18T00:33:17.763+0000] {subprocess.py:78} INFO - Tmp dir root location: /tmp
[2025-04-18T00:33:17.765+0000] {subprocess.py:88} INFO - Running command: ['/usr/bin/bash', '-c', '\n        export PATH=/home/airflow/.local/bin:$PATH\n        cd /opt/airflow/commerce_dbt\n        dbt seed --profiles-dir .\n        ']
[2025-04-18T00:33:17.774+0000] {subprocess.py:99} INFO - Output:
[2025-04-18T00:33:21.029+0000] {subprocess.py:106} INFO - [0m00:33:21  Running with dbt=1.7.0
[2025-04-18T00:33:21.386+0000] {subprocess.py:106} INFO - [0m00:33:21  Registered adapter: postgres=1.7.0
[2025-04-18T00:33:22.125+0000] {subprocess.py:106} INFO - [0m00:33:22  Found 12 models, 1 snapshot, 6 seeds, 43 tests, 6 sources, 0 exposures, 0 metrics, 401 macros, 0 groups, 0 semantic models
[2025-04-18T00:33:22.132+0000] {subprocess.py:106} INFO - [0m00:33:22
[2025-04-18T00:33:22.625+0000] {subprocess.py:106} INFO - [0m00:33:22  Concurrency: 4 threads (target='dev')
[2025-04-18T00:33:22.626+0000] {subprocess.py:106} INFO - [0m00:33:22
[2025-04-18T00:33:22.642+0000] {subprocess.py:106} INFO - [0m00:33:22  1 of 6 START seed file commerce_raw.customers .................................. [RUN]
[2025-04-18T00:33:22.644+0000] {subprocess.py:106} INFO - [0m00:33:22  2 of 6 START seed file commerce_raw.order_items ................................ [RUN]
[2025-04-18T00:33:22.645+0000] {subprocess.py:106} INFO - [0m00:33:22  3 of 6 START seed file commerce_raw.orders ..................................... [RUN]
[2025-04-18T00:33:22.650+0000] {subprocess.py:106} INFO - [0m00:33:22  4 of 6 START seed file commerce_raw.product_categories ......................... [RUN]
[2025-04-18T00:33:23.803+0000] {subprocess.py:106} INFO - [0m00:33:23  4 of 6 OK loaded seed file commerce_raw.product_categories ..................... [[32mINSERT 4[0m in 1.11s]
[2025-04-18T00:33:23.921+0000] {subprocess.py:106} INFO - [0m00:33:23  5 of 6 START seed file commerce_raw.products ................................... [RUN]
[2025-04-18T00:33:24.830+0000] {subprocess.py:106} INFO - [0m00:33:24  5 of 6 OK loaded seed file commerce_raw.products ............................... [[32mINSERT 17[0m in 0.89s]
[2025-04-18T00:33:24.875+0000] {subprocess.py:106} INFO - [0m00:33:24  6 of 6 START seed file commerce_raw.stores ..................................... [RUN]
[2025-04-18T00:33:25.688+0000] {subprocess.py:106} INFO - [0m00:33:25  6 of 6 OK loaded seed file commerce_raw.stores ................................. [[32mINSERT 5[0m in 0.78s]
[2025-04-18T00:33:26.129+0000] {subprocess.py:106} INFO - [0m00:33:26  1 of 6 OK loaded seed file commerce_raw.customers .............................. [[32mINSERT 1000[0m in 3.47s]
[2025-04-18T00:33:36.885+0000] {subprocess.py:106} INFO - [0m00:33:36  3 of 6 OK loaded seed file commerce_raw.orders ................................. [[32mINSERT 7000[0m in 14.23s]
[2025-04-18T00:33:39.315+0000] {subprocess.py:106} INFO - [0m00:33:39  2 of 6 OK loaded seed file commerce_raw.order_items ............................ [[32mINSERT 10000[0m in 16.66s]
[2025-04-18T00:33:39.523+0000] {subprocess.py:106} INFO - [0m00:33:39
[2025-04-18T00:33:39.525+0000] {subprocess.py:106} INFO - [0m00:33:39  Finished running 6 seeds in 0 hours 0 minutes and 17.39 seconds (17.39s).
[2025-04-18T00:33:39.599+0000] {subprocess.py:106} INFO - [0m00:33:39
[2025-04-18T00:33:39.600+0000] {subprocess.py:106} INFO - [0m00:33:39  [32mCompleted successfully[0m
[2025-04-18T00:33:39.602+0000] {subprocess.py:106} INFO - [0m00:33:39
[2025-04-18T00:33:39.603+0000] {subprocess.py:106} INFO - [0m00:33:39  Done. PASS=6 WARN=0 ERROR=0 SKIP=0 TOTAL=6
[2025-04-18T00:33:41.079+0000] {subprocess.py:110} INFO - Command exited with return code 0
[2025-04-18T00:33:41.211+0000] {taskinstance.py:341} INFO - ::group::Post task execution logs
[2025-04-18T00:33:41.212+0000] {taskinstance.py:353} INFO - Marking task as SUCCESS. dag_id=dbt_etl_pipeline_seed, task_id=dbt_seed, run_id=manual__2025-04-18T00:33:16.135976+00:00, execution_date=20250418T003316, start_date=20250418T003317, end_date=20250418T003341
[2025-04-18T00:33:41.359+0000] {local_task_job_runner.py:266} INFO - Task exited with return code 0
[2025-04-18T00:33:41.453+0000] {taskinstance.py:3901} INFO - 0 downstream tasks scheduled from follow-on schedule check
[2025-04-18T00:33:41.458+0000] {local_task_job_runner.py:245} INFO - ::endgroup::
