[2025-04-19T15:37:30.578+0000] {local_task_job_runner.py:123} INFO - ::group::Pre task execution logs
[2025-04-19T15:37:30.641+0000] {taskinstance.py:2614} INFO - Dependencies all met for dep_context=non-requeueable deps ti=<TaskInstance: load_new_orders.dbt_staging manual__2025-04-19T15:37:25.966257+00:00 [queued]>
[2025-04-19T15:37:30.654+0000] {taskinstance.py:2614} INFO - Dependencies all met for dep_context=requeueable deps ti=<TaskInstance: load_new_orders.dbt_staging manual__2025-04-19T15:37:25.966257+00:00 [queued]>
[2025-04-19T15:37:30.656+0000] {taskinstance.py:2867} INFO - Starting attempt 1 of 1
[2025-04-19T15:37:30.669+0000] {taskinstance.py:2890} INFO - Executing <Task(TriggerDagRunOperator): dbt_staging> on 2025-04-19 15:37:25.966257+00:00
[2025-04-19T15:37:30.677+0000] {logging_mixin.py:190} WARNING - /home/airflow/.local/lib/python3.12/site-packages/airflow/task/task_runner/standard_task_runner.py:70 DeprecationWarning: This process (pid=3745) is multi-threaded, use of fork() may lead to deadlocks in the child.
[2025-04-19T15:37:30.678+0000] {standard_task_runner.py:72} INFO - Started process 3746 to run task
[2025-04-19T15:37:30.677+0000] {standard_task_runner.py:104} INFO - Running: ['airflow', 'tasks', 'run', 'load_new_orders', 'dbt_staging', 'manual__2025-04-19T15:37:25.966257+00:00', '--job-id', '229', '--raw', '--subdir', 'DAGS_FOLDER/store_to_sql_orders.py', '--cfg-path', '/tmp/tmp26gljm73']
[2025-04-19T15:37:30.680+0000] {standard_task_runner.py:105} INFO - Job 229: Subtask dbt_staging
[2025-04-19T15:37:30.850+0000] {task_command.py:467} INFO - Running <TaskInstance: load_new_orders.dbt_staging manual__2025-04-19T15:37:25.966257+00:00 [running]> on host 27536697ee14
[2025-04-19T15:37:31.232+0000] {taskinstance.py:3134} INFO - Exporting env vars: AIRFLOW_CTX_DAG_OWNER='azizjon' AIRFLOW_CTX_DAG_ID='load_new_orders' AIRFLOW_CTX_TASK_ID='dbt_staging' AIRFLOW_CTX_EXECUTION_DATE='2025-04-19T15:37:25.966257+00:00' AIRFLOW_CTX_TRY_NUMBER='1' AIRFLOW_CTX_DAG_RUN_ID='manual__2025-04-19T15:37:25.966257+00:00'
[2025-04-19T15:37:31.234+0000] {taskinstance.py:732} INFO - ::endgroup::
[2025-04-19T15:37:31.764+0000] {trigger_dagrun.py:257} INFO - Waiting for dbt_etl_pipeline_staging on 2025-04-19 15:37:25.966257+00:00 to become allowed state ['success'] ...
[2025-04-19T15:37:36.816+0000] {trigger_dagrun.py:257} INFO - Waiting for dbt_etl_pipeline_staging on 2025-04-19 15:37:25.966257+00:00 to become allowed state ['success'] ...
[2025-04-19T15:37:41.867+0000] {trigger_dagrun.py:257} INFO - Waiting for dbt_etl_pipeline_staging on 2025-04-19 15:37:25.966257+00:00 to become allowed state ['success'] ...
[2025-04-19T15:37:46.919+0000] {trigger_dagrun.py:257} INFO - Waiting for dbt_etl_pipeline_staging on 2025-04-19 15:37:25.966257+00:00 to become allowed state ['success'] ...
[2025-04-19T15:37:51.972+0000] {trigger_dagrun.py:257} INFO - Waiting for dbt_etl_pipeline_staging on 2025-04-19 15:37:25.966257+00:00 to become allowed state ['success'] ...
[2025-04-19T15:37:57.028+0000] {trigger_dagrun.py:257} INFO - Waiting for dbt_etl_pipeline_staging on 2025-04-19 15:37:25.966257+00:00 to become allowed state ['success'] ...
[2025-04-19T15:38:02.078+0000] {trigger_dagrun.py:257} INFO - Waiting for dbt_etl_pipeline_staging on 2025-04-19 15:37:25.966257+00:00 to become allowed state ['success'] ...
[2025-04-19T15:38:07.127+0000] {trigger_dagrun.py:257} INFO - Waiting for dbt_etl_pipeline_staging on 2025-04-19 15:37:25.966257+00:00 to become allowed state ['success'] ...
[2025-04-19T15:38:12.177+0000] {trigger_dagrun.py:257} INFO - Waiting for dbt_etl_pipeline_staging on 2025-04-19 15:37:25.966257+00:00 to become allowed state ['success'] ...
[2025-04-19T15:38:17.227+0000] {trigger_dagrun.py:257} INFO - Waiting for dbt_etl_pipeline_staging on 2025-04-19 15:37:25.966257+00:00 to become allowed state ['success'] ...
[2025-04-19T15:38:22.277+0000] {trigger_dagrun.py:257} INFO - Waiting for dbt_etl_pipeline_staging on 2025-04-19 15:37:25.966257+00:00 to become allowed state ['success'] ...
[2025-04-19T15:38:27.327+0000] {trigger_dagrun.py:257} INFO - Waiting for dbt_etl_pipeline_staging on 2025-04-19 15:37:25.966257+00:00 to become allowed state ['success'] ...
[2025-04-19T15:38:32.406+0000] {trigger_dagrun.py:257} INFO - Waiting for dbt_etl_pipeline_staging on 2025-04-19 15:37:25.966257+00:00 to become allowed state ['success'] ...
[2025-04-19T15:38:37.466+0000] {trigger_dagrun.py:257} INFO - Waiting for dbt_etl_pipeline_staging on 2025-04-19 15:37:25.966257+00:00 to become allowed state ['success'] ...
[2025-04-19T15:38:42.521+0000] {trigger_dagrun.py:257} INFO - Waiting for dbt_etl_pipeline_staging on 2025-04-19 15:37:25.966257+00:00 to become allowed state ['success'] ...
[2025-04-19T15:38:47.575+0000] {trigger_dagrun.py:257} INFO - Waiting for dbt_etl_pipeline_staging on 2025-04-19 15:37:25.966257+00:00 to become allowed state ['success'] ...
[2025-04-19T15:38:52.625+0000] {trigger_dagrun.py:257} INFO - Waiting for dbt_etl_pipeline_staging on 2025-04-19 15:37:25.966257+00:00 to become allowed state ['success'] ...
[2025-04-19T15:38:57.671+0000] {trigger_dagrun.py:257} INFO - Waiting for dbt_etl_pipeline_staging on 2025-04-19 15:37:25.966257+00:00 to become allowed state ['success'] ...
[2025-04-19T15:39:02.718+0000] {trigger_dagrun.py:257} INFO - Waiting for dbt_etl_pipeline_staging on 2025-04-19 15:37:25.966257+00:00 to become allowed state ['success'] ...
[2025-04-19T15:39:07.786+0000] {trigger_dagrun.py:257} INFO - Waiting for dbt_etl_pipeline_staging on 2025-04-19 15:37:25.966257+00:00 to become allowed state ['success'] ...
[2025-04-19T15:39:12.838+0000] {trigger_dagrun.py:257} INFO - Waiting for dbt_etl_pipeline_staging on 2025-04-19 15:37:25.966257+00:00 to become allowed state ['success'] ...
[2025-04-19T15:39:17.903+0000] {trigger_dagrun.py:257} INFO - Waiting for dbt_etl_pipeline_staging on 2025-04-19 15:37:25.966257+00:00 to become allowed state ['success'] ...
[2025-04-19T15:39:22.951+0000] {trigger_dagrun.py:257} INFO - Waiting for dbt_etl_pipeline_staging on 2025-04-19 15:37:25.966257+00:00 to become allowed state ['success'] ...
[2025-04-19T15:39:28.001+0000] {trigger_dagrun.py:257} INFO - Waiting for dbt_etl_pipeline_staging on 2025-04-19 15:37:25.966257+00:00 to become allowed state ['success'] ...
[2025-04-19T15:39:33.058+0000] {trigger_dagrun.py:257} INFO - Waiting for dbt_etl_pipeline_staging on 2025-04-19 15:37:25.966257+00:00 to become allowed state ['success'] ...
[2025-04-19T15:39:38.111+0000] {trigger_dagrun.py:257} INFO - Waiting for dbt_etl_pipeline_staging on 2025-04-19 15:37:25.966257+00:00 to become allowed state ['success'] ...
[2025-04-19T15:39:43.160+0000] {trigger_dagrun.py:257} INFO - Waiting for dbt_etl_pipeline_staging on 2025-04-19 15:37:25.966257+00:00 to become allowed state ['success'] ...
[2025-04-19T15:39:48.213+0000] {trigger_dagrun.py:257} INFO - Waiting for dbt_etl_pipeline_staging on 2025-04-19 15:37:25.966257+00:00 to become allowed state ['success'] ...
[2025-04-19T15:39:53.262+0000] {trigger_dagrun.py:257} INFO - Waiting for dbt_etl_pipeline_staging on 2025-04-19 15:37:25.966257+00:00 to become allowed state ['success'] ...
[2025-04-19T15:39:58.318+0000] {trigger_dagrun.py:257} INFO - Waiting for dbt_etl_pipeline_staging on 2025-04-19 15:37:25.966257+00:00 to become allowed state ['success'] ...
[2025-04-19T15:40:03.376+0000] {trigger_dagrun.py:257} INFO - Waiting for dbt_etl_pipeline_staging on 2025-04-19 15:37:25.966257+00:00 to become allowed state ['success'] ...
[2025-04-19T15:40:08.442+0000] {trigger_dagrun.py:257} INFO - Waiting for dbt_etl_pipeline_staging on 2025-04-19 15:37:25.966257+00:00 to become allowed state ['success'] ...
[2025-04-19T15:40:13.504+0000] {trigger_dagrun.py:257} INFO - Waiting for dbt_etl_pipeline_staging on 2025-04-19 15:37:25.966257+00:00 to become allowed state ['success'] ...
[2025-04-19T15:40:18.565+0000] {trigger_dagrun.py:257} INFO - Waiting for dbt_etl_pipeline_staging on 2025-04-19 15:37:25.966257+00:00 to become allowed state ['success'] ...
[2025-04-19T15:40:23.634+0000] {trigger_dagrun.py:257} INFO - Waiting for dbt_etl_pipeline_staging on 2025-04-19 15:37:25.966257+00:00 to become allowed state ['success'] ...
[2025-04-19T15:40:28.692+0000] {trigger_dagrun.py:257} INFO - Waiting for dbt_etl_pipeline_staging on 2025-04-19 15:37:25.966257+00:00 to become allowed state ['success'] ...
[2025-04-19T15:40:33.758+0000] {trigger_dagrun.py:257} INFO - Waiting for dbt_etl_pipeline_staging on 2025-04-19 15:37:25.966257+00:00 to become allowed state ['success'] ...
[2025-04-19T15:40:38.828+0000] {trigger_dagrun.py:257} INFO - Waiting for dbt_etl_pipeline_staging on 2025-04-19 15:37:25.966257+00:00 to become allowed state ['success'] ...
[2025-04-19T15:40:44.004+0000] {trigger_dagrun.py:257} INFO - Waiting for dbt_etl_pipeline_staging on 2025-04-19 15:37:25.966257+00:00 to become allowed state ['success'] ...
[2025-04-19T15:40:49.077+0000] {trigger_dagrun.py:257} INFO - Waiting for dbt_etl_pipeline_staging on 2025-04-19 15:37:25.966257+00:00 to become allowed state ['success'] ...
[2025-04-19T15:40:54.147+0000] {trigger_dagrun.py:257} INFO - Waiting for dbt_etl_pipeline_staging on 2025-04-19 15:37:25.966257+00:00 to become allowed state ['success'] ...
[2025-04-19T15:40:59.200+0000] {trigger_dagrun.py:257} INFO - Waiting for dbt_etl_pipeline_staging on 2025-04-19 15:37:25.966257+00:00 to become allowed state ['success'] ...
[2025-04-19T15:41:04.279+0000] {trigger_dagrun.py:257} INFO - Waiting for dbt_etl_pipeline_staging on 2025-04-19 15:37:25.966257+00:00 to become allowed state ['success'] ...
[2025-04-19T15:41:09.344+0000] {trigger_dagrun.py:257} INFO - Waiting for dbt_etl_pipeline_staging on 2025-04-19 15:37:25.966257+00:00 to become allowed state ['success'] ...
[2025-04-19T15:41:14.399+0000] {trigger_dagrun.py:257} INFO - Waiting for dbt_etl_pipeline_staging on 2025-04-19 15:37:25.966257+00:00 to become allowed state ['success'] ...
[2025-04-19T15:41:19.464+0000] {trigger_dagrun.py:257} INFO - Waiting for dbt_etl_pipeline_staging on 2025-04-19 15:37:25.966257+00:00 to become allowed state ['success'] ...
[2025-04-19T15:41:24.530+0000] {trigger_dagrun.py:257} INFO - Waiting for dbt_etl_pipeline_staging on 2025-04-19 15:37:25.966257+00:00 to become allowed state ['success'] ...
[2025-04-19T15:41:29.582+0000] {trigger_dagrun.py:257} INFO - Waiting for dbt_etl_pipeline_staging on 2025-04-19 15:37:25.966257+00:00 to become allowed state ['success'] ...
[2025-04-19T15:41:34.744+0000] {trigger_dagrun.py:257} INFO - Waiting for dbt_etl_pipeline_staging on 2025-04-19 15:37:25.966257+00:00 to become allowed state ['success'] ...
[2025-04-19T15:41:39.812+0000] {trigger_dagrun.py:257} INFO - Waiting for dbt_etl_pipeline_staging on 2025-04-19 15:37:25.966257+00:00 to become allowed state ['success'] ...
[2025-04-19T15:41:44.873+0000] {trigger_dagrun.py:257} INFO - Waiting for dbt_etl_pipeline_staging on 2025-04-19 15:37:25.966257+00:00 to become allowed state ['success'] ...
[2025-04-19T15:41:49.924+0000] {trigger_dagrun.py:257} INFO - Waiting for dbt_etl_pipeline_staging on 2025-04-19 15:37:25.966257+00:00 to become allowed state ['success'] ...
[2025-04-19T15:41:54.974+0000] {trigger_dagrun.py:257} INFO - Waiting for dbt_etl_pipeline_staging on 2025-04-19 15:37:25.966257+00:00 to become allowed state ['success'] ...
[2025-04-19T15:42:00.052+0000] {trigger_dagrun.py:257} INFO - Waiting for dbt_etl_pipeline_staging on 2025-04-19 15:37:25.966257+00:00 to become allowed state ['success'] ...
[2025-04-19T15:42:05.114+0000] {trigger_dagrun.py:257} INFO - Waiting for dbt_etl_pipeline_staging on 2025-04-19 15:37:25.966257+00:00 to become allowed state ['success'] ...
[2025-04-19T15:42:10.165+0000] {trigger_dagrun.py:257} INFO - Waiting for dbt_etl_pipeline_staging on 2025-04-19 15:37:25.966257+00:00 to become allowed state ['success'] ...
[2025-04-19T15:42:15.222+0000] {trigger_dagrun.py:257} INFO - Waiting for dbt_etl_pipeline_staging on 2025-04-19 15:37:25.966257+00:00 to become allowed state ['success'] ...
[2025-04-19T15:42:20.274+0000] {trigger_dagrun.py:257} INFO - Waiting for dbt_etl_pipeline_staging on 2025-04-19 15:37:25.966257+00:00 to become allowed state ['success'] ...
[2025-04-19T15:42:25.325+0000] {trigger_dagrun.py:257} INFO - Waiting for dbt_etl_pipeline_staging on 2025-04-19 15:37:25.966257+00:00 to become allowed state ['success'] ...
[2025-04-19T15:42:30.370+0000] {trigger_dagrun.py:257} INFO - Waiting for dbt_etl_pipeline_staging on 2025-04-19 15:37:25.966257+00:00 to become allowed state ['success'] ...
[2025-04-19T15:42:35.433+0000] {trigger_dagrun.py:257} INFO - Waiting for dbt_etl_pipeline_staging on 2025-04-19 15:37:25.966257+00:00 to become allowed state ['success'] ...
[2025-04-19T15:42:40.490+0000] {trigger_dagrun.py:257} INFO - Waiting for dbt_etl_pipeline_staging on 2025-04-19 15:37:25.966257+00:00 to become allowed state ['success'] ...
[2025-04-19T15:42:45.543+0000] {trigger_dagrun.py:257} INFO - Waiting for dbt_etl_pipeline_staging on 2025-04-19 15:37:25.966257+00:00 to become allowed state ['success'] ...
[2025-04-19T15:42:50.591+0000] {trigger_dagrun.py:257} INFO - Waiting for dbt_etl_pipeline_staging on 2025-04-19 15:37:25.966257+00:00 to become allowed state ['success'] ...
[2025-04-19T15:42:55.641+0000] {trigger_dagrun.py:257} INFO - Waiting for dbt_etl_pipeline_staging on 2025-04-19 15:37:25.966257+00:00 to become allowed state ['success'] ...
[2025-04-19T15:43:00.690+0000] {trigger_dagrun.py:257} INFO - Waiting for dbt_etl_pipeline_staging on 2025-04-19 15:37:25.966257+00:00 to become allowed state ['success'] ...
[2025-04-19T15:43:05.748+0000] {trigger_dagrun.py:257} INFO - Waiting for dbt_etl_pipeline_staging on 2025-04-19 15:37:25.966257+00:00 to become allowed state ['success'] ...
[2025-04-19T15:43:10.814+0000] {trigger_dagrun.py:257} INFO - Waiting for dbt_etl_pipeline_staging on 2025-04-19 15:37:25.966257+00:00 to become allowed state ['success'] ...
[2025-04-19T15:43:15.868+0000] {trigger_dagrun.py:257} INFO - Waiting for dbt_etl_pipeline_staging on 2025-04-19 15:37:25.966257+00:00 to become allowed state ['success'] ...
[2025-04-19T15:43:20.919+0000] {trigger_dagrun.py:257} INFO - Waiting for dbt_etl_pipeline_staging on 2025-04-19 15:37:25.966257+00:00 to become allowed state ['success'] ...
[2025-04-19T15:43:25.971+0000] {trigger_dagrun.py:257} INFO - Waiting for dbt_etl_pipeline_staging on 2025-04-19 15:37:25.966257+00:00 to become allowed state ['success'] ...
[2025-04-19T15:43:31.025+0000] {trigger_dagrun.py:257} INFO - Waiting for dbt_etl_pipeline_staging on 2025-04-19 15:37:25.966257+00:00 to become allowed state ['success'] ...
[2025-04-19T15:43:36.081+0000] {trigger_dagrun.py:257} INFO - Waiting for dbt_etl_pipeline_staging on 2025-04-19 15:37:25.966257+00:00 to become allowed state ['success'] ...
[2025-04-19T15:43:41.132+0000] {trigger_dagrun.py:257} INFO - Waiting for dbt_etl_pipeline_staging on 2025-04-19 15:37:25.966257+00:00 to become allowed state ['success'] ...
[2025-04-19T15:43:46.195+0000] {trigger_dagrun.py:257} INFO - Waiting for dbt_etl_pipeline_staging on 2025-04-19 15:37:25.966257+00:00 to become allowed state ['success'] ...
[2025-04-19T15:43:51.246+0000] {trigger_dagrun.py:257} INFO - Waiting for dbt_etl_pipeline_staging on 2025-04-19 15:37:25.966257+00:00 to become allowed state ['success'] ...
[2025-04-19T15:43:56.305+0000] {trigger_dagrun.py:257} INFO - Waiting for dbt_etl_pipeline_staging on 2025-04-19 15:37:25.966257+00:00 to become allowed state ['success'] ...
[2025-04-19T15:44:01.373+0000] {trigger_dagrun.py:257} INFO - Waiting for dbt_etl_pipeline_staging on 2025-04-19 15:37:25.966257+00:00 to become allowed state ['success'] ...
[2025-04-19T15:44:06.427+0000] {trigger_dagrun.py:257} INFO - Waiting for dbt_etl_pipeline_staging on 2025-04-19 15:37:25.966257+00:00 to become allowed state ['success'] ...
[2025-04-19T15:44:11.478+0000] {trigger_dagrun.py:257} INFO - Waiting for dbt_etl_pipeline_staging on 2025-04-19 15:37:25.966257+00:00 to become allowed state ['success'] ...
[2025-04-19T15:44:16.628+0000] {trigger_dagrun.py:257} INFO - Waiting for dbt_etl_pipeline_staging on 2025-04-19 15:37:25.966257+00:00 to become allowed state ['success'] ...
[2025-04-19T15:44:21.681+0000] {trigger_dagrun.py:257} INFO - Waiting for dbt_etl_pipeline_staging on 2025-04-19 15:37:25.966257+00:00 to become allowed state ['success'] ...
[2025-04-19T15:44:26.738+0000] {trigger_dagrun.py:257} INFO - Waiting for dbt_etl_pipeline_staging on 2025-04-19 15:37:25.966257+00:00 to become allowed state ['success'] ...
[2025-04-19T15:44:31.794+0000] {trigger_dagrun.py:257} INFO - Waiting for dbt_etl_pipeline_staging on 2025-04-19 15:37:25.966257+00:00 to become allowed state ['success'] ...
[2025-04-19T15:44:36.843+0000] {trigger_dagrun.py:257} INFO - Waiting for dbt_etl_pipeline_staging on 2025-04-19 15:37:25.966257+00:00 to become allowed state ['success'] ...
[2025-04-19T15:44:41.897+0000] {trigger_dagrun.py:257} INFO - Waiting for dbt_etl_pipeline_staging on 2025-04-19 15:37:25.966257+00:00 to become allowed state ['success'] ...
[2025-04-19T15:44:46.951+0000] {trigger_dagrun.py:257} INFO - Waiting for dbt_etl_pipeline_staging on 2025-04-19 15:37:25.966257+00:00 to become allowed state ['success'] ...
[2025-04-19T15:44:47.203+0000] {local_task_job_runner.py:346} WARNING - State of this instance has been externally set to removed. Terminating instance.
[2025-04-19T15:44:47.206+0000] {local_task_job_runner.py:245} INFO - ::endgroup::
[2025-04-19T15:44:47.207+0000] {process_utils.py:132} INFO - Sending 15 to group 3746. PIDs of all processes in the group: [3746]
[2025-04-19T15:44:47.208+0000] {process_utils.py:87} INFO - Sending the signal 15 to group 3746
[2025-04-19T15:44:47.209+0000] {taskinstance.py:3094} ERROR - Received SIGTERM. Terminating subprocesses.
[2025-04-19T15:44:47.212+0000] {taskinstance.py:3095} ERROR - Stacktrace: 
  File "/home/airflow/.local/bin/airflow", line 8, in <module>
    sys.exit(main())
  File "/home/airflow/.local/lib/python3.12/site-packages/airflow/__main__.py", line 62, in main
    args.func(args)
  File "/home/airflow/.local/lib/python3.12/site-packages/airflow/cli/cli_config.py", line 49, in command
    return func(*args, **kwargs)
  File "/home/airflow/.local/lib/python3.12/site-packages/airflow/utils/cli.py", line 116, in wrapper
    return f(*args, **kwargs)
  File "/home/airflow/.local/lib/python3.12/site-packages/airflow/utils/providers_configuration_loader.py", line 55, in wrapped_function
    return func(*args, **kwargs)
  File "/home/airflow/.local/lib/python3.12/site-packages/airflow/cli/commands/scheduler_command.py", line 56, in scheduler
    run_command_with_daemon_option(
  File "/home/airflow/.local/lib/python3.12/site-packages/airflow/cli/commands/daemon_utils.py", line 86, in run_command_with_daemon_option
    callback()
  File "/home/airflow/.local/lib/python3.12/site-packages/airflow/cli/commands/scheduler_command.py", line 59, in <lambda>
    callback=lambda: _run_scheduler_job(args),
  File "/home/airflow/.local/lib/python3.12/site-packages/airflow/cli/commands/scheduler_command.py", line 47, in _run_scheduler_job
    run_job(job=job_runner.job, execute_callable=job_runner._execute)
  File "/home/airflow/.local/lib/python3.12/site-packages/airflow/utils/session.py", line 97, in wrapper
    return func(*args, session=session, **kwargs)
  File "/home/airflow/.local/lib/python3.12/site-packages/airflow/jobs/job.py", line 421, in run_job
    return execute_job(job, execute_callable=execute_callable)
  File "/home/airflow/.local/lib/python3.12/site-packages/airflow/jobs/job.py", line 450, in execute_job
    ret = execute_callable()
  File "/home/airflow/.local/lib/python3.12/site-packages/airflow/jobs/scheduler_job_runner.py", line 990, in _execute
    executor.start()
  File "/home/airflow/.local/lib/python3.12/site-packages/airflow/executors/local_executor.py", line 392, in start
    self.impl.start()
  File "/home/airflow/.local/lib/python3.12/site-packages/airflow/executors/local_executor.py", line 330, in start
    worker.start()
  File "/usr/local/lib/python3.12/multiprocessing/process.py", line 121, in start
    self._popen = self._Popen(self)
  File "/usr/local/lib/python3.12/multiprocessing/context.py", line 224, in _Popen
    return _default_context.get_context().Process._Popen(process_obj)
  File "/usr/local/lib/python3.12/multiprocessing/context.py", line 282, in _Popen
    return Popen(process_obj)
  File "/usr/local/lib/python3.12/multiprocessing/popen_fork.py", line 19, in __init__
    self._launch(process_obj)
  File "/usr/local/lib/python3.12/multiprocessing/popen_fork.py", line 71, in _launch
    code = process_obj._bootstrap(parent_sentinel=child_r)
  File "/usr/local/lib/python3.12/multiprocessing/process.py", line 314, in _bootstrap
    self.run()
  File "/home/airflow/.local/lib/python3.12/site-packages/airflow/executors/local_executor.py", line 80, in run
    return super().run()
  File "/usr/local/lib/python3.12/multiprocessing/process.py", line 108, in run
    self._target(*self._args, **self._kwargs)
  File "/home/airflow/.local/lib/python3.12/site-packages/airflow/traces/tracer.py", line 58, in wrapper
    return func(*args, **kwargs)
  File "/home/airflow/.local/lib/python3.12/site-packages/airflow/executors/local_executor.py", line 211, in do_work
    self.execute_work(key=key, command=command)
  File "/home/airflow/.local/lib/python3.12/site-packages/airflow/traces/tracer.py", line 58, in wrapper
    return func(*args, **kwargs)
  File "/home/airflow/.local/lib/python3.12/site-packages/airflow/executors/local_executor.py", line 100, in execute_work
    state = self._execute_work_in_fork(command)
  File "/home/airflow/.local/lib/python3.12/site-packages/airflow/traces/tracer.py", line 58, in wrapper
    return func(*args, **kwargs)
  File "/home/airflow/.local/lib/python3.12/site-packages/airflow/executors/local_executor.py", line 142, in _execute_work_in_fork
    args.func(args)
  File "/home/airflow/.local/lib/python3.12/site-packages/airflow/cli/cli_config.py", line 49, in command
    return func(*args, **kwargs)
  File "/home/airflow/.local/lib/python3.12/site-packages/airflow/utils/cli.py", line 116, in wrapper
    return f(*args, **kwargs)
  File "/home/airflow/.local/lib/python3.12/site-packages/airflow/cli/commands/task_command.py", line 483, in task_run
    task_return_code = _run_task_by_selected_method(args, _dag, ti)
  File "/home/airflow/.local/lib/python3.12/site-packages/airflow/cli/commands/task_command.py", line 254, in _run_task_by_selected_method
    return _run_task_by_local_task_job(args, ti)
  File "/home/airflow/.local/lib/python3.12/site-packages/airflow/cli/commands/task_command.py", line 322, in _run_task_by_local_task_job
    ret = run_job(job=job_runner.job, execute_callable=job_runner._execute)
  File "/home/airflow/.local/lib/python3.12/site-packages/airflow/utils/session.py", line 97, in wrapper
    return func(*args, session=session, **kwargs)
  File "/home/airflow/.local/lib/python3.12/site-packages/airflow/jobs/job.py", line 421, in run_job
    return execute_job(job, execute_callable=execute_callable)
  File "/home/airflow/.local/lib/python3.12/site-packages/airflow/jobs/job.py", line 450, in execute_job
    ret = execute_callable()
  File "/home/airflow/.local/lib/python3.12/site-packages/airflow/jobs/local_task_job_runner.py", line 171, in _execute
    self.task_runner.start()
  File "/home/airflow/.local/lib/python3.12/site-packages/airflow/task/task_runner/standard_task_runner.py", line 55, in start
    self.process = self._start_by_fork()
  File "/home/airflow/.local/lib/python3.12/site-packages/airflow/task/task_runner/standard_task_runner.py", line 117, in _start_by_fork
    ret = args.func(args, dag=self.dag)
  File "/home/airflow/.local/lib/python3.12/site-packages/airflow/cli/cli_config.py", line 49, in command
    return func(*args, **kwargs)
  File "/home/airflow/.local/lib/python3.12/site-packages/airflow/utils/cli.py", line 116, in wrapper
    return f(*args, **kwargs)
  File "/home/airflow/.local/lib/python3.12/site-packages/airflow/cli/commands/task_command.py", line 483, in task_run
    task_return_code = _run_task_by_selected_method(args, _dag, ti)
  File "/home/airflow/.local/lib/python3.12/site-packages/airflow/cli/commands/task_command.py", line 256, in _run_task_by_selected_method
    return _run_raw_task(args, ti)
  File "/home/airflow/.local/lib/python3.12/site-packages/airflow/cli/commands/task_command.py", line 341, in _run_raw_task
    return ti._run_raw_task(
  File "/home/airflow/.local/lib/python3.12/site-packages/airflow/utils/session.py", line 97, in wrapper
    return func(*args, session=session, **kwargs)
  File "/home/airflow/.local/lib/python3.12/site-packages/airflow/models/taskinstance.py", line 3006, in _run_raw_task
    return _run_raw_task(
  File "/home/airflow/.local/lib/python3.12/site-packages/airflow/models/taskinstance.py", line 274, in _run_raw_task
    TaskInstance._execute_task_with_callbacks(
  File "/home/airflow/.local/lib/python3.12/site-packages/airflow/models/taskinstance.py", line 3161, in _execute_task_with_callbacks
    result = self._execute_task(context, task_orig)
  File "/home/airflow/.local/lib/python3.12/site-packages/airflow/models/taskinstance.py", line 3185, in _execute_task
    return _execute_task(self, context, task_orig)
  File "/home/airflow/.local/lib/python3.12/site-packages/airflow/models/taskinstance.py", line 768, in _execute_task
    result = _execute_callable(context=context, **execute_callable_kwargs)
  File "/home/airflow/.local/lib/python3.12/site-packages/airflow/models/taskinstance.py", line 734, in _execute_callable
    return ExecutionCallableRunner(
  File "/home/airflow/.local/lib/python3.12/site-packages/airflow/utils/operator_helpers.py", line 252, in run
    return self.func(*args, **kwargs)
  File "/home/airflow/.local/lib/python3.12/site-packages/airflow/models/baseoperator.py", line 424, in wrapper
    return func(self, *args, **kwargs)
  File "/home/airflow/.local/lib/python3.12/site-packages/airflow/operators/trigger_dagrun.py", line 263, in execute
    time.sleep(self.poke_interval)
  File "/home/airflow/.local/lib/python3.12/site-packages/airflow/models/taskinstance.py", line 3095, in signal_handler
    self.log.error("Stacktrace: \n%s", "".join(traceback.format_stack()))

[2025-04-19T15:44:47.394+0000] {taskinstance.py:341} INFO - ::group::Post task execution logs
[2025-04-19T15:44:47.422+0000] {process_utils.py:80} INFO - Process psutil.Process(pid=3746, status='terminated', exitcode=0, started='15:37:30') (3746) terminated with exit code 0
