[2025-04-17T21:09:08.411+0000] {local_task_job_runner.py:123} INFO - ::group::Pre task execution logs
[2025-04-17T21:09:08.473+0000] {taskinstance.py:2614} INFO - Dependencies all met for dep_context=non-requeueable deps ti=<TaskInstance: dbt_etl_pipeline_mart.dbt_marts_core manual__2025-04-17T21:09:07.326378+00:00 [queued]>
[2025-04-17T21:09:08.487+0000] {taskinstance.py:2614} INFO - Dependencies all met for dep_context=requeueable deps ti=<TaskInstance: dbt_etl_pipeline_mart.dbt_marts_core manual__2025-04-17T21:09:07.326378+00:00 [queued]>
[2025-04-17T21:09:08.488+0000] {taskinstance.py:2867} INFO - Starting attempt 1 of 1
[2025-04-17T21:09:08.504+0000] {taskinstance.py:2890} INFO - Executing <Task(BashOperator): dbt_marts_core> on 2025-04-17 21:09:07.326378+00:00
[2025-04-17T21:09:08.515+0000] {logging_mixin.py:190} WARNING - /home/airflow/.local/lib/python3.12/site-packages/airflow/task/task_runner/standard_task_runner.py:70 DeprecationWarning: This process (pid=400) is multi-threaded, use of fork() may lead to deadlocks in the child.
[2025-04-17T21:09:08.514+0000] {standard_task_runner.py:104} INFO - Running: ['airflow', 'tasks', 'run', 'dbt_etl_pipeline_mart', 'dbt_marts_core', 'manual__2025-04-17T21:09:07.326378+00:00', '--job-id', '19', '--raw', '--subdir', 'DAGS_FOLDER/dbt_marts.py', '--cfg-path', '/tmp/tmpuxg8ojby']
[2025-04-17T21:09:08.516+0000] {standard_task_runner.py:72} INFO - Started process 401 to run task
[2025-04-17T21:09:08.516+0000] {standard_task_runner.py:105} INFO - Job 19: Subtask dbt_marts_core
[2025-04-17T21:09:08.726+0000] {task_command.py:467} INFO - Running <TaskInstance: dbt_etl_pipeline_mart.dbt_marts_core manual__2025-04-17T21:09:07.326378+00:00 [running]> on host d50f0d37f6bf
[2025-04-17T21:09:08.975+0000] {taskinstance.py:3134} INFO - Exporting env vars: AIRFLOW_CTX_DAG_OWNER='azizjon' AIRFLOW_CTX_DAG_ID='dbt_etl_pipeline_mart' AIRFLOW_CTX_TASK_ID='dbt_marts_core' AIRFLOW_CTX_EXECUTION_DATE='2025-04-17T21:09:07.326378+00:00' AIRFLOW_CTX_TRY_NUMBER='1' AIRFLOW_CTX_DAG_RUN_ID='manual__2025-04-17T21:09:07.326378+00:00'
[2025-04-17T21:09:08.976+0000] {taskinstance.py:732} INFO - ::endgroup::
[2025-04-17T21:09:08.991+0000] {subprocess.py:78} INFO - Tmp dir root location: /tmp
[2025-04-17T21:09:08.993+0000] {subprocess.py:88} INFO - Running command: ['/usr/bin/bash', '-c', '\n        export PATH=/home/airflow/.local/bin:$PATH\n        cd /opt/airflow/commerce_dbt\n        dbt run --select marts.core --profiles-dir .\n        ']
[2025-04-17T21:09:09.011+0000] {subprocess.py:99} INFO - Output:
[2025-04-17T21:09:11.472+0000] {subprocess.py:106} INFO - [0m21:09:11  Running with dbt=1.7.0
[2025-04-17T21:09:11.843+0000] {subprocess.py:106} INFO - [0m21:09:11  Registered adapter: postgres=1.7.0
[2025-04-17T21:09:12.488+0000] {subprocess.py:106} INFO - [0m21:09:12  Found 12 models, 1 snapshot, 6 seeds, 43 tests, 6 sources, 0 exposures, 0 metrics, 401 macros, 0 groups, 0 semantic models
[2025-04-17T21:09:12.492+0000] {subprocess.py:106} INFO - [0m21:09:12
[2025-04-17T21:09:12.834+0000] {subprocess.py:106} INFO - [0m21:09:12  Concurrency: 4 threads (target='dev')
[2025-04-17T21:09:12.835+0000] {subprocess.py:106} INFO - [0m21:09:12
[2025-04-17T21:09:12.847+0000] {subprocess.py:106} INFO - [0m21:09:12  1 of 4 START sql table model commerce_core.dim_customers ....................... [RUN]
[2025-04-17T21:09:12.848+0000] {subprocess.py:106} INFO - [0m21:09:12  2 of 4 START sql table model commerce_core.dim_products ........................ [RUN]
[2025-04-17T21:09:12.849+0000] {subprocess.py:106} INFO - [0m21:09:12  3 of 4 START sql table model commerce_core.dim_stores .......................... [RUN]
[2025-04-17T21:09:13.153+0000] {subprocess.py:106} INFO - [0m21:09:13  2 of 4 OK created sql table model commerce_core.dim_products ................... [[32mSELECT 17[0m in 0.30s]
[2025-04-17T21:09:13.162+0000] {subprocess.py:106} INFO - [0m21:09:13  4 of 4 START sql table model commerce_core.fct_orders .......................... [RUN]
[2025-04-17T21:09:13.168+0000] {subprocess.py:106} INFO - [0m21:09:13  3 of 4 OK created sql table model commerce_core.dim_stores ..................... [[32mSELECT 5[0m in 0.31s]
[2025-04-17T21:09:13.177+0000] {subprocess.py:106} INFO - [0m21:09:13  1 of 4 OK created sql table model commerce_core.dim_customers .................. [[32mSELECT 1000[0m in 0.32s]
[2025-04-17T21:09:13.326+0000] {subprocess.py:106} INFO - [0m21:09:13  4 of 4 OK created sql table model commerce_core.fct_orders ..................... [[32mSELECT 10000[0m in 0.16s]
[2025-04-17T21:09:13.381+0000] {subprocess.py:106} INFO - [0m21:09:13
[2025-04-17T21:09:13.382+0000] {subprocess.py:106} INFO - [0m21:09:13  Finished running 4 table models in 0 hours 0 minutes and 0.89 seconds (0.89s).
[2025-04-17T21:09:13.409+0000] {subprocess.py:106} INFO - [0m21:09:13
[2025-04-17T21:09:13.409+0000] {subprocess.py:106} INFO - [0m21:09:13  [32mCompleted successfully[0m
[2025-04-17T21:09:13.410+0000] {subprocess.py:106} INFO - [0m21:09:13
[2025-04-17T21:09:13.410+0000] {subprocess.py:106} INFO - [0m21:09:13  Done. PASS=4 WARN=0 ERROR=0 SKIP=0 TOTAL=4
[2025-04-17T21:09:14.554+0000] {subprocess.py:110} INFO - Command exited with return code 0
[2025-04-17T21:09:14.778+0000] {taskinstance.py:341} INFO - ::group::Post task execution logs
[2025-04-17T21:09:14.779+0000] {taskinstance.py:353} INFO - Marking task as SUCCESS. dag_id=dbt_etl_pipeline_mart, task_id=dbt_marts_core, run_id=manual__2025-04-17T21:09:07.326378+00:00, execution_date=20250417T210907, start_date=20250417T210908, end_date=20250417T210914
[2025-04-17T21:09:14.926+0000] {local_task_job_runner.py:266} INFO - Task exited with return code 0
[2025-04-17T21:09:15.006+0000] {taskinstance.py:3901} INFO - 1 downstream tasks scheduled from follow-on schedule check
[2025-04-17T21:09:15.009+0000] {local_task_job_runner.py:245} INFO - ::endgroup::
