[2025-04-18T00:58:01.128+0000] {local_task_job_runner.py:123} INFO - ::group::Pre task execution logs
[2025-04-18T00:58:01.207+0000] {taskinstance.py:2614} INFO - Dependencies all met for dep_context=non-requeueable deps ti=<TaskInstance: dbt_etl_pipeline_mart.dbt_marts_business manual__2025-04-18T00:57:33.796756+00:00 [queued]>
[2025-04-18T00:58:01.222+0000] {taskinstance.py:2614} INFO - Dependencies all met for dep_context=requeueable deps ti=<TaskInstance: dbt_etl_pipeline_mart.dbt_marts_business manual__2025-04-18T00:57:33.796756+00:00 [queued]>
[2025-04-18T00:58:01.224+0000] {taskinstance.py:2867} INFO - Starting attempt 1 of 1
[2025-04-18T00:58:01.244+0000] {taskinstance.py:2890} INFO - Executing <Task(BashOperator): dbt_marts_business> on 2025-04-18 00:57:33.796756+00:00
[2025-04-18T00:58:01.252+0000] {standard_task_runner.py:104} INFO - Running: ['airflow', 'tasks', 'run', 'dbt_etl_pipeline_mart', 'dbt_marts_business', 'manual__2025-04-18T00:57:33.796756+00:00', '--job-id', '73', '--raw', '--subdir', 'DAGS_FOLDER/dbt_marts.py', '--cfg-path', '/tmp/tmp7mtfx3o4']
[2025-04-18T00:58:01.253+0000] {logging_mixin.py:190} WARNING - /home/airflow/.local/lib/python3.12/site-packages/airflow/task/task_runner/standard_task_runner.py:70 DeprecationWarning: This process (pid=3049) is multi-threaded, use of fork() may lead to deadlocks in the child.
[2025-04-18T00:58:01.254+0000] {standard_task_runner.py:105} INFO - Job 73: Subtask dbt_marts_business
[2025-04-18T00:58:01.255+0000] {standard_task_runner.py:72} INFO - Started process 3050 to run task
[2025-04-18T00:58:01.501+0000] {task_command.py:467} INFO - Running <TaskInstance: dbt_etl_pipeline_mart.dbt_marts_business manual__2025-04-18T00:57:33.796756+00:00 [running]> on host f693ba064550
[2025-04-18T00:58:01.790+0000] {taskinstance.py:3134} INFO - Exporting env vars: AIRFLOW_CTX_DAG_OWNER='azizjon' AIRFLOW_CTX_DAG_ID='dbt_etl_pipeline_mart' AIRFLOW_CTX_TASK_ID='dbt_marts_business' AIRFLOW_CTX_EXECUTION_DATE='2025-04-18T00:57:33.796756+00:00' AIRFLOW_CTX_TRY_NUMBER='1' AIRFLOW_CTX_DAG_RUN_ID='manual__2025-04-18T00:57:33.796756+00:00'
[2025-04-18T00:58:01.791+0000] {taskinstance.py:732} INFO - ::endgroup::
[2025-04-18T00:58:01.807+0000] {subprocess.py:78} INFO - Tmp dir root location: /tmp
[2025-04-18T00:58:01.810+0000] {subprocess.py:88} INFO - Running command: ['/usr/bin/bash', '-c', '\n        export PATH=/home/airflow/.local/bin:$PATH\n        cd /opt/airflow/commerce_dbt\n        dbt run --select marts.business --profiles-dir .\n        ']
[2025-04-18T00:58:01.817+0000] {subprocess.py:99} INFO - Output:
[2025-04-18T00:58:04.053+0000] {subprocess.py:106} INFO - [0m00:58:04  Running with dbt=1.7.0
[2025-04-18T00:58:04.302+0000] {subprocess.py:106} INFO - [0m00:58:04  Registered adapter: postgres=1.7.0
[2025-04-18T00:58:05.209+0000] {subprocess.py:106} INFO - [0m00:58:05  Found 12 models, 1 snapshot, 6 seeds, 43 tests, 6 sources, 0 exposures, 0 metrics, 401 macros, 0 groups, 0 semantic models
[2025-04-18T00:58:05.214+0000] {subprocess.py:106} INFO - [0m00:58:05
[2025-04-18T00:58:05.758+0000] {subprocess.py:106} INFO - [0m00:58:05  Concurrency: 4 threads (target='dev')
[2025-04-18T00:58:05.759+0000] {subprocess.py:106} INFO - [0m00:58:05
[2025-04-18T00:58:05.786+0000] {subprocess.py:106} INFO - [0m00:58:05  1 of 2 START sql table model commerce_business.customer_orders ................. [RUN]
[2025-04-18T00:58:05.787+0000] {subprocess.py:106} INFO - [0m00:58:05  2 of 2 START sql table model commerce_business.product_sales ................... [RUN]
[2025-04-18T00:58:06.091+0000] {subprocess.py:106} INFO - [0m00:58:06  2 of 2 OK created sql table model commerce_business.product_sales .............. [[32mSELECT 17[0m in 0.30s]
[2025-04-18T00:58:06.095+0000] {subprocess.py:106} INFO - [0m00:58:06  1 of 2 OK created sql table model commerce_business.customer_orders ............ [[32mSELECT 1000[0m in 0.31s]
[2025-04-18T00:58:06.289+0000] {subprocess.py:106} INFO - [0m00:58:06
[2025-04-18T00:58:06.290+0000] {subprocess.py:106} INFO - [0m00:58:06  Finished running 2 table models in 0 hours 0 minutes and 1.07 seconds (1.07s).
[2025-04-18T00:58:06.354+0000] {subprocess.py:106} INFO - [0m00:58:06
[2025-04-18T00:58:06.355+0000] {subprocess.py:106} INFO - [0m00:58:06  [32mCompleted successfully[0m
[2025-04-18T00:58:06.356+0000] {subprocess.py:106} INFO - [0m00:58:06
[2025-04-18T00:58:06.357+0000] {subprocess.py:106} INFO - [0m00:58:06  Done. PASS=2 WARN=0 ERROR=0 SKIP=0 TOTAL=2
[2025-04-18T00:58:07.485+0000] {subprocess.py:110} INFO - Command exited with return code 0
[2025-04-18T00:58:07.629+0000] {taskinstance.py:341} INFO - ::group::Post task execution logs
[2025-04-18T00:58:07.630+0000] {taskinstance.py:353} INFO - Marking task as SUCCESS. dag_id=dbt_etl_pipeline_mart, task_id=dbt_marts_business, run_id=manual__2025-04-18T00:57:33.796756+00:00, execution_date=20250418T005733, start_date=20250418T005801, end_date=20250418T005807
[2025-04-18T00:58:07.803+0000] {local_task_job_runner.py:266} INFO - Task exited with return code 0
[2025-04-18T00:58:07.886+0000] {taskinstance.py:3901} INFO - 0 downstream tasks scheduled from follow-on schedule check
[2025-04-18T00:58:07.891+0000] {local_task_job_runner.py:245} INFO - ::endgroup::
