[2025-04-19T15:08:47.410+0000] {local_task_job_runner.py:123} INFO - ::group::Pre task execution logs
[2025-04-19T15:08:47.472+0000] {taskinstance.py:2614} INFO - Dependencies all met for dep_context=non-requeueable deps ti=<TaskInstance: dbt_etl_pipeline_mart.dbt_marts_core scheduled__2025-04-19T15:08:46.193728+00:00 [queued]>
[2025-04-19T15:08:47.484+0000] {taskinstance.py:2614} INFO - Dependencies all met for dep_context=requeueable deps ti=<TaskInstance: dbt_etl_pipeline_mart.dbt_marts_core scheduled__2025-04-19T15:08:46.193728+00:00 [queued]>
[2025-04-19T15:08:47.486+0000] {taskinstance.py:2867} INFO - Starting attempt 1 of 1
[2025-04-19T15:08:47.503+0000] {taskinstance.py:2890} INFO - Executing <Task(BashOperator): dbt_marts_core> on 2025-04-19 15:08:46.193728+00:00
[2025-04-19T15:08:47.509+0000] {logging_mixin.py:190} WARNING - /home/airflow/.local/lib/python3.12/site-packages/airflow/task/task_runner/standard_task_runner.py:70 DeprecationWarning: This process (pid=826) is multi-threaded, use of fork() may lead to deadlocks in the child.
[2025-04-19T15:08:47.511+0000] {standard_task_runner.py:72} INFO - Started process 827 to run task
[2025-04-19T15:08:47.511+0000] {standard_task_runner.py:104} INFO - Running: ['airflow', 'tasks', 'run', 'dbt_etl_pipeline_mart', 'dbt_marts_core', 'scheduled__2025-04-19T15:08:46.193728+00:00', '--job-id', '196', '--raw', '--subdir', 'DAGS_FOLDER/dbt_marts.py', '--cfg-path', '/tmp/tmpaa0y6r6b']
[2025-04-19T15:08:47.513+0000] {standard_task_runner.py:105} INFO - Job 196: Subtask dbt_marts_core
[2025-04-19T15:08:47.701+0000] {task_command.py:467} INFO - Running <TaskInstance: dbt_etl_pipeline_mart.dbt_marts_core scheduled__2025-04-19T15:08:46.193728+00:00 [running]> on host 27536697ee14
[2025-04-19T15:08:47.932+0000] {taskinstance.py:3134} INFO - Exporting env vars: AIRFLOW_CTX_DAG_OWNER='azizjon' AIRFLOW_CTX_DAG_ID='dbt_etl_pipeline_mart' AIRFLOW_CTX_TASK_ID='dbt_marts_core' AIRFLOW_CTX_EXECUTION_DATE='2025-04-19T15:08:46.193728+00:00' AIRFLOW_CTX_TRY_NUMBER='1' AIRFLOW_CTX_DAG_RUN_ID='scheduled__2025-04-19T15:08:46.193728+00:00'
[2025-04-19T15:08:47.933+0000] {taskinstance.py:732} INFO - ::endgroup::
[2025-04-19T15:08:47.945+0000] {subprocess.py:78} INFO - Tmp dir root location: /tmp
[2025-04-19T15:08:47.946+0000] {subprocess.py:88} INFO - Running command: ['/usr/bin/bash', '-c', '\n        export PATH=/home/airflow/.local/bin:$PATH\n        cd /opt/airflow/commerce_dbt\n        dbt run --select marts.core --profiles-dir .\n        ']
[2025-04-19T15:08:47.954+0000] {subprocess.py:99} INFO - Output:
[2025-04-19T15:08:50.116+0000] {subprocess.py:106} INFO - [0m15:08:50  Running with dbt=1.7.0
[2025-04-19T15:08:50.372+0000] {subprocess.py:106} INFO - [0m15:08:50  Registered adapter: postgres=1.7.0
[2025-04-19T15:08:50.879+0000] {subprocess.py:106} INFO - [0m15:08:50  [[33mWARNING[0m]: Configuration paths exist in your dbt_project.yml file which do not apply to any resources.
[2025-04-19T15:08:50.880+0000] {subprocess.py:106} INFO - There are 1 unused configuration paths:
[2025-04-19T15:08:50.880+0000] {subprocess.py:106} INFO - - seeds.initial_dataset
[2025-04-19T15:08:50.923+0000] {subprocess.py:106} INFO - [0m15:08:50  Found 13 models, 1 snapshot, 6 seeds, 43 tests, 6 sources, 0 exposures, 0 metrics, 401 macros, 0 groups, 0 semantic models
[2025-04-19T15:08:50.926+0000] {subprocess.py:106} INFO - [0m15:08:50
[2025-04-19T15:08:51.344+0000] {subprocess.py:106} INFO - [0m15:08:51  Concurrency: 4 threads (target='dev')
[2025-04-19T15:08:51.345+0000] {subprocess.py:106} INFO - [0m15:08:51
[2025-04-19T15:08:51.355+0000] {subprocess.py:106} INFO - [0m15:08:51  1 of 5 START sql table model commerce_core.dim_customers ....................... [RUN]
[2025-04-19T15:08:51.355+0000] {subprocess.py:106} INFO - [0m15:08:51  2 of 5 START sql table model commerce_core.dim_products ........................ [RUN]
[2025-04-19T15:08:51.356+0000] {subprocess.py:106} INFO - [0m15:08:51  3 of 5 START sql table model commerce_core.dim_stores .......................... [RUN]
[2025-04-19T15:08:51.654+0000] {subprocess.py:106} INFO - [0m15:08:51  3 of 5 OK created sql table model commerce_core.dim_stores ..................... [[32mSELECT 5[0m in 0.29s]
[2025-04-19T15:08:51.656+0000] {subprocess.py:106} INFO - [0m15:08:51  2 of 5 OK created sql table model commerce_core.dim_products ................... [[32mSELECT 17[0m in 0.29s]
[2025-04-19T15:08:51.657+0000] {subprocess.py:106} INFO - [0m15:08:51  1 of 5 OK created sql table model commerce_core.dim_customers .................. [[32mSELECT 1000[0m in 0.30s]
[2025-04-19T15:08:51.662+0000] {subprocess.py:106} INFO - [0m15:08:51  4 of 5 START sql table model commerce_core.fct_orders .......................... [RUN]
[2025-04-19T15:08:51.663+0000] {subprocess.py:106} INFO - [0m15:08:51  5 of 5 START sql table model commerce_core.ml_analytics ........................ [RUN]
[2025-04-19T15:08:51.849+0000] {subprocess.py:106} INFO - [0m15:08:51  4 of 5 OK created sql table model commerce_core.fct_orders ..................... [[32mSELECT 10000[0m in 0.18s]
[2025-04-19T15:08:51.850+0000] {subprocess.py:106} INFO - [0m15:08:51  5 of 5 OK created sql table model commerce_core.ml_analytics ................... [[32mSELECT 10000[0m in 0.18s]
[2025-04-19T15:08:51.910+0000] {subprocess.py:106} INFO - [0m15:08:51
[2025-04-19T15:08:51.911+0000] {subprocess.py:106} INFO - [0m15:08:51  Finished running 5 table models in 0 hours 0 minutes and 0.98 seconds (0.98s).
[2025-04-19T15:08:51.944+0000] {subprocess.py:106} INFO - [0m15:08:51
[2025-04-19T15:08:51.944+0000] {subprocess.py:106} INFO - [0m15:08:51  [32mCompleted successfully[0m
[2025-04-19T15:08:51.945+0000] {subprocess.py:106} INFO - [0m15:08:51
[2025-04-19T15:08:51.946+0000] {subprocess.py:106} INFO - [0m15:08:51  Done. PASS=5 WARN=0 ERROR=0 SKIP=0 TOTAL=5
[2025-04-19T15:08:52.980+0000] {subprocess.py:110} INFO - Command exited with return code 0
[2025-04-19T15:08:53.099+0000] {taskinstance.py:341} INFO - ::group::Post task execution logs
[2025-04-19T15:08:53.100+0000] {taskinstance.py:353} INFO - Marking task as SUCCESS. dag_id=dbt_etl_pipeline_mart, task_id=dbt_marts_core, run_id=scheduled__2025-04-19T15:08:46.193728+00:00, execution_date=20250419T150846, start_date=20250419T150847, end_date=20250419T150853
[2025-04-19T15:08:53.242+0000] {local_task_job_runner.py:266} INFO - Task exited with return code 0
[2025-04-19T15:08:53.410+0000] {taskinstance.py:3901} INFO - 0 downstream tasks scheduled from follow-on schedule check
[2025-04-19T15:08:53.413+0000] {local_task_job_runner.py:245} INFO - ::endgroup::
