[2025-04-18T11:24:35.435+0000] {local_task_job_runner.py:123} INFO - ::group::Pre task execution logs
[2025-04-18T11:24:35.495+0000] {taskinstance.py:2614} INFO - Dependencies all met for dep_context=non-requeueable deps ti=<TaskInstance: dbt_etl_pipeline_seed.dbt_seed manual__2025-04-18T11:24:33.862935+00:00 [queued]>
[2025-04-18T11:24:35.509+0000] {taskinstance.py:2614} INFO - Dependencies all met for dep_context=requeueable deps ti=<TaskInstance: dbt_etl_pipeline_seed.dbt_seed manual__2025-04-18T11:24:33.862935+00:00 [queued]>
[2025-04-18T11:24:35.510+0000] {taskinstance.py:2867} INFO - Starting attempt 1 of 1
[2025-04-18T11:24:35.526+0000] {taskinstance.py:2890} INFO - Executing <Task(BashOperator): dbt_seed> on 2025-04-18 11:24:33.862935+00:00
[2025-04-18T11:24:35.533+0000] {standard_task_runner.py:104} INFO - Running: ['airflow', 'tasks', 'run', 'dbt_etl_pipeline_seed', 'dbt_seed', 'manual__2025-04-18T11:24:33.862935+00:00', '--job-id', '99', '--raw', '--subdir', 'DAGS_FOLDER/trigger_dbt.py', '--cfg-path', '/tmp/tmpozfigdea']
[2025-04-18T11:24:35.534+0000] {logging_mixin.py:190} WARNING - /home/airflow/.local/lib/python3.12/site-packages/airflow/task/task_runner/standard_task_runner.py:70 DeprecationWarning: This process (pid=475) is multi-threaded, use of fork() may lead to deadlocks in the child.
[2025-04-18T11:24:35.536+0000] {standard_task_runner.py:105} INFO - Job 99: Subtask dbt_seed
[2025-04-18T11:24:35.536+0000] {standard_task_runner.py:72} INFO - Started process 476 to run task
[2025-04-18T11:24:35.707+0000] {task_command.py:467} INFO - Running <TaskInstance: dbt_etl_pipeline_seed.dbt_seed manual__2025-04-18T11:24:33.862935+00:00 [running]> on host 9c8f13362ff5
[2025-04-18T11:24:35.925+0000] {taskinstance.py:3134} INFO - Exporting env vars: AIRFLOW_CTX_DAG_OWNER='azizjon' AIRFLOW_CTX_DAG_ID='dbt_etl_pipeline_seed' AIRFLOW_CTX_TASK_ID='dbt_seed' AIRFLOW_CTX_EXECUTION_DATE='2025-04-18T11:24:33.862935+00:00' AIRFLOW_CTX_TRY_NUMBER='1' AIRFLOW_CTX_DAG_RUN_ID='manual__2025-04-18T11:24:33.862935+00:00'
[2025-04-18T11:24:35.926+0000] {taskinstance.py:732} INFO - ::endgroup::
[2025-04-18T11:24:35.939+0000] {subprocess.py:78} INFO - Tmp dir root location: /tmp
[2025-04-18T11:24:35.940+0000] {subprocess.py:88} INFO - Running command: ['/usr/bin/bash', '-c', '\n        export PATH=/home/airflow/.local/bin:$PATH\n        cd /opt/airflow/commerce_dbt\n        dbt seed --profiles-dir .\n        ']
[2025-04-18T11:24:35.948+0000] {subprocess.py:99} INFO - Output:
[2025-04-18T11:24:39.057+0000] {subprocess.py:106} INFO - [0m11:24:39  Running with dbt=1.7.0
[2025-04-18T11:24:39.325+0000] {subprocess.py:106} INFO - [0m11:24:39  Registered adapter: postgres=1.7.0
[2025-04-18T11:24:39.792+0000] {subprocess.py:106} INFO - [0m11:24:39  [[33mWARNING[0m]: Configuration paths exist in your dbt_project.yml file which do not apply to any resources.
[2025-04-18T11:24:39.792+0000] {subprocess.py:106} INFO - There are 1 unused configuration paths:
[2025-04-18T11:24:39.793+0000] {subprocess.py:106} INFO - - seeds.initial_dataset
[2025-04-18T11:24:39.861+0000] {subprocess.py:106} INFO - [0m11:24:39  Found 12 models, 1 snapshot, 6 seeds, 43 tests, 6 sources, 0 exposures, 0 metrics, 401 macros, 0 groups, 0 semantic models
[2025-04-18T11:24:39.866+0000] {subprocess.py:106} INFO - [0m11:24:39
[2025-04-18T11:24:40.577+0000] {subprocess.py:106} INFO - [0m11:24:40  Concurrency: 4 threads (target='dev')
[2025-04-18T11:24:40.584+0000] {subprocess.py:106} INFO - [0m11:24:40
[2025-04-18T11:24:40.623+0000] {subprocess.py:106} INFO - [0m11:24:40  1 of 6 START seed file commerce_raw.customers .................................. [RUN]
[2025-04-18T11:24:40.627+0000] {subprocess.py:106} INFO - [0m11:24:40  2 of 6 START seed file commerce_raw.order_items ................................ [RUN]
[2025-04-18T11:24:40.630+0000] {subprocess.py:106} INFO - [0m11:24:40  3 of 6 START seed file commerce_raw.orders ..................................... [RUN]
[2025-04-18T11:24:40.633+0000] {subprocess.py:106} INFO - [0m11:24:40  4 of 6 START seed file commerce_raw.product_categories ......................... [RUN]
[2025-04-18T11:24:41.930+0000] {subprocess.py:106} INFO - [0m11:24:41  4 of 6 OK loaded seed file commerce_raw.product_categories ..................... [[32mINSERT 4[0m in 1.28s]
[2025-04-18T11:24:41.954+0000] {subprocess.py:106} INFO - [0m11:24:41  5 of 6 START seed file commerce_raw.products ................................... [RUN]
[2025-04-18T11:24:42.897+0000] {subprocess.py:106} INFO - [0m11:24:42  5 of 6 OK loaded seed file commerce_raw.products ............................... [[32mINSERT 17[0m in 0.89s]
[2025-04-18T11:24:42.932+0000] {subprocess.py:106} INFO - [0m11:24:42  6 of 6 START seed file commerce_raw.stores ..................................... [RUN]
[2025-04-18T11:24:43.572+0000] {subprocess.py:106} INFO - [0m11:24:43  6 of 6 OK loaded seed file commerce_raw.stores ................................. [[32mINSERT 5[0m in 0.62s]
[2025-04-18T11:24:44.519+0000] {subprocess.py:106} INFO - [0m11:24:44  1 of 6 OK loaded seed file commerce_raw.customers .............................. [[32mINSERT 1000[0m in 3.86s]
[2025-04-18T11:24:57.640+0000] {subprocess.py:106} INFO - [0m11:24:57  3 of 6 OK loaded seed file commerce_raw.orders ................................. [[32mINSERT 7000[0m in 16.99s]
[2025-04-18T11:25:00.186+0000] {subprocess.py:106} INFO - [0m11:25:00  2 of 6 OK loaded seed file commerce_raw.order_items ............................ [[32mINSERT 10000[0m in 19.55s]
[2025-04-18T11:25:00.292+0000] {subprocess.py:106} INFO - [0m11:25:00
[2025-04-18T11:25:00.294+0000] {subprocess.py:106} INFO - [0m11:25:00  Finished running 6 seeds in 0 hours 0 minutes and 20.42 seconds (20.42s).
[2025-04-18T11:25:00.330+0000] {subprocess.py:106} INFO - [0m11:25:00
[2025-04-18T11:25:00.331+0000] {subprocess.py:106} INFO - [0m11:25:00  [32mCompleted successfully[0m
[2025-04-18T11:25:00.332+0000] {subprocess.py:106} INFO - [0m11:25:00
[2025-04-18T11:25:00.333+0000] {subprocess.py:106} INFO - [0m11:25:00  Done. PASS=6 WARN=0 ERROR=0 SKIP=0 TOTAL=6
[2025-04-18T11:25:01.402+0000] {subprocess.py:110} INFO - Command exited with return code 0
[2025-04-18T11:25:01.524+0000] {taskinstance.py:341} INFO - ::group::Post task execution logs
[2025-04-18T11:25:01.525+0000] {taskinstance.py:353} INFO - Marking task as SUCCESS. dag_id=dbt_etl_pipeline_seed, task_id=dbt_seed, run_id=manual__2025-04-18T11:24:33.862935+00:00, execution_date=20250418T112433, start_date=20250418T112435, end_date=20250418T112501
[2025-04-18T11:25:01.662+0000] {local_task_job_runner.py:266} INFO - Task exited with return code 0
[2025-04-18T11:25:01.726+0000] {taskinstance.py:3901} INFO - 0 downstream tasks scheduled from follow-on schedule check
[2025-04-18T11:25:01.730+0000] {local_task_job_runner.py:245} INFO - ::endgroup::
