[2025-04-19T16:05:29.061+0000] {local_task_job_runner.py:123} INFO - ::group::Pre task execution logs
[2025-04-19T16:05:29.183+0000] {taskinstance.py:2614} INFO - Dependencies all met for dep_context=non-requeueable deps ti=<TaskInstance: dbt_etl_pipeline_mart.dbt_marts_core manual__2025-04-19T16:05:27.599196+00:00 [queued]>
[2025-04-19T16:05:29.209+0000] {taskinstance.py:2614} INFO - Dependencies all met for dep_context=requeueable deps ti=<TaskInstance: dbt_etl_pipeline_mart.dbt_marts_core manual__2025-04-19T16:05:27.599196+00:00 [queued]>
[2025-04-19T16:05:29.212+0000] {taskinstance.py:2867} INFO - Starting attempt 1 of 1
[2025-04-19T16:05:29.246+0000] {taskinstance.py:2890} INFO - Executing <Task(BashOperator): dbt_marts_core> on 2025-04-19 16:05:27.599196+00:00
[2025-04-19T16:05:29.261+0000] {standard_task_runner.py:104} INFO - Running: ['airflow', 'tasks', 'run', 'dbt_etl_pipeline_mart', 'dbt_marts_core', 'manual__2025-04-19T16:05:27.599196+00:00', '--job-id', '265', '--raw', '--subdir', 'DAGS_FOLDER/dbt_marts.py', '--cfg-path', '/tmp/tmpjou0itnj']
[2025-04-19T16:05:29.262+0000] {logging_mixin.py:190} WARNING - /home/airflow/.local/lib/python3.12/site-packages/airflow/task/task_runner/standard_task_runner.py:70 DeprecationWarning: This process (pid=6410) is multi-threaded, use of fork() may lead to deadlocks in the child.
[2025-04-19T16:05:29.266+0000] {standard_task_runner.py:105} INFO - Job 265: Subtask dbt_marts_core
[2025-04-19T16:05:29.267+0000] {standard_task_runner.py:72} INFO - Started process 6411 to run task
[2025-04-19T16:05:29.493+0000] {task_command.py:467} INFO - Running <TaskInstance: dbt_etl_pipeline_mart.dbt_marts_core manual__2025-04-19T16:05:27.599196+00:00 [running]> on host 27536697ee14
[2025-04-19T16:05:29.780+0000] {taskinstance.py:3134} INFO - Exporting env vars: AIRFLOW_CTX_DAG_OWNER='azizjon' AIRFLOW_CTX_DAG_ID='dbt_etl_pipeline_mart' AIRFLOW_CTX_TASK_ID='dbt_marts_core' AIRFLOW_CTX_EXECUTION_DATE='2025-04-19T16:05:27.599196+00:00' AIRFLOW_CTX_TRY_NUMBER='1' AIRFLOW_CTX_DAG_RUN_ID='manual__2025-04-19T16:05:27.599196+00:00'
[2025-04-19T16:05:29.782+0000] {taskinstance.py:732} INFO - ::endgroup::
[2025-04-19T16:05:29.798+0000] {subprocess.py:78} INFO - Tmp dir root location: /tmp
[2025-04-19T16:05:29.799+0000] {subprocess.py:88} INFO - Running command: ['/usr/bin/bash', '-c', '\n        export PATH=/home/airflow/.local/bin:$PATH\n        cd /opt/airflow/commerce_dbt\n        dbt run --select marts.core --profiles-dir .\n        ']
[2025-04-19T16:05:29.810+0000] {subprocess.py:99} INFO - Output:
[2025-04-19T16:05:32.722+0000] {subprocess.py:106} INFO - [0m16:05:32  Running with dbt=1.7.0
[2025-04-19T16:05:32.994+0000] {subprocess.py:106} INFO - [0m16:05:32  Registered adapter: postgres=1.7.0
[2025-04-19T16:05:33.967+0000] {subprocess.py:106} INFO - [0m16:05:33  [[33mWARNING[0m]: Configuration paths exist in your dbt_project.yml file which do not apply to any resources.
[2025-04-19T16:05:33.974+0000] {subprocess.py:106} INFO - There are 1 unused configuration paths:
[2025-04-19T16:05:33.974+0000] {subprocess.py:106} INFO - - seeds.initial_dataset
[2025-04-19T16:05:34.074+0000] {subprocess.py:106} INFO - [0m16:05:34  Found 13 models, 1 snapshot, 6 seeds, 43 tests, 6 sources, 0 exposures, 0 metrics, 401 macros, 0 groups, 0 semantic models
[2025-04-19T16:05:34.079+0000] {subprocess.py:106} INFO - [0m16:05:34
[2025-04-19T16:05:34.932+0000] {subprocess.py:106} INFO - [0m16:05:34  Concurrency: 4 threads (target='dev')
[2025-04-19T16:05:34.933+0000] {subprocess.py:106} INFO - [0m16:05:34
[2025-04-19T16:05:34.946+0000] {subprocess.py:106} INFO - [0m16:05:34  1 of 5 START sql table model commerce_core.dim_customers ....................... [RUN]
[2025-04-19T16:05:34.947+0000] {subprocess.py:106} INFO - [0m16:05:34  2 of 5 START sql table model commerce_core.dim_products ........................ [RUN]
[2025-04-19T16:05:34.949+0000] {subprocess.py:106} INFO - [0m16:05:34  3 of 5 START sql table model commerce_core.dim_stores .......................... [RUN]
[2025-04-19T16:05:35.315+0000] {subprocess.py:106} INFO - [0m16:05:35  3 of 5 OK created sql table model commerce_core.dim_stores ..................... [[32mSELECT 5[0m in 0.36s]
[2025-04-19T16:05:35.327+0000] {subprocess.py:106} INFO - [0m16:05:35  2 of 5 OK created sql table model commerce_core.dim_products ................... [[32mSELECT 17[0m in 0.37s]
[2025-04-19T16:05:35.330+0000] {subprocess.py:106} INFO - [0m16:05:35  1 of 5 OK created sql table model commerce_core.dim_customers .................. [[32mSELECT 1000[0m in 0.37s]
[2025-04-19T16:05:35.339+0000] {subprocess.py:106} INFO - [0m16:05:35  4 of 5 START sql table model commerce_core.fct_orders .......................... [RUN]
[2025-04-19T16:05:35.342+0000] {subprocess.py:106} INFO - [0m16:05:35  5 of 5 START sql table model commerce_core.ml_analytics ........................ [RUN]
[2025-04-19T16:05:35.604+0000] {subprocess.py:106} INFO - [0m16:05:35  4 of 5 OK created sql table model commerce_core.fct_orders ..................... [[32mSELECT 10000[0m in 0.26s]
[2025-04-19T16:05:35.607+0000] {subprocess.py:106} INFO - [0m16:05:35  5 of 5 OK created sql table model commerce_core.ml_analytics ................... [[32mSELECT 10000[0m in 0.26s]
[2025-04-19T16:05:35.749+0000] {subprocess.py:106} INFO - [0m16:05:35
[2025-04-19T16:05:35.749+0000] {subprocess.py:106} INFO - [0m16:05:35  Finished running 5 table models in 0 hours 0 minutes and 1.67 seconds (1.67s).
[2025-04-19T16:05:35.785+0000] {subprocess.py:106} INFO - [0m16:05:35
[2025-04-19T16:05:35.786+0000] {subprocess.py:106} INFO - [0m16:05:35  [32mCompleted successfully[0m
[2025-04-19T16:05:35.787+0000] {subprocess.py:106} INFO - [0m16:05:35
[2025-04-19T16:05:35.787+0000] {subprocess.py:106} INFO - [0m16:05:35  Done. PASS=5 WARN=0 ERROR=0 SKIP=0 TOTAL=5
[2025-04-19T16:05:36.896+0000] {subprocess.py:110} INFO - Command exited with return code 0
[2025-04-19T16:05:37.151+0000] {taskinstance.py:341} INFO - ::group::Post task execution logs
[2025-04-19T16:05:37.153+0000] {taskinstance.py:353} INFO - Marking task as SUCCESS. dag_id=dbt_etl_pipeline_mart, task_id=dbt_marts_core, run_id=manual__2025-04-19T16:05:27.599196+00:00, execution_date=20250419T160527, start_date=20250419T160529, end_date=20250419T160537
[2025-04-19T16:05:37.357+0000] {local_task_job_runner.py:266} INFO - Task exited with return code 0
[2025-04-19T16:05:37.442+0000] {taskinstance.py:3901} INFO - 1 downstream tasks scheduled from follow-on schedule check
[2025-04-19T16:05:37.459+0000] {local_task_job_runner.py:245} INFO - ::endgroup::
