[2025-04-19T15:23:17.891+0000] {local_task_job_runner.py:123} INFO - ::group::Pre task execution logs
[2025-04-19T15:23:18.030+0000] {taskinstance.py:2614} INFO - Dependencies all met for dep_context=non-requeueable deps ti=<TaskInstance: load_new_order_items.dbt_staging manual__2025-04-19T15:20:13.235992+00:00 [queued]>
[2025-04-19T15:23:18.061+0000] {taskinstance.py:2614} INFO - Dependencies all met for dep_context=requeueable deps ti=<TaskInstance: load_new_order_items.dbt_staging manual__2025-04-19T15:20:13.235992+00:00 [queued]>
[2025-04-19T15:23:18.062+0000] {taskinstance.py:2867} INFO - Starting attempt 2 of 2
[2025-04-19T15:23:18.091+0000] {taskinstance.py:2890} INFO - Executing <Task(TriggerDagRunOperator): dbt_staging> on 2025-04-19 15:20:13.235992+00:00
[2025-04-19T15:23:18.107+0000] {logging_mixin.py:190} WARNING - /home/airflow/.local/lib/python3.12/site-packages/airflow/task/task_runner/standard_task_runner.py:70 DeprecationWarning: This process (pid=2435) is multi-threaded, use of fork() may lead to deadlocks in the child.
[2025-04-19T15:23:18.106+0000] {standard_task_runner.py:104} INFO - Running: ['airflow', 'tasks', 'run', 'load_new_order_items', 'dbt_staging', 'manual__2025-04-19T15:20:13.235992+00:00', '--job-id', '219', '--raw', '--subdir', 'DAGS_FOLDER/store_to_sql_order_items.py', '--cfg-path', '/tmp/tmpbamd_ssw']
[2025-04-19T15:23:18.108+0000] {standard_task_runner.py:72} INFO - Started process 2436 to run task
[2025-04-19T15:23:18.109+0000] {standard_task_runner.py:105} INFO - Job 219: Subtask dbt_staging
[2025-04-19T15:23:18.315+0000] {task_command.py:467} INFO - Running <TaskInstance: load_new_order_items.dbt_staging manual__2025-04-19T15:20:13.235992+00:00 [running]> on host 27536697ee14
[2025-04-19T15:23:18.597+0000] {taskinstance.py:3134} INFO - Exporting env vars: AIRFLOW_CTX_DAG_OWNER='azizjon' AIRFLOW_CTX_DAG_ID='load_new_order_items' AIRFLOW_CTX_TASK_ID='dbt_staging' AIRFLOW_CTX_EXECUTION_DATE='2025-04-19T15:20:13.235992+00:00' AIRFLOW_CTX_TRY_NUMBER='2' AIRFLOW_CTX_DAG_RUN_ID='manual__2025-04-19T15:20:13.235992+00:00'
[2025-04-19T15:23:18.599+0000] {taskinstance.py:732} INFO - ::endgroup::
[2025-04-19T15:23:18.779+0000] {trigger_dagrun.py:217} INFO - Clearing dbt_etl_pipeline_staging on 2025-04-19 15:20:13.235992+00:00
[2025-04-19T15:23:19.066+0000] {trigger_dagrun.py:257} INFO - Waiting for dbt_etl_pipeline_staging on 2025-04-19 15:20:13.235992+00:00 to become allowed state ['success'] ...
[2025-04-19T15:23:24.143+0000] {trigger_dagrun.py:257} INFO - Waiting for dbt_etl_pipeline_staging on 2025-04-19 15:20:13.235992+00:00 to become allowed state ['success'] ...
[2025-04-19T15:23:29.224+0000] {trigger_dagrun.py:257} INFO - Waiting for dbt_etl_pipeline_staging on 2025-04-19 15:20:13.235992+00:00 to become allowed state ['success'] ...
[2025-04-19T15:23:34.286+0000] {trigger_dagrun.py:257} INFO - Waiting for dbt_etl_pipeline_staging on 2025-04-19 15:20:13.235992+00:00 to become allowed state ['success'] ...
[2025-04-19T15:23:39.338+0000] {trigger_dagrun.py:257} INFO - Waiting for dbt_etl_pipeline_staging on 2025-04-19 15:20:13.235992+00:00 to become allowed state ['success'] ...
[2025-04-19T15:23:44.390+0000] {trigger_dagrun.py:257} INFO - Waiting for dbt_etl_pipeline_staging on 2025-04-19 15:20:13.235992+00:00 to become allowed state ['success'] ...
[2025-04-19T15:23:49.446+0000] {trigger_dagrun.py:257} INFO - Waiting for dbt_etl_pipeline_staging on 2025-04-19 15:20:13.235992+00:00 to become allowed state ['success'] ...
[2025-04-19T15:23:54.498+0000] {trigger_dagrun.py:257} INFO - Waiting for dbt_etl_pipeline_staging on 2025-04-19 15:20:13.235992+00:00 to become allowed state ['success'] ...
[2025-04-19T15:23:59.565+0000] {trigger_dagrun.py:257} INFO - Waiting for dbt_etl_pipeline_staging on 2025-04-19 15:20:13.235992+00:00 to become allowed state ['success'] ...
[2025-04-19T15:24:04.617+0000] {trigger_dagrun.py:257} INFO - Waiting for dbt_etl_pipeline_staging on 2025-04-19 15:20:13.235992+00:00 to become allowed state ['success'] ...
[2025-04-19T15:24:09.668+0000] {trigger_dagrun.py:257} INFO - Waiting for dbt_etl_pipeline_staging on 2025-04-19 15:20:13.235992+00:00 to become allowed state ['success'] ...
[2025-04-19T15:24:14.723+0000] {trigger_dagrun.py:257} INFO - Waiting for dbt_etl_pipeline_staging on 2025-04-19 15:20:13.235992+00:00 to become allowed state ['success'] ...
[2025-04-19T15:24:19.768+0000] {trigger_dagrun.py:257} INFO - Waiting for dbt_etl_pipeline_staging on 2025-04-19 15:20:13.235992+00:00 to become allowed state ['success'] ...
[2025-04-19T15:24:24.825+0000] {trigger_dagrun.py:257} INFO - Waiting for dbt_etl_pipeline_staging on 2025-04-19 15:20:13.235992+00:00 to become allowed state ['success'] ...
[2025-04-19T15:24:29.882+0000] {trigger_dagrun.py:257} INFO - Waiting for dbt_etl_pipeline_staging on 2025-04-19 15:20:13.235992+00:00 to become allowed state ['success'] ...
[2025-04-19T15:24:34.941+0000] {trigger_dagrun.py:257} INFO - Waiting for dbt_etl_pipeline_staging on 2025-04-19 15:20:13.235992+00:00 to become allowed state ['success'] ...
[2025-04-19T15:24:39.993+0000] {trigger_dagrun.py:257} INFO - Waiting for dbt_etl_pipeline_staging on 2025-04-19 15:20:13.235992+00:00 to become allowed state ['success'] ...
[2025-04-19T15:24:45.046+0000] {trigger_dagrun.py:257} INFO - Waiting for dbt_etl_pipeline_staging on 2025-04-19 15:20:13.235992+00:00 to become allowed state ['success'] ...
[2025-04-19T15:24:50.100+0000] {trigger_dagrun.py:257} INFO - Waiting for dbt_etl_pipeline_staging on 2025-04-19 15:20:13.235992+00:00 to become allowed state ['success'] ...
[2025-04-19T15:24:55.161+0000] {trigger_dagrun.py:257} INFO - Waiting for dbt_etl_pipeline_staging on 2025-04-19 15:20:13.235992+00:00 to become allowed state ['success'] ...
[2025-04-19T15:25:00.216+0000] {trigger_dagrun.py:257} INFO - Waiting for dbt_etl_pipeline_staging on 2025-04-19 15:20:13.235992+00:00 to become allowed state ['success'] ...
[2025-04-19T15:25:05.270+0000] {trigger_dagrun.py:257} INFO - Waiting for dbt_etl_pipeline_staging on 2025-04-19 15:20:13.235992+00:00 to become allowed state ['success'] ...
[2025-04-19T15:25:10.341+0000] {trigger_dagrun.py:257} INFO - Waiting for dbt_etl_pipeline_staging on 2025-04-19 15:20:13.235992+00:00 to become allowed state ['success'] ...
[2025-04-19T15:25:15.403+0000] {trigger_dagrun.py:257} INFO - Waiting for dbt_etl_pipeline_staging on 2025-04-19 15:20:13.235992+00:00 to become allowed state ['success'] ...
[2025-04-19T15:25:20.557+0000] {trigger_dagrun.py:257} INFO - Waiting for dbt_etl_pipeline_staging on 2025-04-19 15:20:13.235992+00:00 to become allowed state ['success'] ...
[2025-04-19T15:25:25.612+0000] {trigger_dagrun.py:257} INFO - Waiting for dbt_etl_pipeline_staging on 2025-04-19 15:20:13.235992+00:00 to become allowed state ['success'] ...
[2025-04-19T15:25:30.670+0000] {trigger_dagrun.py:257} INFO - Waiting for dbt_etl_pipeline_staging on 2025-04-19 15:20:13.235992+00:00 to become allowed state ['success'] ...
[2025-04-19T15:25:35.741+0000] {trigger_dagrun.py:257} INFO - Waiting for dbt_etl_pipeline_staging on 2025-04-19 15:20:13.235992+00:00 to become allowed state ['success'] ...
[2025-04-19T15:25:40.793+0000] {trigger_dagrun.py:257} INFO - Waiting for dbt_etl_pipeline_staging on 2025-04-19 15:20:13.235992+00:00 to become allowed state ['success'] ...
[2025-04-19T15:25:45.855+0000] {trigger_dagrun.py:257} INFO - Waiting for dbt_etl_pipeline_staging on 2025-04-19 15:20:13.235992+00:00 to become allowed state ['success'] ...
[2025-04-19T15:25:50.909+0000] {trigger_dagrun.py:257} INFO - Waiting for dbt_etl_pipeline_staging on 2025-04-19 15:20:13.235992+00:00 to become allowed state ['success'] ...
[2025-04-19T15:25:55.969+0000] {trigger_dagrun.py:257} INFO - Waiting for dbt_etl_pipeline_staging on 2025-04-19 15:20:13.235992+00:00 to become allowed state ['success'] ...
[2025-04-19T15:26:01.021+0000] {trigger_dagrun.py:257} INFO - Waiting for dbt_etl_pipeline_staging on 2025-04-19 15:20:13.235992+00:00 to become allowed state ['success'] ...
[2025-04-19T15:26:06.072+0000] {trigger_dagrun.py:257} INFO - Waiting for dbt_etl_pipeline_staging on 2025-04-19 15:20:13.235992+00:00 to become allowed state ['success'] ...
[2025-04-19T15:26:11.129+0000] {trigger_dagrun.py:257} INFO - Waiting for dbt_etl_pipeline_staging on 2025-04-19 15:20:13.235992+00:00 to become allowed state ['success'] ...
[2025-04-19T15:26:16.188+0000] {trigger_dagrun.py:257} INFO - Waiting for dbt_etl_pipeline_staging on 2025-04-19 15:20:13.235992+00:00 to become allowed state ['success'] ...
[2025-04-19T15:26:21.241+0000] {trigger_dagrun.py:257} INFO - Waiting for dbt_etl_pipeline_staging on 2025-04-19 15:20:13.235992+00:00 to become allowed state ['success'] ...
[2025-04-19T15:26:26.294+0000] {trigger_dagrun.py:257} INFO - Waiting for dbt_etl_pipeline_staging on 2025-04-19 15:20:13.235992+00:00 to become allowed state ['success'] ...
[2025-04-19T15:26:31.346+0000] {trigger_dagrun.py:257} INFO - Waiting for dbt_etl_pipeline_staging on 2025-04-19 15:20:13.235992+00:00 to become allowed state ['success'] ...
[2025-04-19T15:26:36.402+0000] {trigger_dagrun.py:257} INFO - Waiting for dbt_etl_pipeline_staging on 2025-04-19 15:20:13.235992+00:00 to become allowed state ['success'] ...
[2025-04-19T15:26:41.455+0000] {trigger_dagrun.py:257} INFO - Waiting for dbt_etl_pipeline_staging on 2025-04-19 15:20:13.235992+00:00 to become allowed state ['success'] ...
[2025-04-19T15:26:46.504+0000] {trigger_dagrun.py:257} INFO - Waiting for dbt_etl_pipeline_staging on 2025-04-19 15:20:13.235992+00:00 to become allowed state ['success'] ...
[2025-04-19T15:26:51.553+0000] {trigger_dagrun.py:257} INFO - Waiting for dbt_etl_pipeline_staging on 2025-04-19 15:20:13.235992+00:00 to become allowed state ['success'] ...
[2025-04-19T15:26:56.609+0000] {trigger_dagrun.py:257} INFO - Waiting for dbt_etl_pipeline_staging on 2025-04-19 15:20:13.235992+00:00 to become allowed state ['success'] ...
[2025-04-19T15:27:01.668+0000] {trigger_dagrun.py:257} INFO - Waiting for dbt_etl_pipeline_staging on 2025-04-19 15:20:13.235992+00:00 to become allowed state ['success'] ...
[2025-04-19T15:27:06.746+0000] {trigger_dagrun.py:257} INFO - Waiting for dbt_etl_pipeline_staging on 2025-04-19 15:20:13.235992+00:00 to become allowed state ['success'] ...
[2025-04-19T15:27:11.800+0000] {trigger_dagrun.py:257} INFO - Waiting for dbt_etl_pipeline_staging on 2025-04-19 15:20:13.235992+00:00 to become allowed state ['success'] ...
[2025-04-19T15:27:16.851+0000] {trigger_dagrun.py:257} INFO - Waiting for dbt_etl_pipeline_staging on 2025-04-19 15:20:13.235992+00:00 to become allowed state ['success'] ...
[2025-04-19T15:27:21.911+0000] {trigger_dagrun.py:257} INFO - Waiting for dbt_etl_pipeline_staging on 2025-04-19 15:20:13.235992+00:00 to become allowed state ['success'] ...
[2025-04-19T15:27:26.969+0000] {trigger_dagrun.py:257} INFO - Waiting for dbt_etl_pipeline_staging on 2025-04-19 15:20:13.235992+00:00 to become allowed state ['success'] ...
[2025-04-19T15:27:32.019+0000] {trigger_dagrun.py:257} INFO - Waiting for dbt_etl_pipeline_staging on 2025-04-19 15:20:13.235992+00:00 to become allowed state ['success'] ...
[2025-04-19T15:27:37.090+0000] {trigger_dagrun.py:257} INFO - Waiting for dbt_etl_pipeline_staging on 2025-04-19 15:20:13.235992+00:00 to become allowed state ['success'] ...
[2025-04-19T15:27:42.148+0000] {trigger_dagrun.py:257} INFO - Waiting for dbt_etl_pipeline_staging on 2025-04-19 15:20:13.235992+00:00 to become allowed state ['success'] ...
[2025-04-19T15:27:47.223+0000] {trigger_dagrun.py:257} INFO - Waiting for dbt_etl_pipeline_staging on 2025-04-19 15:20:13.235992+00:00 to become allowed state ['success'] ...
[2025-04-19T15:27:52.275+0000] {trigger_dagrun.py:257} INFO - Waiting for dbt_etl_pipeline_staging on 2025-04-19 15:20:13.235992+00:00 to become allowed state ['success'] ...
[2025-04-19T15:27:55.834+0000] {local_task_job_runner.py:346} WARNING - State of this instance has been externally set to restarting. Terminating instance.
[2025-04-19T15:27:55.835+0000] {local_task_job_runner.py:245} INFO - ::endgroup::
[2025-04-19T15:27:55.836+0000] {process_utils.py:132} INFO - Sending 15 to group 2436. PIDs of all processes in the group: [2436]
[2025-04-19T15:27:55.836+0000] {process_utils.py:87} INFO - Sending the signal 15 to group 2436
[2025-04-19T15:27:55.837+0000] {taskinstance.py:3094} ERROR - Received SIGTERM. Terminating subprocesses.
[2025-04-19T15:27:55.840+0000] {taskinstance.py:3095} ERROR - Stacktrace: 
  File "/home/airflow/.local/bin/airflow", line 8, in <module>
    sys.exit(main())
  File "/home/airflow/.local/lib/python3.12/site-packages/airflow/__main__.py", line 62, in main
    args.func(args)
  File "/home/airflow/.local/lib/python3.12/site-packages/airflow/cli/cli_config.py", line 49, in command
    return func(*args, **kwargs)
  File "/home/airflow/.local/lib/python3.12/site-packages/airflow/utils/cli.py", line 116, in wrapper
    return f(*args, **kwargs)
  File "/home/airflow/.local/lib/python3.12/site-packages/airflow/utils/providers_configuration_loader.py", line 55, in wrapped_function
    return func(*args, **kwargs)
  File "/home/airflow/.local/lib/python3.12/site-packages/airflow/cli/commands/scheduler_command.py", line 56, in scheduler
    run_command_with_daemon_option(
  File "/home/airflow/.local/lib/python3.12/site-packages/airflow/cli/commands/daemon_utils.py", line 86, in run_command_with_daemon_option
    callback()
  File "/home/airflow/.local/lib/python3.12/site-packages/airflow/cli/commands/scheduler_command.py", line 59, in <lambda>
    callback=lambda: _run_scheduler_job(args),
  File "/home/airflow/.local/lib/python3.12/site-packages/airflow/cli/commands/scheduler_command.py", line 47, in _run_scheduler_job
    run_job(job=job_runner.job, execute_callable=job_runner._execute)
  File "/home/airflow/.local/lib/python3.12/site-packages/airflow/utils/session.py", line 97, in wrapper
    return func(*args, session=session, **kwargs)
  File "/home/airflow/.local/lib/python3.12/site-packages/airflow/jobs/job.py", line 421, in run_job
    return execute_job(job, execute_callable=execute_callable)
  File "/home/airflow/.local/lib/python3.12/site-packages/airflow/jobs/job.py", line 450, in execute_job
    ret = execute_callable()
  File "/home/airflow/.local/lib/python3.12/site-packages/airflow/jobs/scheduler_job_runner.py", line 990, in _execute
    executor.start()
  File "/home/airflow/.local/lib/python3.12/site-packages/airflow/executors/local_executor.py", line 392, in start
    self.impl.start()
  File "/home/airflow/.local/lib/python3.12/site-packages/airflow/executors/local_executor.py", line 330, in start
    worker.start()
  File "/usr/local/lib/python3.12/multiprocessing/process.py", line 121, in start
    self._popen = self._Popen(self)
  File "/usr/local/lib/python3.12/multiprocessing/context.py", line 224, in _Popen
    return _default_context.get_context().Process._Popen(process_obj)
  File "/usr/local/lib/python3.12/multiprocessing/context.py", line 282, in _Popen
    return Popen(process_obj)
  File "/usr/local/lib/python3.12/multiprocessing/popen_fork.py", line 19, in __init__
    self._launch(process_obj)
  File "/usr/local/lib/python3.12/multiprocessing/popen_fork.py", line 71, in _launch
    code = process_obj._bootstrap(parent_sentinel=child_r)
  File "/usr/local/lib/python3.12/multiprocessing/process.py", line 314, in _bootstrap
    self.run()
  File "/home/airflow/.local/lib/python3.12/site-packages/airflow/executors/local_executor.py", line 80, in run
    return super().run()
  File "/usr/local/lib/python3.12/multiprocessing/process.py", line 108, in run
    self._target(*self._args, **self._kwargs)
  File "/home/airflow/.local/lib/python3.12/site-packages/airflow/traces/tracer.py", line 58, in wrapper
    return func(*args, **kwargs)
  File "/home/airflow/.local/lib/python3.12/site-packages/airflow/executors/local_executor.py", line 211, in do_work
    self.execute_work(key=key, command=command)
  File "/home/airflow/.local/lib/python3.12/site-packages/airflow/traces/tracer.py", line 58, in wrapper
    return func(*args, **kwargs)
  File "/home/airflow/.local/lib/python3.12/site-packages/airflow/executors/local_executor.py", line 100, in execute_work
    state = self._execute_work_in_fork(command)
  File "/home/airflow/.local/lib/python3.12/site-packages/airflow/traces/tracer.py", line 58, in wrapper
    return func(*args, **kwargs)
  File "/home/airflow/.local/lib/python3.12/site-packages/airflow/executors/local_executor.py", line 142, in _execute_work_in_fork
    args.func(args)
  File "/home/airflow/.local/lib/python3.12/site-packages/airflow/cli/cli_config.py", line 49, in command
    return func(*args, **kwargs)
  File "/home/airflow/.local/lib/python3.12/site-packages/airflow/utils/cli.py", line 116, in wrapper
    return f(*args, **kwargs)
  File "/home/airflow/.local/lib/python3.12/site-packages/airflow/cli/commands/task_command.py", line 483, in task_run
    task_return_code = _run_task_by_selected_method(args, _dag, ti)
  File "/home/airflow/.local/lib/python3.12/site-packages/airflow/cli/commands/task_command.py", line 254, in _run_task_by_selected_method
    return _run_task_by_local_task_job(args, ti)
  File "/home/airflow/.local/lib/python3.12/site-packages/airflow/cli/commands/task_command.py", line 322, in _run_task_by_local_task_job
    ret = run_job(job=job_runner.job, execute_callable=job_runner._execute)
  File "/home/airflow/.local/lib/python3.12/site-packages/airflow/utils/session.py", line 97, in wrapper
    return func(*args, session=session, **kwargs)
  File "/home/airflow/.local/lib/python3.12/site-packages/airflow/jobs/job.py", line 421, in run_job
    return execute_job(job, execute_callable=execute_callable)
  File "/home/airflow/.local/lib/python3.12/site-packages/airflow/jobs/job.py", line 450, in execute_job
    ret = execute_callable()
  File "/home/airflow/.local/lib/python3.12/site-packages/airflow/jobs/local_task_job_runner.py", line 171, in _execute
    self.task_runner.start()
  File "/home/airflow/.local/lib/python3.12/site-packages/airflow/task/task_runner/standard_task_runner.py", line 55, in start
    self.process = self._start_by_fork()
  File "/home/airflow/.local/lib/python3.12/site-packages/airflow/task/task_runner/standard_task_runner.py", line 117, in _start_by_fork
    ret = args.func(args, dag=self.dag)
  File "/home/airflow/.local/lib/python3.12/site-packages/airflow/cli/cli_config.py", line 49, in command
    return func(*args, **kwargs)
  File "/home/airflow/.local/lib/python3.12/site-packages/airflow/utils/cli.py", line 116, in wrapper
    return f(*args, **kwargs)
  File "/home/airflow/.local/lib/python3.12/site-packages/airflow/cli/commands/task_command.py", line 483, in task_run
    task_return_code = _run_task_by_selected_method(args, _dag, ti)
  File "/home/airflow/.local/lib/python3.12/site-packages/airflow/cli/commands/task_command.py", line 256, in _run_task_by_selected_method
    return _run_raw_task(args, ti)
  File "/home/airflow/.local/lib/python3.12/site-packages/airflow/cli/commands/task_command.py", line 341, in _run_raw_task
    return ti._run_raw_task(
  File "/home/airflow/.local/lib/python3.12/site-packages/airflow/utils/session.py", line 97, in wrapper
    return func(*args, session=session, **kwargs)
  File "/home/airflow/.local/lib/python3.12/site-packages/airflow/models/taskinstance.py", line 3006, in _run_raw_task
    return _run_raw_task(
  File "/home/airflow/.local/lib/python3.12/site-packages/airflow/models/taskinstance.py", line 274, in _run_raw_task
    TaskInstance._execute_task_with_callbacks(
  File "/home/airflow/.local/lib/python3.12/site-packages/airflow/models/taskinstance.py", line 3161, in _execute_task_with_callbacks
    result = self._execute_task(context, task_orig)
  File "/home/airflow/.local/lib/python3.12/site-packages/airflow/models/taskinstance.py", line 3185, in _execute_task
    return _execute_task(self, context, task_orig)
  File "/home/airflow/.local/lib/python3.12/site-packages/airflow/models/taskinstance.py", line 768, in _execute_task
    result = _execute_callable(context=context, **execute_callable_kwargs)
  File "/home/airflow/.local/lib/python3.12/site-packages/airflow/models/taskinstance.py", line 734, in _execute_callable
    return ExecutionCallableRunner(
  File "/home/airflow/.local/lib/python3.12/site-packages/airflow/utils/operator_helpers.py", line 252, in run
    return self.func(*args, **kwargs)
  File "/home/airflow/.local/lib/python3.12/site-packages/airflow/models/baseoperator.py", line 424, in wrapper
    return func(self, *args, **kwargs)
  File "/home/airflow/.local/lib/python3.12/site-packages/airflow/operators/trigger_dagrun.py", line 263, in execute
    time.sleep(self.poke_interval)
  File "/home/airflow/.local/lib/python3.12/site-packages/airflow/models/taskinstance.py", line 3095, in signal_handler
    self.log.error("Stacktrace: \n%s", "".join(traceback.format_stack()))

[2025-04-19T15:27:55.898+0000] {taskinstance.py:3313} ERROR - Task failed with exception
Traceback (most recent call last):
  File "/home/airflow/.local/lib/python3.12/site-packages/airflow/models/taskinstance.py", line 768, in _execute_task
    result = _execute_callable(context=context, **execute_callable_kwargs)
             ^^^^^^^^^^^^^^^^^^^^^^^^^^^^^^^^^^^^^^^^^^^^^^^^^^^^^^^^^^^^^
  File "/home/airflow/.local/lib/python3.12/site-packages/airflow/models/taskinstance.py", line 734, in _execute_callable
    return ExecutionCallableRunner(
           ^^^^^^^^^^^^^^^^^^^^^^^^
  File "/home/airflow/.local/lib/python3.12/site-packages/airflow/utils/operator_helpers.py", line 252, in run
    return self.func(*args, **kwargs)
           ^^^^^^^^^^^^^^^^^^^^^^^^^^
  File "/home/airflow/.local/lib/python3.12/site-packages/airflow/models/baseoperator.py", line 424, in wrapper
    return func(self, *args, **kwargs)
           ^^^^^^^^^^^^^^^^^^^^^^^^^^^
  File "/home/airflow/.local/lib/python3.12/site-packages/airflow/operators/trigger_dagrun.py", line 263, in execute
    time.sleep(self.poke_interval)
  File "/home/airflow/.local/lib/python3.12/site-packages/airflow/models/taskinstance.py", line 3097, in signal_handler
    raise AirflowTaskTerminated("Task received SIGTERM signal")
airflow.exceptions.AirflowTaskTerminated: Task received SIGTERM signal
[2025-04-19T15:27:55.902+0000] {taskinstance.py:1226} INFO - Marking task as UP_FOR_RETRY. dag_id=load_new_order_items, task_id=dbt_staging, run_id=manual__2025-04-19T15:20:13.235992+00:00, execution_date=20250419T152013, start_date=20250419T152318, end_date=20250419T152755
[2025-04-19T15:27:56.110+0000] {taskinstance.py:341} INFO - ::group::Post task execution logs
[2025-04-19T15:27:56.131+0000] {process_utils.py:80} INFO - Process psutil.Process(pid=2436, status='terminated', exitcode=2, started='15:23:17') (2436) terminated with exit code 2
