[2025-04-18T13:15:20.410+0000] {local_task_job_runner.py:123} INFO - ::group::Pre task execution logs
[2025-04-18T13:15:20.476+0000] {taskinstance.py:2614} INFO - Dependencies all met for dep_context=non-requeueable deps ti=<TaskInstance: dbt_etl_pipeline_mart.dbt_marts_business manual__2025-04-18T13:13:36.481334+00:00 [queued]>
[2025-04-18T13:15:20.491+0000] {taskinstance.py:2614} INFO - Dependencies all met for dep_context=requeueable deps ti=<TaskInstance: dbt_etl_pipeline_mart.dbt_marts_business manual__2025-04-18T13:13:36.481334+00:00 [queued]>
[2025-04-18T13:15:20.492+0000] {taskinstance.py:2867} INFO - Starting attempt 1 of 1
[2025-04-18T13:15:20.507+0000] {taskinstance.py:2890} INFO - Executing <Task(BashOperator): dbt_marts_business> on 2025-04-18 13:13:36.481334+00:00
[2025-04-18T13:15:20.515+0000] {standard_task_runner.py:104} INFO - Running: ['airflow', 'tasks', 'run', 'dbt_etl_pipeline_mart', 'dbt_marts_business', 'manual__2025-04-18T13:13:36.481334+00:00', '--job-id', '130', '--raw', '--subdir', 'DAGS_FOLDER/dbt_marts.py', '--cfg-path', '/tmp/tmp00djo0fr']
[2025-04-18T13:15:20.517+0000] {standard_task_runner.py:105} INFO - Job 130: Subtask dbt_marts_business
[2025-04-18T13:15:20.517+0000] {logging_mixin.py:190} WARNING - /home/airflow/.local/lib/python3.12/site-packages/airflow/task/task_runner/standard_task_runner.py:70 DeprecationWarning: This process (pid=526) is multi-threaded, use of fork() may lead to deadlocks in the child.
[2025-04-18T13:15:20.518+0000] {standard_task_runner.py:72} INFO - Started process 527 to run task
[2025-04-18T13:15:20.820+0000] {task_command.py:467} INFO - Running <TaskInstance: dbt_etl_pipeline_mart.dbt_marts_business manual__2025-04-18T13:13:36.481334+00:00 [running]> on host 9c8f13362ff5
[2025-04-18T13:15:21.032+0000] {taskinstance.py:3134} INFO - Exporting env vars: AIRFLOW_CTX_DAG_OWNER='azizjon' AIRFLOW_CTX_DAG_ID='dbt_etl_pipeline_mart' AIRFLOW_CTX_TASK_ID='dbt_marts_business' AIRFLOW_CTX_EXECUTION_DATE='2025-04-18T13:13:36.481334+00:00' AIRFLOW_CTX_TRY_NUMBER='1' AIRFLOW_CTX_DAG_RUN_ID='manual__2025-04-18T13:13:36.481334+00:00'
[2025-04-18T13:15:21.033+0000] {taskinstance.py:732} INFO - ::endgroup::
[2025-04-18T13:15:21.045+0000] {subprocess.py:78} INFO - Tmp dir root location: /tmp
[2025-04-18T13:15:21.046+0000] {subprocess.py:88} INFO - Running command: ['/usr/bin/bash', '-c', '\n        export PATH=/home/airflow/.local/bin:$PATH\n        cd /opt/airflow/commerce_dbt\n        dbt run --select marts.business --profiles-dir .\n        ']
[2025-04-18T13:15:21.053+0000] {subprocess.py:99} INFO - Output:
[2025-04-18T13:15:23.579+0000] {subprocess.py:106} INFO - [0m13:15:23  Running with dbt=1.7.0
[2025-04-18T13:15:23.887+0000] {subprocess.py:106} INFO - [0m13:15:23  Registered adapter: postgres=1.7.0
[2025-04-18T13:15:24.539+0000] {subprocess.py:106} INFO - [0m13:15:24  [[33mWARNING[0m]: Configuration paths exist in your dbt_project.yml file which do not apply to any resources.
[2025-04-18T13:15:24.539+0000] {subprocess.py:106} INFO - There are 1 unused configuration paths:
[2025-04-18T13:15:24.540+0000] {subprocess.py:106} INFO - - seeds.initial_dataset
[2025-04-18T13:15:24.579+0000] {subprocess.py:106} INFO - [0m13:15:24  Found 13 models, 1 snapshot, 6 seeds, 43 tests, 6 sources, 0 exposures, 0 metrics, 401 macros, 0 groups, 0 semantic models
[2025-04-18T13:15:24.582+0000] {subprocess.py:106} INFO - [0m13:15:24
[2025-04-18T13:15:24.910+0000] {subprocess.py:106} INFO - [0m13:15:24  Concurrency: 4 threads (target='dev')
[2025-04-18T13:15:24.911+0000] {subprocess.py:106} INFO - [0m13:15:24
[2025-04-18T13:15:24.921+0000] {subprocess.py:106} INFO - [0m13:15:24  1 of 2 START sql table model commerce_business.customer_orders ................. [RUN]
[2025-04-18T13:15:24.922+0000] {subprocess.py:106} INFO - [0m13:15:24  2 of 2 START sql table model commerce_business.product_sales ................... [RUN]
[2025-04-18T13:15:25.174+0000] {subprocess.py:106} INFO - [0m13:15:25  2 of 2 OK created sql table model commerce_business.product_sales .............. [[32mSELECT 17[0m in 0.25s]
[2025-04-18T13:15:25.277+0000] {subprocess.py:106} INFO - [0m13:15:25  1 of 2 OK created sql table model commerce_business.customer_orders ............ [[32mSELECT 1000[0m in 0.35s]
[2025-04-18T13:15:25.350+0000] {subprocess.py:106} INFO - [0m13:15:25
[2025-04-18T13:15:25.351+0000] {subprocess.py:106} INFO - [0m13:15:25  Finished running 2 table models in 0 hours 0 minutes and 0.77 seconds (0.77s).
[2025-04-18T13:15:25.387+0000] {subprocess.py:106} INFO - [0m13:15:25
[2025-04-18T13:15:25.387+0000] {subprocess.py:106} INFO - [0m13:15:25  [32mCompleted successfully[0m
[2025-04-18T13:15:25.388+0000] {subprocess.py:106} INFO - [0m13:15:25
[2025-04-18T13:15:25.389+0000] {subprocess.py:106} INFO - [0m13:15:25  Done. PASS=2 WARN=0 ERROR=0 SKIP=0 TOTAL=2
[2025-04-18T13:15:26.721+0000] {subprocess.py:110} INFO - Command exited with return code 0
[2025-04-18T13:15:26.984+0000] {taskinstance.py:341} INFO - ::group::Post task execution logs
[2025-04-18T13:15:26.986+0000] {taskinstance.py:353} INFO - Marking task as SUCCESS. dag_id=dbt_etl_pipeline_mart, task_id=dbt_marts_business, run_id=manual__2025-04-18T13:13:36.481334+00:00, execution_date=20250418T131336, start_date=20250418T131520, end_date=20250418T131526
[2025-04-18T13:15:27.176+0000] {local_task_job_runner.py:266} INFO - Task exited with return code 0
[2025-04-18T13:15:27.239+0000] {taskinstance.py:3901} INFO - 0 downstream tasks scheduled from follow-on schedule check
[2025-04-18T13:15:27.242+0000] {local_task_job_runner.py:245} INFO - ::endgroup::
