[2025-04-19T15:08:26.581+0000] {local_task_job_runner.py:123} INFO - ::group::Pre task execution logs
[2025-04-19T15:08:26.646+0000] {taskinstance.py:2614} INFO - Dependencies all met for dep_context=non-requeueable deps ti=<TaskInstance: dbt_etl_pipeline_staging.dbt_staging scheduled__2025-04-19T15:08:25.774351+00:00 [queued]>
[2025-04-19T15:08:26.657+0000] {taskinstance.py:2614} INFO - Dependencies all met for dep_context=requeueable deps ti=<TaskInstance: dbt_etl_pipeline_staging.dbt_staging scheduled__2025-04-19T15:08:25.774351+00:00 [queued]>
[2025-04-19T15:08:26.659+0000] {taskinstance.py:2867} INFO - Starting attempt 1 of 1
[2025-04-19T15:08:26.678+0000] {taskinstance.py:2890} INFO - Executing <Task(BashOperator): dbt_staging> on 2025-04-19 15:08:25.774351+00:00
[2025-04-19T15:08:26.685+0000] {logging_mixin.py:190} WARNING - /home/airflow/.local/lib/python3.12/site-packages/airflow/task/task_runner/standard_task_runner.py:70 DeprecationWarning: This process (pid=778) is multi-threaded, use of fork() may lead to deadlocks in the child.
[2025-04-19T15:08:26.686+0000] {standard_task_runner.py:72} INFO - Started process 779 to run task
[2025-04-19T15:08:26.686+0000] {standard_task_runner.py:104} INFO - Running: ['airflow', 'tasks', 'run', 'dbt_etl_pipeline_staging', 'dbt_staging', 'scheduled__2025-04-19T15:08:25.774351+00:00', '--job-id', '195', '--raw', '--subdir', 'DAGS_FOLDER/dbt_staging.py', '--cfg-path', '/tmp/tmp6cgw38g0']
[2025-04-19T15:08:26.687+0000] {standard_task_runner.py:105} INFO - Job 195: Subtask dbt_staging
[2025-04-19T15:08:26.856+0000] {task_command.py:467} INFO - Running <TaskInstance: dbt_etl_pipeline_staging.dbt_staging scheduled__2025-04-19T15:08:25.774351+00:00 [running]> on host 27536697ee14
[2025-04-19T15:08:27.125+0000] {taskinstance.py:3134} INFO - Exporting env vars: AIRFLOW_CTX_DAG_OWNER='azizjon' AIRFLOW_CTX_DAG_ID='dbt_etl_pipeline_staging' AIRFLOW_CTX_TASK_ID='dbt_staging' AIRFLOW_CTX_EXECUTION_DATE='2025-04-19T15:08:25.774351+00:00' AIRFLOW_CTX_TRY_NUMBER='1' AIRFLOW_CTX_DAG_RUN_ID='scheduled__2025-04-19T15:08:25.774351+00:00'
[2025-04-19T15:08:27.126+0000] {taskinstance.py:732} INFO - ::endgroup::
[2025-04-19T15:08:27.139+0000] {subprocess.py:78} INFO - Tmp dir root location: /tmp
[2025-04-19T15:08:27.140+0000] {subprocess.py:88} INFO - Running command: ['/usr/bin/bash', '-c', '\n        export PATH=/home/airflow/.local/bin:$PATH\n        cd /opt/airflow/commerce_dbt\n        dbt run --select staging --profiles-dir .\n        ']
[2025-04-19T15:08:27.147+0000] {subprocess.py:99} INFO - Output:
[2025-04-19T15:08:29.948+0000] {subprocess.py:106} INFO - [0m15:08:29  Running with dbt=1.7.0
[2025-04-19T15:08:30.327+0000] {subprocess.py:106} INFO - [0m15:08:30  Registered adapter: postgres=1.7.0
[2025-04-19T15:08:31.348+0000] {subprocess.py:106} INFO - [0m15:08:31  [[33mWARNING[0m]: Configuration paths exist in your dbt_project.yml file which do not apply to any resources.
[2025-04-19T15:08:31.349+0000] {subprocess.py:106} INFO - There are 1 unused configuration paths:
[2025-04-19T15:08:31.350+0000] {subprocess.py:106} INFO - - seeds.initial_dataset
[2025-04-19T15:08:31.406+0000] {subprocess.py:106} INFO - [0m15:08:31  Found 13 models, 1 snapshot, 6 seeds, 43 tests, 6 sources, 0 exposures, 0 metrics, 401 macros, 0 groups, 0 semantic models
[2025-04-19T15:08:31.410+0000] {subprocess.py:106} INFO - [0m15:08:31
[2025-04-19T15:08:31.802+0000] {subprocess.py:106} INFO - [0m15:08:31  Concurrency: 4 threads (target='dev')
[2025-04-19T15:08:31.803+0000] {subprocess.py:106} INFO - [0m15:08:31
[2025-04-19T15:08:31.822+0000] {subprocess.py:106} INFO - [0m15:08:31  1 of 6 START sql table model commerce_staging.stg_customers .................... [RUN]
[2025-04-19T15:08:31.824+0000] {subprocess.py:106} INFO - [0m15:08:31  2 of 6 START sql table model commerce_staging.stg_order_items .................. [RUN]
[2025-04-19T15:08:31.825+0000] {subprocess.py:106} INFO - [0m15:08:31  3 of 6 START sql table model commerce_staging.stg_orders ....................... [RUN]
[2025-04-19T15:08:31.827+0000] {subprocess.py:106} INFO - [0m15:08:31  4 of 6 START sql table model commerce_staging.stg_product_categories ........... [RUN]
[2025-04-19T15:08:32.226+0000] {subprocess.py:106} INFO - [0m15:08:32  4 of 6 OK created sql table model commerce_staging.stg_product_categories ...... [[32mSELECT 4[0m in 0.39s]
[2025-04-19T15:08:32.228+0000] {subprocess.py:106} INFO - [0m15:08:32  1 of 6 OK created sql table model commerce_staging.stg_customers ............... [[32mSELECT 1000[0m in 0.39s]
[2025-04-19T15:08:32.228+0000] {subprocess.py:106} INFO - [0m15:08:32  3 of 6 OK created sql table model commerce_staging.stg_orders .................. [[32mSELECT 7000[0m in 0.39s]
[2025-04-19T15:08:32.229+0000] {subprocess.py:106} INFO - [0m15:08:32  2 of 6 OK created sql table model commerce_staging.stg_order_items ............. [[32mSELECT 10000[0m in 0.40s]
[2025-04-19T15:08:32.237+0000] {subprocess.py:106} INFO - [0m15:08:32  5 of 6 START sql table model commerce_staging.stg_products ..................... [RUN]
[2025-04-19T15:08:32.238+0000] {subprocess.py:106} INFO - [0m15:08:32  6 of 6 START sql table model commerce_staging.stg_stores ....................... [RUN]
[2025-04-19T15:08:32.412+0000] {subprocess.py:106} INFO - [0m15:08:32  6 of 6 OK created sql table model commerce_staging.stg_stores .................. [[32mSELECT 5[0m in 0.17s]
[2025-04-19T15:08:32.424+0000] {subprocess.py:106} INFO - [0m15:08:32  5 of 6 OK created sql table model commerce_staging.stg_products ................ [[32mSELECT 17[0m in 0.18s]
[2025-04-19T15:08:32.499+0000] {subprocess.py:106} INFO - [0m15:08:32
[2025-04-19T15:08:32.500+0000] {subprocess.py:106} INFO - [0m15:08:32  Finished running 6 table models in 0 hours 0 minutes and 1.09 seconds (1.09s).
[2025-04-19T15:08:32.540+0000] {subprocess.py:106} INFO - [0m15:08:32
[2025-04-19T15:08:32.541+0000] {subprocess.py:106} INFO - [0m15:08:32  [32mCompleted successfully[0m
[2025-04-19T15:08:32.543+0000] {subprocess.py:106} INFO - [0m15:08:32
[2025-04-19T15:08:32.544+0000] {subprocess.py:106} INFO - [0m15:08:32  Done. PASS=6 WARN=0 ERROR=0 SKIP=0 TOTAL=6
[2025-04-19T15:08:33.905+0000] {subprocess.py:110} INFO - Command exited with return code 0
[2025-04-19T15:08:34.017+0000] {taskinstance.py:341} INFO - ::group::Post task execution logs
[2025-04-19T15:08:34.018+0000] {taskinstance.py:353} INFO - Marking task as SUCCESS. dag_id=dbt_etl_pipeline_staging, task_id=dbt_staging, run_id=scheduled__2025-04-19T15:08:25.774351+00:00, execution_date=20250419T150825, start_date=20250419T150826, end_date=20250419T150834
[2025-04-19T15:08:34.159+0000] {local_task_job_runner.py:266} INFO - Task exited with return code 0
[2025-04-19T15:08:34.222+0000] {local_task_job_runner.py:245} INFO - ::endgroup::
